2026-02-24 19:16:40.619 INFO: ===========VERIFYING SETTINGS===========
2026-02-24 19:16:40.619 INFO: MACE version: 0.3.14
2026-02-24 19:16:40.753 INFO: CUDA version: 13.0, CUDA device: 0
2026-02-24 19:16:40.778 INFO: ===========LOADING INPUT DATA===========
2026-02-24 19:16:40.779 INFO: Using heads: ['Default']
2026-02-24 19:16:40.779 INFO: Using the key specifications to parse data:
2026-02-24 19:16:40.779 INFO: Default: KeySpecification(info_keys={'energy': 'REF_energy', 'stress': 'REF_stress', 'virials': 'REF_virials', 'dipole': 'dipole', 'head': 'head', 'elec_temp': 'elec_temp', 'total_charge': 'total_charge', 'polarizability': 'polarizability', 'total_spin': 'total_spin'}, arrays_keys={'forces': 'REF_forces', 'charges': 'REF_charges'})
2026-02-24 19:16:40.779 INFO: =============    Processing head Default     ===========
2026-02-24 19:16:40.939 INFO: Training set 1/1 [energy: 500, stress: 0, virials: 0, dipole components: 0, head: 500, elec_temp: 0, total_charge: 0, polarizability: 0, total_spin: 0, forces: 500, charges: 0]
2026-02-24 19:16:40.940 INFO: Total Training set [energy: 500, stress: 0, virials: 0, dipole components: 0, head: 500, elec_temp: 0, total_charge: 0, polarizability: 0, total_spin: 0, forces: 500, charges: 0]
2026-02-24 19:16:40.996 INFO: Validation set 1/1 [energy: 159, stress: 0, virials: 0, dipole components: 0, head: 159, elec_temp: 0, total_charge: 0, polarizability: 0, total_spin: 0, forces: 159, charges: 0]
2026-02-24 19:16:40.996 INFO: Total Validation set [energy: 159, stress: 0, virials: 0, dipole components: 0, head: 159, elec_temp: 0, total_charge: 0, polarizability: 0, total_spin: 0, forces: 159, charges: 0]
2026-02-24 19:16:40.996 INFO: Total number of configurations: train=500, valid=159, tests=[],
2026-02-24 19:16:41.002 INFO: Atomic Numbers used: [np.int64(1), np.int64(8)]
2026-02-24 19:16:41.002 INFO: Isolated Atomic Energies (E0s) not in training file, using command line argument
2026-02-24 19:16:41.002 INFO: Computing average Atomic Energies using least squares regression
2026-02-24 19:16:41.003 INFO: Atomic Energies used (z: eV) for head Default: {1: 52.06388849214724, 8: 26.031944246073625}
2026-02-24 19:16:41.003 INFO: Processing datasets for head 'Default'
2026-02-24 19:16:41.126 INFO: Combining 1 list datasets for head 'Default'
2026-02-24 19:16:41.164 INFO: Combining 1 list datasets for head 'Default_valid'
2026-02-24 19:16:41.164 INFO: Combined validation datasets for Default
2026-02-24 19:16:41.164 INFO: Head 'Default' training dataset size: 500
2026-02-24 19:16:41.165 INFO: Computing average number of neighbors
2026-02-24 19:16:41.442 INFO: Average number of neighbors: 5.52949509890728
2026-02-24 19:16:41.442 INFO: During training the following quantities will be reported: energy, forces
2026-02-24 19:16:41.442 INFO: ===========MODEL DETAILS===========
2026-02-24 19:16:41.544 INFO: Building model
2026-02-24 19:16:41.544 INFO: Message passing with 64 channels and max_L=1 (64x0e+64x1o)
2026-02-24 19:16:41.544 INFO: 2 layers, each with correlation order: 3 (body order: 4) and spherical harmonics up to: l=3
2026-02-24 19:16:41.544 INFO: 8 radial and 5 basis functions
2026-02-24 19:16:41.544 INFO: Radial cutoff: 5.0 A (total receptive field for each atom: 10.0 A)
2026-02-24 19:16:41.544 INFO: Distance transform for radial basis functions: None
2026-02-24 19:16:41.544 INFO: Hidden irreps: 64x0e+64x1o
2026-02-24 19:16:42.195 INFO: Total number of parameters: 213456
2026-02-24 19:16:42.195 INFO: 
2026-02-24 19:16:42.195 INFO: ===========OPTIMIZER INFORMATION===========
2026-02-24 19:16:42.195 INFO: Using ADAM as parameter optimizer
2026-02-24 19:16:42.195 INFO: Batch size: 4
2026-02-24 19:16:42.195 INFO: Using Exponential Moving Average with decay: 0.99
2026-02-24 19:16:42.195 INFO: Number of gradient updates: 18750
2026-02-24 19:16:42.195 INFO: Learning rate: 0.01, weight decay: 5e-07
2026-02-24 19:16:42.195 INFO: WeightedEnergyForcesLoss(energy_weight=1.000, forces_weight=100.000)
2026-02-24 19:16:42.195 INFO: Stage Two (after 111 epochs) with loss function: WeightedEnergyForcesLoss(energy_weight=100.000, forces_weight=10.000), with energy weight : 100.0, forces weight : 10.0 and learning rate : 0.001
2026-02-24 19:16:42.235 INFO: Using gradient clipping with tolerance=10.000
2026-02-24 19:16:42.235 INFO: 
2026-02-24 19:16:42.235 INFO: ===========TRAINING===========
2026-02-24 19:16:42.235 INFO: Started training, reporting errors on validation set
2026-02-24 19:16:42.235 INFO: Loss metrics on validation set
2026-02-24 19:16:47.686 INFO: Initial: head: Default, loss=68.13046902, MAE_E_per_atom=   83.86 meV, MAE_F= 2132.99 meV / A
2026-02-24 19:17:28.354 INFO: Epoch 0: head: Default, loss=68.02350381, MAE_E_per_atom=   81.51 meV, MAE_F= 2131.20 meV / A
2026-02-24 19:18:07.887 INFO: Epoch 1: head: Default, loss=68.01365916, MAE_E_per_atom=   84.43 meV, MAE_F= 2131.06 meV / A
2026-02-24 19:18:47.430 INFO: Epoch 2: head: Default, loss=68.01079710, MAE_E_per_atom=   85.56 meV, MAE_F= 2130.98 meV / A
2026-02-24 19:19:27.055 INFO: Epoch 3: head: Default, loss=68.01585162, MAE_E_per_atom=   84.66 meV, MAE_F= 2131.06 meV / A
2026-02-24 19:20:06.666 INFO: Epoch 4: head: Default, loss=68.00816634, MAE_E_per_atom=   89.50 meV, MAE_F= 2130.96 meV / A
2026-02-24 19:20:46.273 INFO: Epoch 5: head: Default, loss=68.00880295, MAE_E_per_atom=   93.09 meV, MAE_F= 2130.96 meV / A
2026-02-24 19:21:25.795 INFO: Epoch 6: head: Default, loss=68.00544044, MAE_E_per_atom=   91.56 meV, MAE_F= 2130.90 meV / A
2026-02-24 19:22:05.382 INFO: Epoch 7: head: Default, loss=68.01063018, MAE_E_per_atom=   93.52 meV, MAE_F= 2130.95 meV / A
2026-02-24 19:22:44.889 INFO: Epoch 8: head: Default, loss=68.00630733, MAE_E_per_atom=   92.71 meV, MAE_F= 2130.90 meV / A
2026-02-24 19:23:24.392 INFO: Epoch 9: head: Default, loss=68.00305276, MAE_E_per_atom=   94.82 meV, MAE_F= 2130.88 meV / A
2026-02-24 19:24:03.962 INFO: Epoch 10: head: Default, loss=68.00115181, MAE_E_per_atom=   92.78 meV, MAE_F= 2130.88 meV / A
2026-02-24 19:24:43.528 INFO: Epoch 11: head: Default, loss=68.00130181, MAE_E_per_atom=   94.97 meV, MAE_F= 2130.86 meV / A
2026-02-24 19:25:23.102 INFO: Epoch 12: head: Default, loss=67.99971138, MAE_E_per_atom=   95.51 meV, MAE_F= 2130.86 meV / A
2026-02-24 19:26:02.719 INFO: Epoch 13: head: Default, loss=67.99806237, MAE_E_per_atom=   98.29 meV, MAE_F= 2130.87 meV / A
2026-02-24 19:26:42.393 INFO: Epoch 14: head: Default, loss=67.99672295, MAE_E_per_atom=   92.27 meV, MAE_F= 2130.84 meV / A
2026-02-24 19:27:22.064 INFO: Epoch 15: head: Default, loss=67.99546322, MAE_E_per_atom=   94.70 meV, MAE_F= 2130.83 meV / A
2026-02-24 19:28:01.709 INFO: Epoch 16: head: Default, loss=67.99968674, MAE_E_per_atom=   96.55 meV, MAE_F= 2130.87 meV / A
2026-02-24 19:28:41.279 INFO: Epoch 17: head: Default, loss=68.00310566, MAE_E_per_atom=   93.69 meV, MAE_F= 2130.88 meV / A
2026-02-24 19:29:20.874 INFO: Epoch 18: head: Default, loss=67.99873311, MAE_E_per_atom=   94.52 meV, MAE_F= 2130.89 meV / A
2026-02-24 19:30:00.468 INFO: Epoch 19: head: Default, loss=67.99657843, MAE_E_per_atom=   94.57 meV, MAE_F= 2130.87 meV / A
2026-02-24 19:30:40.025 INFO: Epoch 20: head: Default, loss=67.99381538, MAE_E_per_atom=   95.31 meV, MAE_F= 2130.85 meV / A
2026-02-24 19:31:19.643 INFO: Epoch 21: head: Default, loss=67.99843886, MAE_E_per_atom=   96.97 meV, MAE_F= 2130.86 meV / A
2026-02-24 19:31:59.206 INFO: Epoch 22: head: Default, loss=67.99472090, MAE_E_per_atom=   95.23 meV, MAE_F= 2130.82 meV / A
2026-02-24 19:32:38.779 INFO: Epoch 23: head: Default, loss=67.99284532, MAE_E_per_atom=   95.78 meV, MAE_F= 2130.85 meV / A
2026-02-24 19:33:18.417 INFO: Epoch 24: head: Default, loss=67.98845142, MAE_E_per_atom=   95.29 meV, MAE_F= 2130.81 meV / A
2026-02-24 19:33:58.047 INFO: Epoch 25: head: Default, loss=67.98912890, MAE_E_per_atom=   93.28 meV, MAE_F= 2130.76 meV / A
2026-02-24 19:34:37.447 INFO: Epoch 26: head: Default, loss=67.99038038, MAE_E_per_atom=   92.25 meV, MAE_F= 2130.78 meV / A
2026-02-24 19:35:17.059 INFO: Epoch 27: head: Default, loss=67.99081438, MAE_E_per_atom=   92.23 meV, MAE_F= 2130.77 meV / A
2026-02-24 19:35:56.574 INFO: Epoch 28: head: Default, loss=67.98924690, MAE_E_per_atom=   89.63 meV, MAE_F= 2130.79 meV / A
2026-02-24 19:36:36.094 INFO: Epoch 29: head: Default, loss=67.98925091, MAE_E_per_atom=   87.35 meV, MAE_F= 2130.77 meV / A
2026-02-24 19:37:15.598 INFO: Epoch 30: head: Default, loss=67.98909982, MAE_E_per_atom=   89.75 meV, MAE_F= 2130.79 meV / A
2026-02-24 19:37:55.098 INFO: Epoch 31: head: Default, loss=67.98884003, MAE_E_per_atom=   89.48 meV, MAE_F= 2130.76 meV / A
2026-02-24 19:38:34.658 INFO: Epoch 32: head: Default, loss=67.98838615, MAE_E_per_atom=   87.46 meV, MAE_F= 2130.73 meV / A
2026-02-24 19:39:14.261 INFO: Epoch 33: head: Default, loss=67.98654103, MAE_E_per_atom=   88.23 meV, MAE_F= 2130.73 meV / A
2026-02-24 19:39:53.820 INFO: Epoch 34: head: Default, loss=67.98298395, MAE_E_per_atom=   87.19 meV, MAE_F= 2130.72 meV / A
2026-02-24 19:40:33.407 INFO: Epoch 35: head: Default, loss=67.98368496, MAE_E_per_atom=   87.51 meV, MAE_F= 2130.70 meV / A
2026-02-24 19:41:12.920 INFO: Epoch 36: head: Default, loss=67.98058250, MAE_E_per_atom=   87.98 meV, MAE_F= 2130.68 meV / A
2026-02-24 19:41:52.489 INFO: Epoch 37: head: Default, loss=67.98166124, MAE_E_per_atom=   87.70 meV, MAE_F= 2130.68 meV / A
2026-02-24 19:42:32.029 INFO: Epoch 38: head: Default, loss=67.97898267, MAE_E_per_atom=   87.49 meV, MAE_F= 2130.67 meV / A
2026-02-24 19:43:11.647 INFO: Epoch 39: head: Default, loss=67.98080582, MAE_E_per_atom=   85.92 meV, MAE_F= 2130.67 meV / A
2026-02-24 19:43:51.156 INFO: Epoch 40: head: Default, loss=67.97885125, MAE_E_per_atom=   87.78 meV, MAE_F= 2130.62 meV / A
2026-02-24 19:44:30.745 INFO: Epoch 41: head: Default, loss=67.97517813, MAE_E_per_atom=   88.33 meV, MAE_F= 2130.61 meV / A
2026-02-24 19:45:10.340 INFO: Epoch 42: head: Default, loss=67.97431488, MAE_E_per_atom=   88.30 meV, MAE_F= 2130.60 meV / A
2026-02-24 19:45:49.926 INFO: Epoch 43: head: Default, loss=67.97585170, MAE_E_per_atom=   87.91 meV, MAE_F= 2130.57 meV / A
2026-02-24 19:46:29.460 INFO: Epoch 44: head: Default, loss=67.97336205, MAE_E_per_atom=   87.88 meV, MAE_F= 2130.57 meV / A
2026-02-24 19:47:08.904 INFO: Epoch 45: head: Default, loss=67.97227855, MAE_E_per_atom=   87.52 meV, MAE_F= 2130.54 meV / A
2026-02-24 19:47:48.375 INFO: Epoch 46: head: Default, loss=67.97006928, MAE_E_per_atom=   88.02 meV, MAE_F= 2130.55 meV / A
2026-02-24 19:48:27.814 INFO: Epoch 47: head: Default, loss=67.96715133, MAE_E_per_atom=   85.63 meV, MAE_F= 2130.55 meV / A
2026-02-24 19:49:07.475 INFO: Epoch 48: head: Default, loss=67.96688909, MAE_E_per_atom=   86.41 meV, MAE_F= 2130.54 meV / A
2026-02-24 19:49:47.152 INFO: Epoch 49: head: Default, loss=67.96660127, MAE_E_per_atom=   85.41 meV, MAE_F= 2130.56 meV / A
2026-02-24 19:50:26.789 INFO: Epoch 50: head: Default, loss=67.96387778, MAE_E_per_atom=   85.56 meV, MAE_F= 2130.60 meV / A
2026-02-24 19:51:06.460 INFO: Epoch 51: head: Default, loss=67.96372625, MAE_E_per_atom=   85.55 meV, MAE_F= 2130.61 meV / A
2026-02-24 19:51:46.159 INFO: Epoch 52: head: Default, loss=67.96332813, MAE_E_per_atom=   84.60 meV, MAE_F= 2130.67 meV / A
2026-02-24 19:52:25.819 INFO: Epoch 53: head: Default, loss=67.99646918, MAE_E_per_atom=   85.23 meV, MAE_F= 2131.02 meV / A
2026-02-24 19:53:05.375 INFO: Epoch 54: head: Default, loss=67.98061137, MAE_E_per_atom=   84.58 meV, MAE_F= 2130.86 meV / A
2026-02-24 19:53:44.756 INFO: Epoch 55: head: Default, loss=67.95369062, MAE_E_per_atom=   84.09 meV, MAE_F= 2130.55 meV / A
2026-02-24 19:54:24.202 INFO: Epoch 56: head: Default, loss=67.95493578, MAE_E_per_atom=   84.88 meV, MAE_F= 2130.60 meV / A
2026-02-24 19:55:03.599 INFO: Epoch 57: head: Default, loss=67.95564327, MAE_E_per_atom=   84.36 meV, MAE_F= 2130.67 meV / A
2026-02-24 19:55:43.003 INFO: Epoch 58: head: Default, loss=67.95281415, MAE_E_per_atom=   84.15 meV, MAE_F= 2130.65 meV / A
2026-02-24 19:56:22.463 INFO: Epoch 59: head: Default, loss=67.94902224, MAE_E_per_atom=   83.58 meV, MAE_F= 2130.69 meV / A
2026-02-24 19:57:02.014 INFO: Epoch 60: head: Default, loss=67.95125510, MAE_E_per_atom=   83.34 meV, MAE_F= 2130.80 meV / A
2026-02-24 19:57:41.422 INFO: Epoch 61: head: Default, loss=67.94508608, MAE_E_per_atom=   83.36 meV, MAE_F= 2130.67 meV / A
2026-02-24 19:58:20.875 INFO: Epoch 62: head: Default, loss=67.94813084, MAE_E_per_atom=   82.50 meV, MAE_F= 2130.68 meV / A
2026-02-24 19:59:00.275 INFO: Epoch 63: head: Default, loss=67.94563105, MAE_E_per_atom=   82.18 meV, MAE_F= 2130.68 meV / A
2026-02-24 19:59:39.859 INFO: Epoch 64: head: Default, loss=67.94693373, MAE_E_per_atom=   82.70 meV, MAE_F= 2130.80 meV / A
2026-02-24 20:00:19.401 INFO: Epoch 65: head: Default, loss=67.94300863, MAE_E_per_atom=   82.28 meV, MAE_F= 2130.82 meV / A
2026-02-24 20:00:59.000 INFO: Epoch 66: head: Default, loss=67.94768935, MAE_E_per_atom=   81.15 meV, MAE_F= 2130.97 meV / A
2026-02-24 20:01:38.591 INFO: Epoch 67: head: Default, loss=67.94483368, MAE_E_per_atom=   81.41 meV, MAE_F= 2130.90 meV / A
2026-02-24 20:02:18.195 INFO: Epoch 68: head: Default, loss=67.94972751, MAE_E_per_atom=   81.34 meV, MAE_F= 2131.00 meV / A
2026-02-24 20:02:57.791 INFO: Epoch 69: head: Default, loss=67.95059313, MAE_E_per_atom=   81.23 meV, MAE_F= 2131.19 meV / A
2026-02-24 20:03:37.384 INFO: Epoch 70: head: Default, loss=67.95136720, MAE_E_per_atom=   81.39 meV, MAE_F= 2131.17 meV / A
2026-02-24 20:04:16.982 INFO: Epoch 71: head: Default, loss=67.94267588, MAE_E_per_atom=   81.30 meV, MAE_F= 2131.08 meV / A
2026-02-24 20:04:56.685 INFO: Epoch 72: head: Default, loss=67.94459160, MAE_E_per_atom=   81.01 meV, MAE_F= 2131.07 meV / A
2026-02-24 20:05:36.305 INFO: Epoch 73: head: Default, loss=67.94794775, MAE_E_per_atom=   81.49 meV, MAE_F= 2131.18 meV / A
2026-02-24 20:06:15.902 INFO: Epoch 74: head: Default, loss=67.94945580, MAE_E_per_atom=   81.35 meV, MAE_F= 2131.32 meV / A
2026-02-24 20:06:55.447 INFO: Epoch 75: head: Default, loss=67.95431440, MAE_E_per_atom=   81.27 meV, MAE_F= 2131.52 meV / A
2026-02-24 20:07:35.008 INFO: Epoch 76: head: Default, loss=67.95121056, MAE_E_per_atom=   81.13 meV, MAE_F= 2131.54 meV / A
2026-02-24 20:08:14.525 INFO: Epoch 77: head: Default, loss=67.94088627, MAE_E_per_atom=   81.08 meV, MAE_F= 2131.24 meV / A
2026-02-24 20:08:54.113 INFO: Epoch 78: head: Default, loss=67.93660304, MAE_E_per_atom=   80.76 meV, MAE_F= 2131.29 meV / A
2026-02-24 20:09:33.662 INFO: Epoch 79: head: Default, loss=67.94519463, MAE_E_per_atom=   80.99 meV, MAE_F= 2131.43 meV / A
2026-02-24 20:10:13.178 INFO: Epoch 80: head: Default, loss=67.94924018, MAE_E_per_atom=   80.85 meV, MAE_F= 2131.67 meV / A
2026-02-24 20:10:52.689 INFO: Epoch 81: head: Default, loss=67.95031123, MAE_E_per_atom=   80.87 meV, MAE_F= 2131.77 meV / A
2026-02-24 20:11:32.188 INFO: Epoch 82: head: Default, loss=67.95019594, MAE_E_per_atom=   80.71 meV, MAE_F= 2131.94 meV / A
2026-02-24 20:12:11.696 INFO: Epoch 83: head: Default, loss=67.96111657, MAE_E_per_atom=   80.88 meV, MAE_F= 2132.29 meV / A
2026-02-24 20:12:51.261 INFO: Epoch 84: head: Default, loss=67.96306751, MAE_E_per_atom=   80.95 meV, MAE_F= 2132.33 meV / A
2026-02-24 20:13:30.829 INFO: Epoch 85: head: Default, loss=67.97102387, MAE_E_per_atom=   81.06 meV, MAE_F= 2132.55 meV / A
2026-02-24 20:14:10.416 INFO: Epoch 86: head: Default, loss=67.99764818, MAE_E_per_atom=   80.93 meV, MAE_F= 2133.10 meV / A
2026-02-24 20:14:49.968 INFO: Epoch 87: head: Default, loss=68.01261539, MAE_E_per_atom=   80.99 meV, MAE_F= 2133.58 meV / A
2026-02-24 20:15:29.493 INFO: Epoch 88: head: Default, loss=68.04430806, MAE_E_per_atom=   81.14 meV, MAE_F= 2134.25 meV / A
2026-02-24 20:16:09.026 INFO: Epoch 89: head: Default, loss=68.07749224, MAE_E_per_atom=   81.08 meV, MAE_F= 2134.93 meV / A
2026-02-24 20:16:48.545 INFO: Epoch 90: head: Default, loss=68.07257301, MAE_E_per_atom=   81.13 meV, MAE_F= 2135.06 meV / A
2026-02-24 20:17:28.086 INFO: Epoch 91: head: Default, loss=68.11407996, MAE_E_per_atom=   80.62 meV, MAE_F= 2136.09 meV / A
2026-02-24 20:18:07.621 INFO: Epoch 92: head: Default, loss=68.19721726, MAE_E_per_atom=   80.58 meV, MAE_F= 2137.62 meV / A
2026-02-24 20:18:47.158 INFO: Epoch 93: head: Default, loss=68.25922360, MAE_E_per_atom=   81.03 meV, MAE_F= 2138.60 meV / A
2026-02-24 20:19:26.674 INFO: Epoch 94: head: Default, loss=68.33603325, MAE_E_per_atom=   80.76 meV, MAE_F= 2140.20 meV / A
2026-02-24 20:20:06.180 INFO: Epoch 95: head: Default, loss=68.39931942, MAE_E_per_atom=   80.62 meV, MAE_F= 2141.03 meV / A
2026-02-24 20:20:45.707 INFO: Epoch 96: head: Default, loss=68.45782083, MAE_E_per_atom=   80.55 meV, MAE_F= 2141.78 meV / A
2026-02-24 20:21:25.224 INFO: Epoch 97: head: Default, loss=68.57967212, MAE_E_per_atom=   80.59 meV, MAE_F= 2143.61 meV / A
2026-02-24 20:22:04.811 INFO: Epoch 98: head: Default, loss=68.69704655, MAE_E_per_atom=   80.23 meV, MAE_F= 2145.48 meV / A
2026-02-24 20:22:44.406 INFO: Epoch 99: head: Default, loss=68.84846885, MAE_E_per_atom=   80.31 meV, MAE_F= 2147.67 meV / A
2026-02-24 20:23:23.860 INFO: Epoch 100: head: Default, loss=68.96635438, MAE_E_per_atom=   80.05 meV, MAE_F= 2149.55 meV / A
2026-02-24 20:24:03.265 INFO: Epoch 101: head: Default, loss=69.10961789, MAE_E_per_atom=   80.07 meV, MAE_F= 2151.58 meV / A
2026-02-24 20:24:42.738 INFO: Epoch 102: head: Default, loss=69.23654141, MAE_E_per_atom=   79.89 meV, MAE_F= 2153.44 meV / A
2026-02-24 20:25:22.351 INFO: Epoch 103: head: Default, loss=69.40814700, MAE_E_per_atom=   79.99 meV, MAE_F= 2155.56 meV / A
2026-02-24 20:26:01.968 INFO: Epoch 104: head: Default, loss=69.58143596, MAE_E_per_atom=   80.06 meV, MAE_F= 2158.15 meV / A
2026-02-24 20:26:41.586 INFO: Epoch 105: head: Default, loss=69.61599170, MAE_E_per_atom=   80.20 meV, MAE_F= 2158.93 meV / A
2026-02-24 20:27:21.197 INFO: Epoch 106: head: Default, loss=69.80440920, MAE_E_per_atom=   80.38 meV, MAE_F= 2161.33 meV / A
2026-02-24 20:28:00.813 INFO: Epoch 107: head: Default, loss=70.04950716, MAE_E_per_atom=   80.16 meV, MAE_F= 2164.79 meV / A
2026-02-24 20:28:40.421 INFO: Epoch 108: head: Default, loss=70.12000200, MAE_E_per_atom=   80.28 meV, MAE_F= 2165.97 meV / A
2026-02-24 20:28:40.421 INFO: Stopping optimization after 30 epochs without improvement and starting Stage Two
2026-02-24 20:28:40.421 INFO: Changing loss based on Stage Two Weights
2026-02-24 20:29:19.947 INFO: Epoch 112: head: Default, loss=7.19038290, MAE_E_per_atom=   79.46 meV, MAE_F= 2175.37 meV / A
2026-02-24 20:29:59.522 INFO: Epoch 113: head: Default, loss=7.24141200, MAE_E_per_atom=   78.71 meV, MAE_F= 2182.53 meV / A
2026-02-24 20:30:39.075 INFO: Epoch 114: head: Default, loss=7.26364208, MAE_E_per_atom=   78.09 meV, MAE_F= 2185.70 meV / A
2026-02-24 20:31:18.610 INFO: Epoch 115: head: Default, loss=7.27661670, MAE_E_per_atom=   77.72 meV, MAE_F= 2187.57 meV / A
2026-02-24 20:31:58.143 INFO: Epoch 116: head: Default, loss=7.28598205, MAE_E_per_atom=   77.34 meV, MAE_F= 2188.91 meV / A
2026-02-24 20:32:37.681 INFO: Epoch 117: head: Default, loss=7.29711567, MAE_E_per_atom=   77.13 meV, MAE_F= 2190.35 meV / A
2026-02-24 20:33:17.207 INFO: Epoch 118: head: Default, loss=7.30368940, MAE_E_per_atom=   76.86 meV, MAE_F= 2191.29 meV / A
2026-02-24 20:33:56.752 INFO: Epoch 119: head: Default, loss=7.30640439, MAE_E_per_atom=   76.56 meV, MAE_F= 2191.64 meV / A
2026-02-24 20:34:36.305 INFO: Epoch 120: head: Default, loss=7.31268289, MAE_E_per_atom=   76.54 meV, MAE_F= 2192.34 meV / A
2026-02-24 20:35:15.872 INFO: Epoch 121: head: Default, loss=7.31877280, MAE_E_per_atom=   76.33 meV, MAE_F= 2193.14 meV / A
2026-02-24 20:35:55.401 INFO: Epoch 122: head: Default, loss=7.32293458, MAE_E_per_atom=   76.14 meV, MAE_F= 2193.67 meV / A
2026-02-24 20:36:35.030 INFO: Epoch 123: head: Default, loss=7.32544858, MAE_E_per_atom=   76.09 meV, MAE_F= 2193.86 meV / A
2026-02-24 20:37:14.678 INFO: Epoch 124: head: Default, loss=7.32974373, MAE_E_per_atom=   75.96 meV, MAE_F= 2194.36 meV / A
2026-02-24 20:37:54.315 INFO: Epoch 125: head: Default, loss=7.33050582, MAE_E_per_atom=   75.97 meV, MAE_F= 2194.42 meV / A
2026-02-24 20:38:33.790 INFO: Epoch 126: head: Default, loss=7.33823038, MAE_E_per_atom=   75.74 meV, MAE_F= 2195.38 meV / A
2026-02-24 20:39:13.356 INFO: Epoch 127: head: Default, loss=7.34104059, MAE_E_per_atom=   75.64 meV, MAE_F= 2195.72 meV / A
2026-02-24 20:39:52.949 INFO: Epoch 128: head: Default, loss=7.34691367, MAE_E_per_atom=   75.57 meV, MAE_F= 2196.52 meV / A
2026-02-24 20:40:32.531 INFO: Epoch 129: head: Default, loss=7.34734194, MAE_E_per_atom=   75.48 meV, MAE_F= 2196.52 meV / A
2026-02-24 20:41:12.115 INFO: Epoch 130: head: Default, loss=7.35018171, MAE_E_per_atom=   75.41 meV, MAE_F= 2196.74 meV / A
2026-02-24 20:41:51.658 INFO: Epoch 131: head: Default, loss=7.35468196, MAE_E_per_atom=   75.31 meV, MAE_F= 2197.27 meV / A
2026-02-24 20:42:31.230 INFO: Epoch 132: head: Default, loss=7.35570548, MAE_E_per_atom=   75.28 meV, MAE_F= 2197.47 meV / A
2026-02-24 20:43:10.808 INFO: Epoch 133: head: Default, loss=7.35784377, MAE_E_per_atom=   75.24 meV, MAE_F= 2197.66 meV / A
2026-02-24 20:43:50.370 INFO: Epoch 134: head: Default, loss=7.36649367, MAE_E_per_atom=   75.18 meV, MAE_F= 2198.73 meV / A
2026-02-24 20:44:29.932 INFO: Epoch 135: head: Default, loss=7.36729973, MAE_E_per_atom=   75.07 meV, MAE_F= 2198.83 meV / A
2026-02-24 20:45:09.486 INFO: Epoch 136: head: Default, loss=7.37238710, MAE_E_per_atom=   74.93 meV, MAE_F= 2199.41 meV / A
2026-02-24 20:45:49.053 INFO: Epoch 137: head: Default, loss=7.37973146, MAE_E_per_atom=   74.99 meV, MAE_F= 2200.23 meV / A
2026-02-24 20:46:28.690 INFO: Epoch 138: head: Default, loss=7.38415357, MAE_E_per_atom=   74.83 meV, MAE_F= 2200.74 meV / A
2026-02-24 20:47:08.301 INFO: Epoch 139: head: Default, loss=7.38099466, MAE_E_per_atom=   74.87 meV, MAE_F= 2200.35 meV / A
2026-02-24 20:47:47.915 INFO: Epoch 140: head: Default, loss=7.38449355, MAE_E_per_atom=   74.79 meV, MAE_F= 2200.77 meV / A
2026-02-24 20:48:27.549 INFO: Epoch 141: head: Default, loss=7.38793781, MAE_E_per_atom=   74.74 meV, MAE_F= 2201.15 meV / A
2026-02-24 20:49:07.154 INFO: Epoch 142: head: Default, loss=7.39065323, MAE_E_per_atom=   74.76 meV, MAE_F= 2201.41 meV / A
2026-02-24 20:49:07.154 INFO: Stopping optimization after 30 epochs without improvement
2026-02-24 20:49:07.155 INFO: Training complete
2026-02-24 20:49:07.155 INFO: 
2026-02-24 20:49:07.155 INFO: ===========RESULTS===========
2026-02-24 20:49:07.155 INFO: Loading checkpoint: /home/james/MACE-Helper/runs/hypothesis_test/delta_N500_s42/checkpoints/delta_N500_s42_run-42_epoch-78.pt
2026-02-24 20:49:07.166 INFO: Loaded Stage one model from epoch 78 for evaluation
2026-02-24 20:49:07.166 INFO: Saving model to /home/james/MACE-Helper/runs/hypothesis_test/delta_N500_s42/checkpoints/delta_N500_s42_run-42.model
2026-02-24 20:49:07.320 INFO: Compiling model, saving metadata to /home/james/MACE-Helper/runs/hypothesis_test/delta_N500_s42/delta_N500_s42_compiled.model
2026-02-24 20:49:07.699 INFO: Computing metrics for training, validation, and test sets
2026-02-24 20:49:07.699 INFO: Skipping evaluation for heads: ['pt_head']
2026-02-24 20:49:07.699 INFO: Evaluating train_Default ...
2026-02-24 20:49:21.149 INFO: Evaluating valid_Default ...
2026-02-24 20:49:25.514 INFO: Error-table on TRAIN and VALID:
+---------------+--------------------+-----------------+------------------+
|  config_type  | MAE E / meV / atom | MAE F / meV / A | relative F MAE % |
+---------------+--------------------+-----------------+------------------+
| train_Default |          67.9      |       2129.2    |        99.62     |
| valid_Default |          80.8      |       2131.3    |        99.96     |
+---------------+--------------------+-----------------+------------------+
2026-02-24 20:49:25.647 INFO: Loading checkpoint: /home/james/MACE-Helper/runs/hypothesis_test/delta_N500_s42/checkpoints/delta_N500_s42_run-42_epoch-112_swa.pt
2026-02-24 20:49:25.659 INFO: Loaded Stage two model from epoch 112 for evaluation
2026-02-24 20:49:25.659 INFO: Saving model to /home/james/MACE-Helper/runs/hypothesis_test/delta_N500_s42/checkpoints/delta_N500_s42_run-42_stagetwo.model
2026-02-24 20:49:25.808 INFO: Compiling model, saving metadata /home/james/MACE-Helper/runs/hypothesis_test/delta_N500_s42/delta_N500_s42_stagetwo_compiled.model
2026-02-24 20:49:26.140 INFO: Computing metrics for training, validation, and test sets
2026-02-24 20:49:26.140 INFO: Skipping evaluation for heads: ['pt_head']
2026-02-24 20:49:26.140 INFO: Evaluating train_Default ...
2026-02-24 20:49:39.485 INFO: Evaluating valid_Default ...
2026-02-24 20:49:43.826 INFO: Error-table on TRAIN and VALID:
+---------------+--------------------+-----------------+------------------+
|  config_type  | MAE E / meV / atom | MAE F / meV / A | relative F MAE % |
+---------------+--------------------+-----------------+------------------+
| train_Default |          66.8      |       2050.8    |        95.95     |
| valid_Default |          79.5      |       2175.4    |       102.02     |
+---------------+--------------------+-----------------+------------------+
2026-02-24 20:49:43.963 INFO: Done
