2026-02-24 23:46:13.972 INFO: ===========VERIFYING SETTINGS===========
2026-02-24 23:46:13.972 INFO: MACE version: 0.3.14
2026-02-24 23:46:14.104 INFO: CUDA version: 13.0, CUDA device: 0
2026-02-24 23:46:14.131 INFO: ===========LOADING INPUT DATA===========
2026-02-24 23:46:14.131 INFO: Using heads: ['Default']
2026-02-24 23:46:14.131 INFO: Using the key specifications to parse data:
2026-02-24 23:46:14.131 INFO: Default: KeySpecification(info_keys={'energy': 'REF_energy', 'stress': 'REF_stress', 'virials': 'REF_virials', 'dipole': 'dipole', 'head': 'head', 'elec_temp': 'elec_temp', 'total_charge': 'total_charge', 'polarizability': 'polarizability', 'total_spin': 'total_spin'}, arrays_keys={'forces': 'REF_forces', 'charges': 'REF_charges'})
2026-02-24 23:46:14.131 INFO: =============    Processing head Default     ===========
2026-02-24 23:46:14.290 INFO: Training set 1/1 [energy: 500, stress: 0, virials: 0, dipole components: 0, head: 500, elec_temp: 0, total_charge: 0, polarizability: 0, total_spin: 0, forces: 500, charges: 0]
2026-02-24 23:46:14.291 INFO: Total Training set [energy: 500, stress: 0, virials: 0, dipole components: 0, head: 500, elec_temp: 0, total_charge: 0, polarizability: 0, total_spin: 0, forces: 500, charges: 0]
2026-02-24 23:46:14.347 INFO: Validation set 1/1 [energy: 159, stress: 0, virials: 0, dipole components: 0, head: 159, elec_temp: 0, total_charge: 0, polarizability: 0, total_spin: 0, forces: 159, charges: 0]
2026-02-24 23:46:14.347 INFO: Total Validation set [energy: 159, stress: 0, virials: 0, dipole components: 0, head: 159, elec_temp: 0, total_charge: 0, polarizability: 0, total_spin: 0, forces: 159, charges: 0]
2026-02-24 23:46:14.347 INFO: Total number of configurations: train=500, valid=159, tests=[],
2026-02-24 23:46:14.353 INFO: Atomic Numbers used: [np.int64(1), np.int64(8)]
2026-02-24 23:46:14.353 INFO: Isolated Atomic Energies (E0s) not in training file, using command line argument
2026-02-24 23:46:14.353 INFO: Computing average Atomic Energies using least squares regression
2026-02-24 23:46:14.354 INFO: Atomic Energies used (z: eV) for head Default: {1: -6.894289204499998, 8: -3.4471446022499994}
2026-02-24 23:46:14.354 INFO: Processing datasets for head 'Default'
2026-02-24 23:46:14.474 INFO: Combining 1 list datasets for head 'Default'
2026-02-24 23:46:14.511 INFO: Combining 1 list datasets for head 'Default_valid'
2026-02-24 23:46:14.511 INFO: Combined validation datasets for Default
2026-02-24 23:46:14.511 INFO: Head 'Default' training dataset size: 500
2026-02-24 23:46:14.512 INFO: Computing average number of neighbors
2026-02-24 23:46:14.783 INFO: Average number of neighbors: 5.5300625
2026-02-24 23:46:14.783 INFO: During training the following quantities will be reported: energy, forces
2026-02-24 23:46:14.783 INFO: ===========MODEL DETAILS===========
2026-02-24 23:46:14.883 INFO: Building model
2026-02-24 23:46:14.883 INFO: Message passing with 64 channels and max_L=1 (64x0e+64x1o)
2026-02-24 23:46:14.883 INFO: 2 layers, each with correlation order: 3 (body order: 4) and spherical harmonics up to: l=3
2026-02-24 23:46:14.883 INFO: 8 radial and 5 basis functions
2026-02-24 23:46:14.883 INFO: Radial cutoff: 5.0 A (total receptive field for each atom: 10.0 A)
2026-02-24 23:46:14.883 INFO: Distance transform for radial basis functions: None
2026-02-24 23:46:14.883 INFO: Hidden irreps: 64x0e+64x1o
2026-02-24 23:46:15.514 INFO: Total number of parameters: 213456
2026-02-24 23:46:15.514 INFO: 
2026-02-24 23:46:15.514 INFO: ===========OPTIMIZER INFORMATION===========
2026-02-24 23:46:15.514 INFO: Using ADAM as parameter optimizer
2026-02-24 23:46:15.514 INFO: Batch size: 4
2026-02-24 23:46:15.514 INFO: Using Exponential Moving Average with decay: 0.99
2026-02-24 23:46:15.514 INFO: Number of gradient updates: 18750
2026-02-24 23:46:15.514 INFO: Learning rate: 0.01, weight decay: 5e-07
2026-02-24 23:46:15.514 INFO: WeightedEnergyForcesLoss(energy_weight=1.000, forces_weight=100.000)
2026-02-24 23:46:15.514 INFO: Stage Two (after 111 epochs) with loss function: WeightedEnergyForcesLoss(energy_weight=100.000, forces_weight=10.000), with energy weight : 100.0, forces weight : 10.0 and learning rate : 0.001
2026-02-24 23:46:15.554 INFO: Using gradient clipping with tolerance=10.000
2026-02-24 23:46:15.554 INFO: 
2026-02-24 23:46:15.554 INFO: ===========TRAINING===========
2026-02-24 23:46:15.554 INFO: Started training, reporting errors on validation set
2026-02-24 23:46:15.554 INFO: Loss metrics on validation set
2026-02-24 23:46:21.079 INFO: Initial: head: Default, loss=0.02048992, MAE_E_per_atom=    2.45 meV, MAE_F=   28.59 meV / A
2026-02-24 23:47:02.203 INFO: Epoch 0: head: Default, loss=0.00106834, MAE_E_per_atom=   37.23 meV, MAE_F=    5.63 meV / A
2026-02-24 23:47:41.710 INFO: Epoch 1: head: Default, loss=0.00066609, MAE_E_per_atom=   29.35 meV, MAE_F=    4.12 meV / A
2026-02-24 23:48:21.220 INFO: Epoch 2: head: Default, loss=0.00059051, MAE_E_per_atom=   23.42 meV, MAE_F=    3.78 meV / A
2026-02-24 23:49:00.753 INFO: Epoch 3: head: Default, loss=0.00060288, MAE_E_per_atom=   22.78 meV, MAE_F=    3.84 meV / A
2026-02-24 23:49:40.283 INFO: Epoch 4: head: Default, loss=0.00049631, MAE_E_per_atom=   16.19 meV, MAE_F=    3.54 meV / A
2026-02-24 23:50:19.626 INFO: Epoch 5: head: Default, loss=0.00040582, MAE_E_per_atom=    8.96 meV, MAE_F=    3.32 meV / A
2026-02-24 23:50:58.981 INFO: Epoch 6: head: Default, loss=0.00033783, MAE_E_per_atom=    5.79 meV, MAE_F=    3.17 meV / A
2026-02-24 23:51:38.549 INFO: Epoch 7: head: Default, loss=0.00032008, MAE_E_per_atom=    5.09 meV, MAE_F=    3.04 meV / A
2026-02-24 23:52:18.122 INFO: Epoch 8: head: Default, loss=0.00167164, MAE_E_per_atom=   20.88 meV, MAE_F=    8.41 meV / A
2026-02-24 23:52:57.585 INFO: Epoch 9: head: Default, loss=0.00104616, MAE_E_per_atom=   27.90 meV, MAE_F=    5.83 meV / A
2026-02-24 23:53:37.045 INFO: Epoch 10: head: Default, loss=0.00069774, MAE_E_per_atom=   23.63 meV, MAE_F=    4.16 meV / A
2026-02-24 23:54:16.511 INFO: Epoch 11: head: Default, loss=0.00054397, MAE_E_per_atom=   14.16 meV, MAE_F=    3.87 meV / A
2026-02-24 23:54:55.949 INFO: Epoch 12: head: Default, loss=0.00039461, MAE_E_per_atom=    7.90 meV, MAE_F=    3.39 meV / A
2026-02-24 23:55:35.398 INFO: Epoch 13: head: Default, loss=0.00039416, MAE_E_per_atom=    5.80 meV, MAE_F=    3.32 meV / A
2026-02-24 23:56:14.861 INFO: Epoch 14: head: Default, loss=0.00043516, MAE_E_per_atom=    6.47 meV, MAE_F=    3.17 meV / A
2026-02-24 23:56:54.312 INFO: Epoch 15: head: Default, loss=0.00038312, MAE_E_per_atom=    4.40 meV, MAE_F=    3.02 meV / A
2026-02-24 23:57:33.778 INFO: Epoch 16: head: Default, loss=0.00034201, MAE_E_per_atom=    3.31 meV, MAE_F=    2.94 meV / A
2026-02-24 23:58:13.256 INFO: Epoch 17: head: Default, loss=0.00030604, MAE_E_per_atom=    2.36 meV, MAE_F=    2.86 meV / A
2026-02-24 23:58:52.779 INFO: Epoch 18: head: Default, loss=0.00027981, MAE_E_per_atom=    2.31 meV, MAE_F=    2.80 meV / A
2026-02-24 23:59:32.244 INFO: Epoch 19: head: Default, loss=0.00025076, MAE_E_per_atom=    2.02 meV, MAE_F=    2.76 meV / A
2026-02-25 00:00:11.784 INFO: Epoch 20: head: Default, loss=0.00025926, MAE_E_per_atom=    2.14 meV, MAE_F=    2.75 meV / A
2026-02-25 00:00:51.281 INFO: Epoch 21: head: Default, loss=0.00024472, MAE_E_per_atom=    1.93 meV, MAE_F=    2.73 meV / A
2026-02-25 00:01:30.790 INFO: Epoch 22: head: Default, loss=0.00044261, MAE_E_per_atom=    4.84 meV, MAE_F=    3.66 meV / A
2026-02-25 00:02:10.316 INFO: Epoch 23: head: Default, loss=0.00035567, MAE_E_per_atom=    3.09 meV, MAE_F=    3.10 meV / A
2026-02-25 00:02:49.848 INFO: Epoch 24: head: Default, loss=0.00030437, MAE_E_per_atom=    2.67 meV, MAE_F=    2.89 meV / A
2026-02-25 00:03:29.360 INFO: Epoch 25: head: Default, loss=0.00027205, MAE_E_per_atom=    1.96 meV, MAE_F=    2.78 meV / A
2026-02-25 00:04:08.825 INFO: Epoch 26: head: Default, loss=0.00024397, MAE_E_per_atom=    1.44 meV, MAE_F=    2.73 meV / A
2026-02-25 00:04:48.370 INFO: Epoch 27: head: Default, loss=0.00022768, MAE_E_per_atom=    1.22 meV, MAE_F=    2.69 meV / A
2026-02-25 00:05:27.842 INFO: Epoch 28: head: Default, loss=0.00020855, MAE_E_per_atom=    1.08 meV, MAE_F=    2.65 meV / A
2026-02-25 00:06:07.314 INFO: Epoch 29: head: Default, loss=0.00019847, MAE_E_per_atom=    1.11 meV, MAE_F=    2.61 meV / A
2026-02-25 00:06:46.785 INFO: Epoch 30: head: Default, loss=0.00019472, MAE_E_per_atom=    1.16 meV, MAE_F=    2.59 meV / A
2026-02-25 00:07:26.283 INFO: Epoch 31: head: Default, loss=0.00018826, MAE_E_per_atom=    1.03 meV, MAE_F=    2.57 meV / A
2026-02-25 00:08:05.800 INFO: Epoch 32: head: Default, loss=0.00018042, MAE_E_per_atom=    0.92 meV, MAE_F=    2.54 meV / A
2026-02-25 00:08:45.275 INFO: Epoch 33: head: Default, loss=0.00017896, MAE_E_per_atom=    0.83 meV, MAE_F=    2.52 meV / A
2026-02-25 00:09:24.686 INFO: Epoch 34: head: Default, loss=0.00018013, MAE_E_per_atom=    0.91 meV, MAE_F=    2.51 meV / A
2026-02-25 00:10:04.164 INFO: Epoch 35: head: Default, loss=0.00017682, MAE_E_per_atom=    0.83 meV, MAE_F=    2.49 meV / A
2026-02-25 00:10:43.692 INFO: Epoch 36: head: Default, loss=0.00017206, MAE_E_per_atom=    0.74 meV, MAE_F=    2.48 meV / A
2026-02-25 00:11:23.276 INFO: Epoch 37: head: Default, loss=0.00017129, MAE_E_per_atom=    0.62 meV, MAE_F=    2.47 meV / A
2026-02-25 00:12:02.889 INFO: Epoch 38: head: Default, loss=0.00016860, MAE_E_per_atom=    0.70 meV, MAE_F=    2.45 meV / A
2026-02-25 00:12:42.435 INFO: Epoch 39: head: Default, loss=0.00016578, MAE_E_per_atom=    0.75 meV, MAE_F=    2.45 meV / A
2026-02-25 00:13:21.856 INFO: Epoch 40: head: Default, loss=0.00016750, MAE_E_per_atom=    0.78 meV, MAE_F=    2.45 meV / A
2026-02-25 00:14:01.399 INFO: Epoch 41: head: Default, loss=0.00016283, MAE_E_per_atom=    0.56 meV, MAE_F=    2.44 meV / A
2026-02-25 00:14:41.003 INFO: Epoch 42: head: Default, loss=0.00016056, MAE_E_per_atom=    0.53 meV, MAE_F=    2.43 meV / A
2026-02-25 00:15:20.571 INFO: Epoch 43: head: Default, loss=0.00016023, MAE_E_per_atom=    0.57 meV, MAE_F=    2.42 meV / A
2026-02-25 00:16:00.109 INFO: Epoch 44: head: Default, loss=0.00015946, MAE_E_per_atom=    0.52 meV, MAE_F=    2.41 meV / A
2026-02-25 00:16:39.640 INFO: Epoch 45: head: Default, loss=0.00015863, MAE_E_per_atom=    0.56 meV, MAE_F=    2.41 meV / A
2026-02-25 00:17:19.098 INFO: Epoch 46: head: Default, loss=0.00017459, MAE_E_per_atom=    0.80 meV, MAE_F=    2.42 meV / A
2026-02-25 00:17:58.545 INFO: Epoch 47: head: Default, loss=0.00015731, MAE_E_per_atom=    0.58 meV, MAE_F=    2.40 meV / A
2026-02-25 00:18:38.022 INFO: Epoch 48: head: Default, loss=0.00015068, MAE_E_per_atom=    0.53 meV, MAE_F=    2.39 meV / A
2026-02-25 00:19:17.499 INFO: Epoch 49: head: Default, loss=0.00014741, MAE_E_per_atom=    0.51 meV, MAE_F=    2.38 meV / A
2026-02-25 00:19:56.963 INFO: Epoch 50: head: Default, loss=0.00014696, MAE_E_per_atom=    0.52 meV, MAE_F=    2.37 meV / A
2026-02-25 00:20:36.508 INFO: Epoch 51: head: Default, loss=0.00014669, MAE_E_per_atom=    0.55 meV, MAE_F=    2.37 meV / A
2026-02-25 00:21:16.042 INFO: Epoch 52: head: Default, loss=0.00014530, MAE_E_per_atom=    0.43 meV, MAE_F=    2.36 meV / A
2026-02-25 00:21:55.570 INFO: Epoch 53: head: Default, loss=0.00014461, MAE_E_per_atom=    0.57 meV, MAE_F=    2.35 meV / A
2026-02-25 00:22:35.152 INFO: Epoch 54: head: Default, loss=0.00014522, MAE_E_per_atom=    0.51 meV, MAE_F=    2.35 meV / A
2026-02-25 00:23:14.663 INFO: Epoch 55: head: Default, loss=0.00014366, MAE_E_per_atom=    0.40 meV, MAE_F=    2.34 meV / A
2026-02-25 00:23:54.192 INFO: Epoch 56: head: Default, loss=0.00014433, MAE_E_per_atom=    0.60 meV, MAE_F=    2.34 meV / A
2026-02-25 00:24:33.674 INFO: Epoch 57: head: Default, loss=0.00014791, MAE_E_per_atom=    0.63 meV, MAE_F=    2.33 meV / A
2026-02-25 00:25:13.180 INFO: Epoch 58: head: Default, loss=0.00014158, MAE_E_per_atom=    0.66 meV, MAE_F=    2.32 meV / A
2026-02-25 00:25:52.755 INFO: Epoch 59: head: Default, loss=0.00014036, MAE_E_per_atom=    0.57 meV, MAE_F=    2.32 meV / A
2026-02-25 00:26:32.318 INFO: Epoch 60: head: Default, loss=0.00014022, MAE_E_per_atom=    0.50 meV, MAE_F=    2.31 meV / A
2026-02-25 00:27:11.924 INFO: Epoch 61: head: Default, loss=0.00013702, MAE_E_per_atom=    0.52 meV, MAE_F=    2.30 meV / A
2026-02-25 00:27:51.503 INFO: Epoch 62: head: Default, loss=0.00014091, MAE_E_per_atom=    0.53 meV, MAE_F=    2.30 meV / A
2026-02-25 00:28:31.050 INFO: Epoch 63: head: Default, loss=0.00013972, MAE_E_per_atom=    0.45 meV, MAE_F=    2.29 meV / A
2026-02-25 00:29:10.551 INFO: Epoch 64: head: Default, loss=0.00013846, MAE_E_per_atom=    0.51 meV, MAE_F=    2.29 meV / A
2026-02-25 00:29:50.010 INFO: Epoch 65: head: Default, loss=0.00013426, MAE_E_per_atom=    0.35 meV, MAE_F=    2.28 meV / A
2026-02-25 00:30:29.483 INFO: Epoch 66: head: Default, loss=0.00013410, MAE_E_per_atom=    0.44 meV, MAE_F=    2.27 meV / A
2026-02-25 00:31:08.990 INFO: Epoch 67: head: Default, loss=0.00013449, MAE_E_per_atom=    0.44 meV, MAE_F=    2.27 meV / A
2026-02-25 00:31:48.442 INFO: Epoch 68: head: Default, loss=0.00013398, MAE_E_per_atom=    0.37 meV, MAE_F=    2.26 meV / A
2026-02-25 00:32:27.966 INFO: Epoch 69: head: Default, loss=0.00013338, MAE_E_per_atom=    0.39 meV, MAE_F=    2.26 meV / A
2026-02-25 00:33:07.458 INFO: Epoch 70: head: Default, loss=0.00013301, MAE_E_per_atom=    0.39 meV, MAE_F=    2.25 meV / A
2026-02-25 00:33:46.954 INFO: Epoch 71: head: Default, loss=0.00013107, MAE_E_per_atom=    0.43 meV, MAE_F=    2.24 meV / A
2026-02-25 00:34:26.470 INFO: Epoch 72: head: Default, loss=0.00014169, MAE_E_per_atom=    0.59 meV, MAE_F=    2.25 meV / A
2026-02-25 00:35:05.940 INFO: Epoch 73: head: Default, loss=0.00013000, MAE_E_per_atom=    0.39 meV, MAE_F=    2.24 meV / A
2026-02-25 00:35:45.329 INFO: Epoch 74: head: Default, loss=0.00012937, MAE_E_per_atom=    0.56 meV, MAE_F=    2.23 meV / A
2026-02-25 00:36:24.717 INFO: Epoch 75: head: Default, loss=0.00012877, MAE_E_per_atom=    0.37 meV, MAE_F=    2.23 meV / A
2026-02-25 00:37:04.141 INFO: Epoch 76: head: Default, loss=0.00012903, MAE_E_per_atom=    0.33 meV, MAE_F=    2.22 meV / A
2026-02-25 00:37:43.469 INFO: Epoch 77: head: Default, loss=0.00012808, MAE_E_per_atom=    0.40 meV, MAE_F=    2.22 meV / A
2026-02-25 00:38:22.999 INFO: Epoch 78: head: Default, loss=0.00012737, MAE_E_per_atom=    0.37 meV, MAE_F=    2.21 meV / A
2026-02-25 00:39:02.615 INFO: Epoch 79: head: Default, loss=0.00012786, MAE_E_per_atom=    0.39 meV, MAE_F=    2.21 meV / A
2026-02-25 00:39:42.125 INFO: Epoch 80: head: Default, loss=0.00012809, MAE_E_per_atom=    0.34 meV, MAE_F=    2.21 meV / A
2026-02-25 00:40:21.605 INFO: Epoch 81: head: Default, loss=0.00012795, MAE_E_per_atom=    0.45 meV, MAE_F=    2.20 meV / A
2026-02-25 00:41:01.095 INFO: Epoch 82: head: Default, loss=0.00013184, MAE_E_per_atom=    0.35 meV, MAE_F=    2.21 meV / A
2026-02-25 00:41:40.587 INFO: Epoch 83: head: Default, loss=0.00013347, MAE_E_per_atom=    0.44 meV, MAE_F=    2.21 meV / A
2026-02-25 00:42:20.064 INFO: Epoch 84: head: Default, loss=0.00012700, MAE_E_per_atom=    0.44 meV, MAE_F=    2.20 meV / A
2026-02-25 00:42:59.602 INFO: Epoch 85: head: Default, loss=0.00012692, MAE_E_per_atom=    0.26 meV, MAE_F=    2.19 meV / A
2026-02-25 00:43:39.067 INFO: Epoch 86: head: Default, loss=0.00012852, MAE_E_per_atom=    0.38 meV, MAE_F=    2.19 meV / A
2026-02-25 00:44:18.548 INFO: Epoch 87: head: Default, loss=0.00012645, MAE_E_per_atom=    0.35 meV, MAE_F=    2.19 meV / A
2026-02-25 00:44:58.077 INFO: Epoch 88: head: Default, loss=0.00012758, MAE_E_per_atom=    0.45 meV, MAE_F=    2.19 meV / A
2026-02-25 00:45:37.547 INFO: Epoch 89: head: Default, loss=0.00012547, MAE_E_per_atom=    0.53 meV, MAE_F=    2.19 meV / A
2026-02-25 00:46:17.032 INFO: Epoch 90: head: Default, loss=0.00012552, MAE_E_per_atom=    0.42 meV, MAE_F=    2.18 meV / A
2026-02-25 00:46:56.491 INFO: Epoch 91: head: Default, loss=0.00012518, MAE_E_per_atom=    0.36 meV, MAE_F=    2.18 meV / A
2026-02-25 00:47:36.068 INFO: Epoch 92: head: Default, loss=0.00012686, MAE_E_per_atom=    0.46 meV, MAE_F=    2.18 meV / A
2026-02-25 00:48:15.629 INFO: Epoch 93: head: Default, loss=0.00012620, MAE_E_per_atom=    0.40 meV, MAE_F=    2.18 meV / A
2026-02-25 00:48:55.193 INFO: Epoch 94: head: Default, loss=0.00012540, MAE_E_per_atom=    0.41 meV, MAE_F=    2.18 meV / A
2026-02-25 00:49:34.712 INFO: Epoch 95: head: Default, loss=0.00012571, MAE_E_per_atom=    0.35 meV, MAE_F=    2.18 meV / A
2026-02-25 00:50:14.189 INFO: Epoch 96: head: Default, loss=0.00013141, MAE_E_per_atom=    0.41 meV, MAE_F=    2.18 meV / A
2026-02-25 00:50:53.689 INFO: Epoch 97: head: Default, loss=0.00012568, MAE_E_per_atom=    0.38 meV, MAE_F=    2.18 meV / A
2026-02-25 00:51:33.190 INFO: Epoch 98: head: Default, loss=0.00012514, MAE_E_per_atom=    0.34 meV, MAE_F=    2.17 meV / A
2026-02-25 00:52:12.791 INFO: Epoch 99: head: Default, loss=0.00012451, MAE_E_per_atom=    0.34 meV, MAE_F=    2.17 meV / A
2026-02-25 00:52:52.377 INFO: Epoch 100: head: Default, loss=0.00012422, MAE_E_per_atom=    0.27 meV, MAE_F=    2.17 meV / A
2026-02-25 00:53:31.838 INFO: Epoch 101: head: Default, loss=0.00012389, MAE_E_per_atom=    0.28 meV, MAE_F=    2.16 meV / A
2026-02-25 00:54:11.393 INFO: Epoch 102: head: Default, loss=0.00012399, MAE_E_per_atom=    0.32 meV, MAE_F=    2.16 meV / A
2026-02-25 00:54:50.856 INFO: Epoch 103: head: Default, loss=0.00012478, MAE_E_per_atom=    0.42 meV, MAE_F=    2.16 meV / A
2026-02-25 00:55:30.321 INFO: Epoch 104: head: Default, loss=0.00012754, MAE_E_per_atom=    0.38 meV, MAE_F=    2.17 meV / A
2026-02-25 00:56:09.772 INFO: Epoch 105: head: Default, loss=0.00012329, MAE_E_per_atom=    0.53 meV, MAE_F=    2.16 meV / A
2026-02-25 00:56:49.339 INFO: Epoch 106: head: Default, loss=0.00012388, MAE_E_per_atom=    0.29 meV, MAE_F=    2.16 meV / A
2026-02-25 00:57:28.862 INFO: Epoch 107: head: Default, loss=0.00012289, MAE_E_per_atom=    0.41 meV, MAE_F=    2.16 meV / A
2026-02-25 00:58:08.399 INFO: Epoch 108: head: Default, loss=0.00012393, MAE_E_per_atom=    0.38 meV, MAE_F=    2.16 meV / A
2026-02-25 00:58:47.933 INFO: Epoch 109: head: Default, loss=0.00012241, MAE_E_per_atom=    0.47 meV, MAE_F=    2.15 meV / A
2026-02-25 00:59:27.296 INFO: Epoch 110: head: Default, loss=0.00012283, MAE_E_per_atom=    0.30 meV, MAE_F=    2.15 meV / A
2026-02-25 00:59:27.297 INFO: Changing loss based on Stage Two Weights
2026-02-25 01:00:06.651 INFO: Epoch 111: head: Default, loss=0.00001315, MAE_E_per_atom=    0.18 meV, MAE_F=    2.16 meV / A
2026-02-25 01:00:46.062 INFO: Epoch 112: head: Default, loss=0.00001308, MAE_E_per_atom=    0.16 meV, MAE_F=    2.17 meV / A
2026-02-25 01:01:25.651 INFO: Epoch 113: head: Default, loss=0.00001306, MAE_E_per_atom=    0.16 meV, MAE_F=    2.17 meV / A
2026-02-25 01:02:05.227 INFO: Epoch 114: head: Default, loss=0.00001304, MAE_E_per_atom=    0.16 meV, MAE_F=    2.16 meV / A
2026-02-25 01:02:44.710 INFO: Epoch 115: head: Default, loss=0.00001301, MAE_E_per_atom=    0.16 meV, MAE_F=    2.16 meV / A
2026-02-25 01:03:24.214 INFO: Epoch 116: head: Default, loss=0.00001299, MAE_E_per_atom=    0.16 meV, MAE_F=    2.16 meV / A
2026-02-25 01:04:03.705 INFO: Epoch 117: head: Default, loss=0.00001298, MAE_E_per_atom=    0.16 meV, MAE_F=    2.16 meV / A
2026-02-25 01:04:43.190 INFO: Epoch 118: head: Default, loss=0.00001296, MAE_E_per_atom=    0.16 meV, MAE_F=    2.16 meV / A
2026-02-25 01:05:22.721 INFO: Epoch 119: head: Default, loss=0.00001295, MAE_E_per_atom=    0.16 meV, MAE_F=    2.16 meV / A
2026-02-25 01:06:02.288 INFO: Epoch 120: head: Default, loss=0.00001294, MAE_E_per_atom=    0.16 meV, MAE_F=    2.16 meV / A
2026-02-25 01:06:41.835 INFO: Epoch 121: head: Default, loss=0.00001293, MAE_E_per_atom=    0.16 meV, MAE_F=    2.16 meV / A
2026-02-25 01:07:21.316 INFO: Epoch 122: head: Default, loss=0.00001292, MAE_E_per_atom=    0.16 meV, MAE_F=    2.16 meV / A
2026-02-25 01:08:00.930 INFO: Epoch 123: head: Default, loss=0.00001292, MAE_E_per_atom=    0.16 meV, MAE_F=    2.16 meV / A
2026-02-25 01:08:40.563 INFO: Epoch 124: head: Default, loss=0.00001291, MAE_E_per_atom=    0.16 meV, MAE_F=    2.16 meV / A
2026-02-25 01:09:20.145 INFO: Epoch 125: head: Default, loss=0.00001290, MAE_E_per_atom=    0.16 meV, MAE_F=    2.16 meV / A
2026-02-25 01:09:59.741 INFO: Epoch 126: head: Default, loss=0.00001290, MAE_E_per_atom=    0.16 meV, MAE_F=    2.16 meV / A
2026-02-25 01:10:39.322 INFO: Epoch 127: head: Default, loss=0.00001289, MAE_E_per_atom=    0.16 meV, MAE_F=    2.16 meV / A
2026-02-25 01:11:18.729 INFO: Epoch 128: head: Default, loss=0.00001289, MAE_E_per_atom=    0.16 meV, MAE_F=    2.16 meV / A
2026-02-25 01:11:58.164 INFO: Epoch 129: head: Default, loss=0.00001289, MAE_E_per_atom=    0.15 meV, MAE_F=    2.16 meV / A
2026-02-25 01:12:37.594 INFO: Epoch 130: head: Default, loss=0.00001289, MAE_E_per_atom=    0.15 meV, MAE_F=    2.16 meV / A
2026-02-25 01:13:17.067 INFO: Epoch 131: head: Default, loss=0.00001288, MAE_E_per_atom=    0.16 meV, MAE_F=    2.16 meV / A
2026-02-25 01:13:56.708 INFO: Epoch 132: head: Default, loss=0.00001288, MAE_E_per_atom=    0.16 meV, MAE_F=    2.16 meV / A
2026-02-25 01:14:36.289 INFO: Epoch 133: head: Default, loss=0.00001287, MAE_E_per_atom=    0.16 meV, MAE_F=    2.16 meV / A
2026-02-25 01:15:15.799 INFO: Epoch 134: head: Default, loss=0.00001287, MAE_E_per_atom=    0.16 meV, MAE_F=    2.16 meV / A
2026-02-25 01:15:55.277 INFO: Epoch 135: head: Default, loss=0.00001287, MAE_E_per_atom=    0.15 meV, MAE_F=    2.16 meV / A
2026-02-25 01:16:34.774 INFO: Epoch 136: head: Default, loss=0.00001286, MAE_E_per_atom=    0.15 meV, MAE_F=    2.16 meV / A
2026-02-25 01:17:14.288 INFO: Epoch 137: head: Default, loss=0.00001286, MAE_E_per_atom=    0.16 meV, MAE_F=    2.16 meV / A
2026-02-25 01:17:53.772 INFO: Epoch 138: head: Default, loss=0.00001286, MAE_E_per_atom=    0.16 meV, MAE_F=    2.16 meV / A
2026-02-25 01:18:33.330 INFO: Epoch 139: head: Default, loss=0.00001286, MAE_E_per_atom=    0.15 meV, MAE_F=    2.17 meV / A
2026-02-25 01:19:12.821 INFO: Epoch 140: head: Default, loss=0.00001286, MAE_E_per_atom=    0.16 meV, MAE_F=    2.17 meV / A
2026-02-25 01:19:52.294 INFO: Epoch 141: head: Default, loss=0.00001286, MAE_E_per_atom=    0.16 meV, MAE_F=    2.16 meV / A
2026-02-25 01:20:31.828 INFO: Epoch 142: head: Default, loss=0.00001286, MAE_E_per_atom=    0.16 meV, MAE_F=    2.17 meV / A
2026-02-25 01:21:11.397 INFO: Epoch 143: head: Default, loss=0.00001286, MAE_E_per_atom=    0.16 meV, MAE_F=    2.17 meV / A
2026-02-25 01:21:50.892 INFO: Epoch 144: head: Default, loss=0.00001286, MAE_E_per_atom=    0.15 meV, MAE_F=    2.17 meV / A
2026-02-25 01:22:30.350 INFO: Epoch 145: head: Default, loss=0.00001286, MAE_E_per_atom=    0.16 meV, MAE_F=    2.17 meV / A
2026-02-25 01:23:09.812 INFO: Epoch 146: head: Default, loss=0.00001287, MAE_E_per_atom=    0.15 meV, MAE_F=    2.17 meV / A
2026-02-25 01:23:49.296 INFO: Epoch 147: head: Default, loss=0.00001287, MAE_E_per_atom=    0.16 meV, MAE_F=    2.17 meV / A
2026-02-25 01:24:28.773 INFO: Epoch 148: head: Default, loss=0.00001287, MAE_E_per_atom=    0.15 meV, MAE_F=    2.17 meV / A
2026-02-25 01:25:08.273 INFO: Epoch 149: head: Default, loss=0.00001286, MAE_E_per_atom=    0.15 meV, MAE_F=    2.17 meV / A
2026-02-25 01:25:08.273 INFO: Training complete
2026-02-25 01:25:08.273 INFO: 
2026-02-25 01:25:08.273 INFO: ===========RESULTS===========
2026-02-25 01:25:08.274 INFO: Loading checkpoint: /home/james/MACE-Helper/runs/hypothesis_test/direct_N500_s7/checkpoints/direct_N500_s7_run-7_epoch-109.pt
2026-02-25 01:25:08.285 INFO: Loaded Stage one model from epoch 109 for evaluation
2026-02-25 01:25:08.285 INFO: Saving model to /home/james/MACE-Helper/runs/hypothesis_test/direct_N500_s7/checkpoints/direct_N500_s7_run-7.model
2026-02-25 01:25:08.374 INFO: Compiling model, saving metadata to /home/james/MACE-Helper/runs/hypothesis_test/direct_N500_s7/direct_N500_s7_compiled.model
2026-02-25 01:25:08.675 INFO: Computing metrics for training, validation, and test sets
2026-02-25 01:25:08.676 INFO: Skipping evaluation for heads: ['pt_head']
2026-02-25 01:25:08.676 INFO: Evaluating train_Default ...
2026-02-25 01:25:22.051 INFO: Evaluating valid_Default ...
2026-02-25 01:25:26.415 INFO: Error-table on TRAIN and VALID:
+---------------+--------------------+-----------------+------------------+
|  config_type  | MAE E / meV / atom | MAE F / meV / A | relative F MAE % |
+---------------+--------------------+-----------------+------------------+
| train_Default |           0.5      |          2.1    |         7.52     |
| valid_Default |           0.5      |          2.2    |         7.45     |
+---------------+--------------------+-----------------+------------------+
2026-02-25 01:25:26.546 INFO: Loading checkpoint: /home/james/MACE-Helper/runs/hypothesis_test/direct_N500_s7/checkpoints/direct_N500_s7_run-7_epoch-142_swa.pt
2026-02-25 01:25:26.557 INFO: Loaded Stage two model from epoch 142 for evaluation
2026-02-25 01:25:26.557 INFO: Saving model to /home/james/MACE-Helper/runs/hypothesis_test/direct_N500_s7/checkpoints/direct_N500_s7_run-7_stagetwo.model
2026-02-25 01:25:26.659 INFO: Compiling model, saving metadata /home/james/MACE-Helper/runs/hypothesis_test/direct_N500_s7/direct_N500_s7_stagetwo_compiled.model
2026-02-25 01:25:26.956 INFO: Computing metrics for training, validation, and test sets
2026-02-25 01:25:26.957 INFO: Skipping evaluation for heads: ['pt_head']
2026-02-25 01:25:26.957 INFO: Evaluating train_Default ...
2026-02-25 01:25:40.273 INFO: Evaluating valid_Default ...
2026-02-25 01:25:44.611 INFO: Error-table on TRAIN and VALID:
+---------------+--------------------+-----------------+------------------+
|  config_type  | MAE E / meV / atom | MAE F / meV / A | relative F MAE % |
+---------------+--------------------+-----------------+------------------+
| train_Default |           0.2      |          2.1    |         7.57     |
| valid_Default |           0.2      |          2.2    |         7.49     |
+---------------+--------------------+-----------------+------------------+
2026-02-25 01:25:44.749 INFO: Done
