2026-02-25 01:25:49.603 INFO: ===========VERIFYING SETTINGS===========
2026-02-25 01:25:49.603 INFO: MACE version: 0.3.14
2026-02-25 01:25:49.603 DEBUG: Configuration: Namespace(config=None, name='delta_N500_s7', seed=7, work_dir='/home/james/MACE-Helper/runs/hypothesis_test/delta_N500_s7', log_dir='/home/james/MACE-Helper/runs/hypothesis_test/delta_N500_s7/logs', model_dir='/home/james/MACE-Helper/runs/hypothesis_test/delta_N500_s7', checkpoints_dir='/home/james/MACE-Helper/runs/hypothesis_test/delta_N500_s7/checkpoints', results_dir='/home/james/MACE-Helper/runs/hypothesis_test/delta_N500_s7/results', downloads_dir='/home/james/MACE-Helper/runs/hypothesis_test/delta_N500_s7/downloads', device='cuda', default_dtype='float64', distributed=False, launcher='slurm', log_level='INFO', plot=True, plot_frequency=0, plot_interaction_e=False, error_table='PerAtomMAE', model='MACE', r_max=5.0, radial_type='bessel', num_radial_basis=8, num_cutoff_basis=5, pair_repulsion=False, distance_transform='None', apply_cutoff=True, use_last_readout_only=False, use_embedding_readout=False, interaction='RealAgnosticResidualInteractionBlock', interaction_first='RealAgnosticResidualInteractionBlock', max_ell=3, correlation=3, use_reduced_cg=False, use_so3=False, use_agnostic_product=False, num_interactions=2, MLP_irreps='16x0e', radial_MLP='[64, 64, 64]', hidden_irreps='64x0e+64x1o', edge_irreps=None, num_channels=64, max_L=1, gate='silu', scaling='rms_forces_scaling', avg_num_neighbors=1, compute_avg_num_neighbors=True, compute_stress=False, compute_forces=True, compute_polarizability=<function str2bool at 0xf670d04d8f40>, compute_atomic_dipole=<function str2bool at 0xf670d04d8f40>, train_file='/home/james/MACE-Helper/data/delta_N500_s7.xyz', valid_file='/home/james/MACE-Helper/data/valid_delta.xyz', valid_fraction=0.1, test_file=None, test_dir=None, multi_processed_test=False, num_workers=0, pin_memory=True, atomic_numbers=None, mean=None, std=None, statistics_file=None, les_arguments=None, E0s='average', pseudolabel_replay=False, foundation_filter_elements=True, heads=None, multiheads_finetuning=True, foundation_head=None, weight_pt_head=1.0, real_pt_data_ratio_threshold=0.1, num_samples_pt=10000, force_mh_ft_lr=False, subselect_pt='random', filter_type_pt='none', allow_random_padding_pt=True, pt_train_file=None, pt_valid_file=None, foundation_model_elements=False, keep_isolated_atoms=False, energy_key='REF_energy', forces_key='REF_forces', virials_key='REF_virials', stress_key='REF_stress', dipole_key='dipole', polarizability_key='polarizability', head_key='head', charges_key='REF_charges', elec_temp_key='elec_temp', total_spin_key='total_spin', total_charge_key='total_charge', embedding_specs=None, skip_evaluate_heads='pt_head', loss='weighted', forces_weight=100.0, swa_forces_weight=10.0, energy_weight=1.0, swa_energy_weight=100.0, virials_weight=1.0, swa_virials_weight=10.0, stress_weight=1.0, swa_stress_weight=10.0, dipole_weight=1.0, swa_dipole_weight=1.0, swa_polarizability_weight=1.0, polarizability_weight=1.0, config_type_weights='{"Default":1.0}', huber_delta=0.01, optimizer='adam', beta=0.9, batch_size=4, valid_batch_size=10, lr=0.01, swa_lr=0.001, weight_decay=5e-07, amsgrad=True, scheduler='ReduceLROnPlateau', lr_factor=0.8, scheduler_patience=50, lr_scheduler_gamma=0.9993, swa=True, start_swa=111, lbfgs=False, ema=True, ema_decay=0.99, max_num_epochs=150, patience=30, foundation_model=None, foundation_model_readout=True, eval_interval=1, keep_checkpoints=False, save_all_checkpoints=False, restart_latest=False, save_cpu=False, clip_grad=10.0, dry_run=False, enable_cueq=False, only_cueq=False, enable_oeq=False, wandb=False, wandb_dir=None, wandb_project='', wandb_entity='', wandb_name='', wandb_log_hypers=['num_channels', 'max_L', 'correlation', 'lr', 'swa_lr', 'weight_decay', 'batch_size', 'max_num_epochs', 'start_swa', 'energy_weight', 'forces_weight'], key_specification=KeySpecification(info_keys={'energy': 'REF_energy', 'stress': 'REF_stress', 'virials': 'REF_virials', 'dipole': 'dipole', 'head': 'head', 'elec_temp': 'elec_temp', 'total_charge': 'total_charge', 'polarizability': 'polarizability', 'total_spin': 'total_spin'}, arrays_keys={'forces': 'REF_forces', 'charges': 'REF_charges'}))
2026-02-25 01:25:49.741 INFO: CUDA version: 13.0, CUDA device: 0
2026-02-25 01:25:49.762 DEBUG: Popen(['git', 'version'], cwd=/home/james/MACE-Helper, stdin=None, shell=False, universal_newlines=False)
2026-02-25 01:25:49.763 DEBUG: Popen(['git', 'version'], cwd=/home/james/MACE-Helper, stdin=None, shell=False, universal_newlines=False)
2026-02-25 01:25:49.764 DEBUG: sys.platform='linux', git_executable='git'
2026-02-25 01:25:49.764 DEBUG: Popen(['git', 'cat-file', '--batch-check'], cwd=/home/james/MACE-Helper, stdin=<valid stream>, shell=False, universal_newlines=False)
2026-02-25 01:25:49.766 DEBUG: Current Git commit: b67a34373b2c9496342c7e68d6805c9be220955b
2026-02-25 01:25:49.766 INFO: ===========LOADING INPUT DATA===========
2026-02-25 01:25:49.766 INFO: Using heads: ['Default']
2026-02-25 01:25:49.766 INFO: Using the key specifications to parse data:
2026-02-25 01:25:49.766 INFO: Default: KeySpecification(info_keys={'energy': 'REF_energy', 'stress': 'REF_stress', 'virials': 'REF_virials', 'dipole': 'dipole', 'head': 'head', 'elec_temp': 'elec_temp', 'total_charge': 'total_charge', 'polarizability': 'polarizability', 'total_spin': 'total_spin'}, arrays_keys={'forces': 'REF_forces', 'charges': 'REF_charges'})
2026-02-25 01:25:49.766 INFO: =============    Processing head Default     ===========
2026-02-25 01:25:49.766 DEBUG: Loading training file: /home/james/MACE-Helper/data/delta_N500_s7.xyz
2026-02-25 01:25:49.925 INFO: Training set 1/1 [energy: 500, stress: 0, virials: 0, dipole components: 0, head: 500, elec_temp: 0, total_charge: 0, polarizability: 0, total_spin: 0, forces: 500, charges: 0]
2026-02-25 01:25:49.926 INFO: Total Training set [energy: 500, stress: 0, virials: 0, dipole components: 0, head: 500, elec_temp: 0, total_charge: 0, polarizability: 0, total_spin: 0, forces: 500, charges: 0]
2026-02-25 01:25:49.982 INFO: Validation set 1/1 [energy: 159, stress: 0, virials: 0, dipole components: 0, head: 159, elec_temp: 0, total_charge: 0, polarizability: 0, total_spin: 0, forces: 159, charges: 0]
2026-02-25 01:25:49.982 INFO: Total Validation set [energy: 159, stress: 0, virials: 0, dipole components: 0, head: 159, elec_temp: 0, total_charge: 0, polarizability: 0, total_spin: 0, forces: 159, charges: 0]
2026-02-25 01:25:49.982 INFO: Total number of configurations: train=500, valid=159, tests=[],
2026-02-25 01:25:49.988 INFO: Atomic Numbers used: [np.int64(1), np.int64(8)]
2026-02-25 01:25:49.988 INFO: Isolated Atomic Energies (E0s) not in training file, using command line argument
2026-02-25 01:25:49.988 INFO: Computing average Atomic Energies using least squares regression
2026-02-25 01:25:49.989 INFO: Atomic Energies used (z: eV) for head Default: {1: 52.06154581062852, 8: 26.030772905314272}
2026-02-25 01:25:49.989 INFO: Processing datasets for head 'Default'
2026-02-25 01:25:50.110 DEBUG: Successfully loaded dataset from ASE files: ['/home/james/MACE-Helper/data/delta_N500_s7.xyz']
2026-02-25 01:25:50.110 INFO: Combining 1 list datasets for head 'Default'
2026-02-25 01:25:50.148 DEBUG: Successfully loaded validation dataset from ASE files: ['/home/james/MACE-Helper/data/valid_delta.xyz']
2026-02-25 01:25:50.148 INFO: Combining 1 list datasets for head 'Default_valid'
2026-02-25 01:25:50.148 INFO: Combined validation datasets for Default
2026-02-25 01:25:50.148 INFO: Head 'Default' training dataset size: 500
2026-02-25 01:25:50.148 INFO: Computing average number of neighbors
2026-02-25 01:25:50.417 INFO: Average number of neighbors: 5.5300625
2026-02-25 01:25:50.417 INFO: During training the following quantities will be reported: energy, forces
2026-02-25 01:25:50.417 INFO: ===========MODEL DETAILS===========
2026-02-25 01:25:50.516 INFO: Building model
2026-02-25 01:25:50.516 INFO: Message passing with 64 channels and max_L=1 (64x0e+64x1o)
2026-02-25 01:25:50.516 INFO: 2 layers, each with correlation order: 3 (body order: 4) and spherical harmonics up to: l=3
2026-02-25 01:25:50.516 INFO: 8 radial and 5 basis functions
2026-02-25 01:25:50.516 INFO: Radial cutoff: 5.0 A (total receptive field for each atom: 10.0 A)
2026-02-25 01:25:50.517 INFO: Distance transform for radial basis functions: None
2026-02-25 01:25:50.517 INFO: Hidden irreps: 64x0e+64x1o
2026-02-25 01:25:51.167 DEBUG: ScaleShiftMACE(
  (node_embedding): LinearNodeEmbeddingBlock(
    (linear): Linear(2x0e -> 64x0e | 128 weights)
  )
  (radial_embedding): RadialEmbeddingBlock(
    (bessel_fn): BesselBasis(r_max=5.0, num_basis=8, trainable=False)
    (cutoff_fn): PolynomialCutoff(p=5, r_max=5.0)
  )
  (spherical_harmonics): SphericalHarmonics()
  (atomic_energies_fn): AtomicEnergiesBlock(energies=[[52.0615, 26.0308]])
  (interactions): ModuleList(
    (0): RealAgnosticInteractionBlock(
      (linear_up): Linear(64x0e -> 64x0e | 4096 weights)
      (conv_tp): TensorProduct(64x0e x 1x0e+1x1o+1x2e+1x3o -> 64x0e+64x1o+64x2e+64x3o | 256 paths | 256 weights)
      (conv_tp_weights): FullyConnectedNet[8, 64, 64, 64, 256]
      (linear): Linear(64x0e+64x1o+64x2e+64x3o -> 64x0e+64x1o+64x2e+64x3o | 16384 weights)
      (skip_tp): FullyConnectedTensorProduct(64x0e+64x1o+64x2e+64x3o x 2x0e -> 64x0e+64x1o+64x2e+64x3o | 32768 paths | 32768 weights)
      (reshape): reshape_irreps()
    )
    (1): RealAgnosticResidualInteractionBlock(
      (linear_up): Linear(64x0e+64x1o -> 64x0e+64x1o | 8192 weights)
      (conv_tp): TensorProduct(64x0e+64x1o x 1x0e+1x1o+1x2e+1x3o -> 128x0e+192x1o+192x2e+128x3o | 640 paths | 640 weights)
      (conv_tp_weights): FullyConnectedNet[8, 64, 64, 64, 640]
      (linear): Linear(64x0e+64x0e+64x1o+64x1o+64x1o+64x2e+64x2e+64x2e+64x3o+64x3o -> 64x0e+64x1o+64x2e+64x3o | 40960 weights)
      (skip_tp): FullyConnectedTensorProduct(64x0e+64x1o x 2x0e -> 64x0e | 8192 paths | 8192 weights)
      (reshape): reshape_irreps()
    )
  )
  (products): ModuleList(
    (0): EquivariantProductBasisBlock(
      (symmetric_contractions): SymmetricContraction(
        (contractions): ModuleList(
          (0): Contraction(
            (contractions_weighting): ModuleList(
              (0-1): 2 x GraphModule()
            )
            (contractions_features): ModuleList(
              (0-1): 2 x GraphModule()
            )
            (weights): ParameterList(
                (0): Parameter containing: [torch.float64 of size 2x4x64 (cuda:0)]
                (1): Parameter containing: [torch.float64 of size 2x1x64 (cuda:0)]
            )
            (graph_opt_main): GraphModule()
          )
          (1): Contraction(
            (contractions_weighting): ModuleList(
              (0-1): 2 x GraphModule()
            )
            (contractions_features): ModuleList(
              (0-1): 2 x GraphModule()
            )
            (weights): ParameterList(
                (0): Parameter containing: [torch.float64 of size 2x6x64 (cuda:0)]
                (1): Parameter containing: [torch.float64 of size 2x1x64 (cuda:0)]
            )
            (graph_opt_main): GraphModule()
          )
        )
      )
      (linear): Linear(64x0e+64x1o -> 64x0e+64x1o | 8192 weights)
    )
    (1): EquivariantProductBasisBlock(
      (symmetric_contractions): SymmetricContraction(
        (contractions): ModuleList(
          (0): Contraction(
            (contractions_weighting): ModuleList(
              (0-1): 2 x GraphModule()
            )
            (contractions_features): ModuleList(
              (0-1): 2 x GraphModule()
            )
            (weights): ParameterList(
                (0): Parameter containing: [torch.float64 of size 2x4x64 (cuda:0)]
                (1): Parameter containing: [torch.float64 of size 2x1x64 (cuda:0)]
            )
            (graph_opt_main): GraphModule()
          )
        )
      )
      (linear): Linear(64x0e -> 64x0e | 4096 weights)
    )
  )
  (readouts): ModuleList(
    (0): LinearReadoutBlock(
      (linear): Linear(64x0e+64x1o -> 1x0e | 64 weights)
    )
    (1): NonLinearReadoutBlock(
      (linear_1): Linear(64x0e -> 16x0e | 1024 weights)
      (non_linearity): Activation [x] (16x0e -> 16x0e)
      (linear_2): Linear(16x0e -> 1x0e | 16 weights)
    )
  )
  (scale_shift): ScaleShiftBlock(scale=2.5996, shift=0.0000)
)
2026-02-25 01:25:51.168 INFO: Total number of parameters: 213456
2026-02-25 01:25:51.168 INFO: 
2026-02-25 01:25:51.168 INFO: ===========OPTIMIZER INFORMATION===========
2026-02-25 01:25:51.168 INFO: Using ADAM as parameter optimizer
2026-02-25 01:25:51.168 INFO: Batch size: 4
2026-02-25 01:25:51.168 INFO: Using Exponential Moving Average with decay: 0.99
2026-02-25 01:25:51.168 INFO: Number of gradient updates: 18750
2026-02-25 01:25:51.168 INFO: Learning rate: 0.01, weight decay: 5e-07
2026-02-25 01:25:51.168 INFO: WeightedEnergyForcesLoss(energy_weight=1.000, forces_weight=100.000)
2026-02-25 01:25:51.168 INFO: Stage Two (after 111 epochs) with loss function: WeightedEnergyForcesLoss(energy_weight=100.000, forces_weight=10.000), with energy weight : 100.0, forces weight : 10.0 and learning rate : 0.001
2026-02-25 01:25:51.213 INFO: Using gradient clipping with tolerance=10.000
2026-02-25 01:25:51.213 INFO: 
2026-02-25 01:25:51.213 INFO: ===========TRAINING===========
2026-02-25 01:25:51.213 INFO: Started training, reporting errors on validation set
2026-02-25 01:25:51.213 INFO: Loss metrics on validation set
2026-02-25 01:25:56.733 INFO: Initial: head: Default, loss=68.12225842, MAE_E_per_atom=   89.77 meV, MAE_F= 2132.75 meV / A
2026-02-25 01:26:37.314 INFO: Epoch 0: head: Default, loss=68.05160428, MAE_E_per_atom=   81.68 meV, MAE_F= 2131.63 meV / A
2026-02-25 01:26:37.315 DEBUG: Saving checkpoint: /home/james/MACE-Helper/runs/hypothesis_test/delta_N500_s7/checkpoints/delta_N500_s7_run-7_epoch-0.pt
2026-02-25 01:27:16.787 INFO: Epoch 1: head: Default, loss=68.03922594, MAE_E_per_atom=   81.30 meV, MAE_F= 2131.43 meV / A
2026-02-25 01:27:16.787 DEBUG: Deleting old checkpoint file: /home/james/MACE-Helper/runs/hypothesis_test/delta_N500_s7/checkpoints/delta_N500_s7_run-7_epoch-0.pt
2026-02-25 01:27:16.788 DEBUG: Saving checkpoint: /home/james/MACE-Helper/runs/hypothesis_test/delta_N500_s7/checkpoints/delta_N500_s7_run-7_epoch-1.pt
2026-02-25 01:27:56.375 INFO: Epoch 2: head: Default, loss=68.02437891, MAE_E_per_atom=   81.52 meV, MAE_F= 2131.31 meV / A
2026-02-25 01:27:56.376 DEBUG: Deleting old checkpoint file: /home/james/MACE-Helper/runs/hypothesis_test/delta_N500_s7/checkpoints/delta_N500_s7_run-7_epoch-1.pt
2026-02-25 01:27:56.377 DEBUG: Saving checkpoint: /home/james/MACE-Helper/runs/hypothesis_test/delta_N500_s7/checkpoints/delta_N500_s7_run-7_epoch-2.pt
2026-02-25 01:28:35.932 INFO: Epoch 3: head: Default, loss=68.01110114, MAE_E_per_atom=   82.67 meV, MAE_F= 2131.04 meV / A
2026-02-25 01:28:35.933 DEBUG: Deleting old checkpoint file: /home/james/MACE-Helper/runs/hypothesis_test/delta_N500_s7/checkpoints/delta_N500_s7_run-7_epoch-2.pt
2026-02-25 01:28:35.934 DEBUG: Saving checkpoint: /home/james/MACE-Helper/runs/hypothesis_test/delta_N500_s7/checkpoints/delta_N500_s7_run-7_epoch-3.pt
2026-02-25 01:29:15.500 INFO: Epoch 4: head: Default, loss=68.02046051, MAE_E_per_atom=   81.45 meV, MAE_F= 2131.16 meV / A
2026-02-25 01:29:54.981 INFO: Epoch 5: head: Default, loss=68.01657820, MAE_E_per_atom=   82.35 meV, MAE_F= 2131.13 meV / A
2026-02-25 01:30:34.457 INFO: Epoch 6: head: Default, loss=68.01052886, MAE_E_per_atom=   83.98 meV, MAE_F= 2131.02 meV / A
2026-02-25 01:30:34.458 DEBUG: Deleting old checkpoint file: /home/james/MACE-Helper/runs/hypothesis_test/delta_N500_s7/checkpoints/delta_N500_s7_run-7_epoch-3.pt
2026-02-25 01:30:34.459 DEBUG: Saving checkpoint: /home/james/MACE-Helper/runs/hypothesis_test/delta_N500_s7/checkpoints/delta_N500_s7_run-7_epoch-6.pt
2026-02-25 01:31:14.017 INFO: Epoch 7: head: Default, loss=68.00530157, MAE_E_per_atom=   82.87 meV, MAE_F= 2131.00 meV / A
2026-02-25 01:31:14.018 DEBUG: Deleting old checkpoint file: /home/james/MACE-Helper/runs/hypothesis_test/delta_N500_s7/checkpoints/delta_N500_s7_run-7_epoch-6.pt
2026-02-25 01:31:14.019 DEBUG: Saving checkpoint: /home/james/MACE-Helper/runs/hypothesis_test/delta_N500_s7/checkpoints/delta_N500_s7_run-7_epoch-7.pt
2026-02-25 01:31:53.612 INFO: Epoch 8: head: Default, loss=68.01040558, MAE_E_per_atom=   82.74 meV, MAE_F= 2131.04 meV / A
2026-02-25 01:32:33.153 INFO: Epoch 9: head: Default, loss=68.02466191, MAE_E_per_atom=   84.27 meV, MAE_F= 2131.19 meV / A
2026-02-25 01:33:12.665 INFO: Epoch 10: head: Default, loss=68.02593244, MAE_E_per_atom=   84.41 meV, MAE_F= 2131.23 meV / A
2026-02-25 01:33:52.173 INFO: Epoch 11: head: Default, loss=68.02440447, MAE_E_per_atom=   82.50 meV, MAE_F= 2131.20 meV / A
2026-02-25 01:34:31.656 INFO: Epoch 12: head: Default, loss=68.01243128, MAE_E_per_atom=   86.23 meV, MAE_F= 2131.02 meV / A
2026-02-25 01:35:11.138 INFO: Epoch 13: head: Default, loss=68.00901072, MAE_E_per_atom=   86.32 meV, MAE_F= 2130.99 meV / A
2026-02-25 01:35:50.719 INFO: Epoch 14: head: Default, loss=68.00630217, MAE_E_per_atom=   86.83 meV, MAE_F= 2131.00 meV / A
2026-02-25 01:36:30.311 INFO: Epoch 15: head: Default, loss=68.00413996, MAE_E_per_atom=   87.96 meV, MAE_F= 2130.98 meV / A
2026-02-25 01:36:30.312 DEBUG: Deleting old checkpoint file: /home/james/MACE-Helper/runs/hypothesis_test/delta_N500_s7/checkpoints/delta_N500_s7_run-7_epoch-7.pt
2026-02-25 01:36:30.313 DEBUG: Saving checkpoint: /home/james/MACE-Helper/runs/hypothesis_test/delta_N500_s7/checkpoints/delta_N500_s7_run-7_epoch-15.pt
2026-02-25 01:37:09.974 INFO: Epoch 16: head: Default, loss=68.00223551, MAE_E_per_atom=   89.14 meV, MAE_F= 2130.96 meV / A
2026-02-25 01:37:09.975 DEBUG: Deleting old checkpoint file: /home/james/MACE-Helper/runs/hypothesis_test/delta_N500_s7/checkpoints/delta_N500_s7_run-7_epoch-15.pt
2026-02-25 01:37:09.985 DEBUG: Saving checkpoint: /home/james/MACE-Helper/runs/hypothesis_test/delta_N500_s7/checkpoints/delta_N500_s7_run-7_epoch-16.pt
2026-02-25 01:37:49.618 INFO: Epoch 17: head: Default, loss=68.00327966, MAE_E_per_atom=   87.52 meV, MAE_F= 2130.96 meV / A
2026-02-25 01:38:29.152 INFO: Epoch 18: head: Default, loss=68.00132845, MAE_E_per_atom=   88.39 meV, MAE_F= 2130.94 meV / A
2026-02-25 01:38:29.153 DEBUG: Deleting old checkpoint file: /home/james/MACE-Helper/runs/hypothesis_test/delta_N500_s7/checkpoints/delta_N500_s7_run-7_epoch-16.pt
2026-02-25 01:38:29.154 DEBUG: Saving checkpoint: /home/james/MACE-Helper/runs/hypothesis_test/delta_N500_s7/checkpoints/delta_N500_s7_run-7_epoch-18.pt
2026-02-25 01:39:08.676 INFO: Epoch 19: head: Default, loss=68.00107933, MAE_E_per_atom=   90.82 meV, MAE_F= 2130.96 meV / A
2026-02-25 01:39:08.676 DEBUG: Deleting old checkpoint file: /home/james/MACE-Helper/runs/hypothesis_test/delta_N500_s7/checkpoints/delta_N500_s7_run-7_epoch-18.pt
2026-02-25 01:39:08.677 DEBUG: Saving checkpoint: /home/james/MACE-Helper/runs/hypothesis_test/delta_N500_s7/checkpoints/delta_N500_s7_run-7_epoch-19.pt
2026-02-25 01:39:48.230 INFO: Epoch 20: head: Default, loss=68.00046339, MAE_E_per_atom=   89.89 meV, MAE_F= 2130.91 meV / A
2026-02-25 01:39:48.231 DEBUG: Deleting old checkpoint file: /home/james/MACE-Helper/runs/hypothesis_test/delta_N500_s7/checkpoints/delta_N500_s7_run-7_epoch-19.pt
2026-02-25 01:39:48.233 DEBUG: Saving checkpoint: /home/james/MACE-Helper/runs/hypothesis_test/delta_N500_s7/checkpoints/delta_N500_s7_run-7_epoch-20.pt
2026-02-25 01:40:27.799 INFO: Epoch 21: head: Default, loss=67.99628984, MAE_E_per_atom=   93.65 meV, MAE_F= 2130.84 meV / A
2026-02-25 01:40:27.800 DEBUG: Deleting old checkpoint file: /home/james/MACE-Helper/runs/hypothesis_test/delta_N500_s7/checkpoints/delta_N500_s7_run-7_epoch-20.pt
2026-02-25 01:40:27.801 DEBUG: Saving checkpoint: /home/james/MACE-Helper/runs/hypothesis_test/delta_N500_s7/checkpoints/delta_N500_s7_run-7_epoch-21.pt
2026-02-25 01:41:07.387 INFO: Epoch 22: head: Default, loss=67.99922391, MAE_E_per_atom=   92.91 meV, MAE_F= 2130.90 meV / A
2026-02-25 01:41:46.970 INFO: Epoch 23: head: Default, loss=67.99899091, MAE_E_per_atom=   92.20 meV, MAE_F= 2130.88 meV / A
2026-02-25 01:42:26.532 INFO: Epoch 24: head: Default, loss=67.99542882, MAE_E_per_atom=   89.85 meV, MAE_F= 2130.90 meV / A
2026-02-25 01:42:26.533 DEBUG: Deleting old checkpoint file: /home/james/MACE-Helper/runs/hypothesis_test/delta_N500_s7/checkpoints/delta_N500_s7_run-7_epoch-21.pt
2026-02-25 01:42:26.534 DEBUG: Saving checkpoint: /home/james/MACE-Helper/runs/hypothesis_test/delta_N500_s7/checkpoints/delta_N500_s7_run-7_epoch-24.pt
2026-02-25 01:43:06.157 INFO: Epoch 25: head: Default, loss=67.99221944, MAE_E_per_atom=   88.78 meV, MAE_F= 2130.84 meV / A
2026-02-25 01:43:06.158 DEBUG: Deleting old checkpoint file: /home/james/MACE-Helper/runs/hypothesis_test/delta_N500_s7/checkpoints/delta_N500_s7_run-7_epoch-24.pt
2026-02-25 01:43:06.159 DEBUG: Saving checkpoint: /home/james/MACE-Helper/runs/hypothesis_test/delta_N500_s7/checkpoints/delta_N500_s7_run-7_epoch-25.pt
2026-02-25 01:43:45.791 INFO: Epoch 26: head: Default, loss=67.99577652, MAE_E_per_atom=   90.62 meV, MAE_F= 2130.86 meV / A
2026-02-25 01:44:25.338 INFO: Epoch 27: head: Default, loss=67.99106512, MAE_E_per_atom=   89.15 meV, MAE_F= 2130.81 meV / A
2026-02-25 01:44:25.339 DEBUG: Deleting old checkpoint file: /home/james/MACE-Helper/runs/hypothesis_test/delta_N500_s7/checkpoints/delta_N500_s7_run-7_epoch-25.pt
2026-02-25 01:44:25.339 DEBUG: Saving checkpoint: /home/james/MACE-Helper/runs/hypothesis_test/delta_N500_s7/checkpoints/delta_N500_s7_run-7_epoch-27.pt
2026-02-25 01:45:04.929 INFO: Epoch 28: head: Default, loss=67.99037418, MAE_E_per_atom=   88.95 meV, MAE_F= 2130.82 meV / A
2026-02-25 01:45:04.930 DEBUG: Deleting old checkpoint file: /home/james/MACE-Helper/runs/hypothesis_test/delta_N500_s7/checkpoints/delta_N500_s7_run-7_epoch-27.pt
2026-02-25 01:45:04.931 DEBUG: Saving checkpoint: /home/james/MACE-Helper/runs/hypothesis_test/delta_N500_s7/checkpoints/delta_N500_s7_run-7_epoch-28.pt
2026-02-25 01:45:44.495 INFO: Epoch 29: head: Default, loss=67.98774755, MAE_E_per_atom=   88.77 meV, MAE_F= 2130.79 meV / A
2026-02-25 01:45:44.496 DEBUG: Deleting old checkpoint file: /home/james/MACE-Helper/runs/hypothesis_test/delta_N500_s7/checkpoints/delta_N500_s7_run-7_epoch-28.pt
2026-02-25 01:45:44.497 DEBUG: Saving checkpoint: /home/james/MACE-Helper/runs/hypothesis_test/delta_N500_s7/checkpoints/delta_N500_s7_run-7_epoch-29.pt
2026-02-25 01:46:23.940 INFO: Epoch 30: head: Default, loss=67.98642766, MAE_E_per_atom=   89.60 meV, MAE_F= 2130.79 meV / A
2026-02-25 01:46:23.941 DEBUG: Deleting old checkpoint file: /home/james/MACE-Helper/runs/hypothesis_test/delta_N500_s7/checkpoints/delta_N500_s7_run-7_epoch-29.pt
2026-02-25 01:46:23.942 DEBUG: Saving checkpoint: /home/james/MACE-Helper/runs/hypothesis_test/delta_N500_s7/checkpoints/delta_N500_s7_run-7_epoch-30.pt
2026-02-25 01:47:03.561 INFO: Epoch 31: head: Default, loss=67.98675778, MAE_E_per_atom=   89.79 meV, MAE_F= 2130.81 meV / A
2026-02-25 01:47:43.131 INFO: Epoch 32: head: Default, loss=67.98889663, MAE_E_per_atom=   89.42 meV, MAE_F= 2130.76 meV / A
2026-02-25 01:48:22.694 INFO: Epoch 33: head: Default, loss=67.98427992, MAE_E_per_atom=   88.33 meV, MAE_F= 2130.72 meV / A
2026-02-25 01:48:22.695 DEBUG: Deleting old checkpoint file: /home/james/MACE-Helper/runs/hypothesis_test/delta_N500_s7/checkpoints/delta_N500_s7_run-7_epoch-30.pt
2026-02-25 01:48:22.696 DEBUG: Saving checkpoint: /home/james/MACE-Helper/runs/hypothesis_test/delta_N500_s7/checkpoints/delta_N500_s7_run-7_epoch-33.pt
2026-02-25 01:49:02.265 INFO: Epoch 34: head: Default, loss=67.98297249, MAE_E_per_atom=   86.20 meV, MAE_F= 2130.72 meV / A
2026-02-25 01:49:02.266 DEBUG: Deleting old checkpoint file: /home/james/MACE-Helper/runs/hypothesis_test/delta_N500_s7/checkpoints/delta_N500_s7_run-7_epoch-33.pt
2026-02-25 01:49:02.268 DEBUG: Saving checkpoint: /home/james/MACE-Helper/runs/hypothesis_test/delta_N500_s7/checkpoints/delta_N500_s7_run-7_epoch-34.pt
2026-02-25 01:49:41.842 INFO: Epoch 35: head: Default, loss=67.98060848, MAE_E_per_atom=   86.00 meV, MAE_F= 2130.66 meV / A
2026-02-25 01:49:41.843 DEBUG: Deleting old checkpoint file: /home/james/MACE-Helper/runs/hypothesis_test/delta_N500_s7/checkpoints/delta_N500_s7_run-7_epoch-34.pt
2026-02-25 01:49:41.844 DEBUG: Saving checkpoint: /home/james/MACE-Helper/runs/hypothesis_test/delta_N500_s7/checkpoints/delta_N500_s7_run-7_epoch-35.pt
2026-02-25 01:50:21.419 INFO: Epoch 36: head: Default, loss=67.97820867, MAE_E_per_atom=   87.34 meV, MAE_F= 2130.71 meV / A
2026-02-25 01:50:21.420 DEBUG: Deleting old checkpoint file: /home/james/MACE-Helper/runs/hypothesis_test/delta_N500_s7/checkpoints/delta_N500_s7_run-7_epoch-35.pt
2026-02-25 01:50:21.421 DEBUG: Saving checkpoint: /home/james/MACE-Helper/runs/hypothesis_test/delta_N500_s7/checkpoints/delta_N500_s7_run-7_epoch-36.pt
2026-02-25 01:51:01.028 INFO: Epoch 37: head: Default, loss=67.97350834, MAE_E_per_atom=   86.97 meV, MAE_F= 2130.63 meV / A
2026-02-25 01:51:01.028 DEBUG: Deleting old checkpoint file: /home/james/MACE-Helper/runs/hypothesis_test/delta_N500_s7/checkpoints/delta_N500_s7_run-7_epoch-36.pt
2026-02-25 01:51:01.030 DEBUG: Saving checkpoint: /home/james/MACE-Helper/runs/hypothesis_test/delta_N500_s7/checkpoints/delta_N500_s7_run-7_epoch-37.pt
2026-02-25 01:51:40.637 INFO: Epoch 38: head: Default, loss=67.97631351, MAE_E_per_atom=   85.72 meV, MAE_F= 2130.70 meV / A
2026-02-25 01:52:20.214 INFO: Epoch 39: head: Default, loss=67.97139758, MAE_E_per_atom=   86.00 meV, MAE_F= 2130.63 meV / A
2026-02-25 01:52:20.215 DEBUG: Deleting old checkpoint file: /home/james/MACE-Helper/runs/hypothesis_test/delta_N500_s7/checkpoints/delta_N500_s7_run-7_epoch-37.pt
2026-02-25 01:52:20.216 DEBUG: Saving checkpoint: /home/james/MACE-Helper/runs/hypothesis_test/delta_N500_s7/checkpoints/delta_N500_s7_run-7_epoch-39.pt
2026-02-25 01:52:59.776 INFO: Epoch 40: head: Default, loss=67.97418937, MAE_E_per_atom=   85.61 meV, MAE_F= 2130.66 meV / A
2026-02-25 01:53:39.336 INFO: Epoch 41: head: Default, loss=67.96597007, MAE_E_per_atom=   84.56 meV, MAE_F= 2130.59 meV / A
2026-02-25 01:53:39.337 DEBUG: Deleting old checkpoint file: /home/james/MACE-Helper/runs/hypothesis_test/delta_N500_s7/checkpoints/delta_N500_s7_run-7_epoch-39.pt
2026-02-25 01:53:39.338 DEBUG: Saving checkpoint: /home/james/MACE-Helper/runs/hypothesis_test/delta_N500_s7/checkpoints/delta_N500_s7_run-7_epoch-41.pt
2026-02-25 01:54:18.893 INFO: Epoch 42: head: Default, loss=67.96223190, MAE_E_per_atom=   83.24 meV, MAE_F= 2130.61 meV / A
2026-02-25 01:54:18.894 DEBUG: Deleting old checkpoint file: /home/james/MACE-Helper/runs/hypothesis_test/delta_N500_s7/checkpoints/delta_N500_s7_run-7_epoch-41.pt
2026-02-25 01:54:18.895 DEBUG: Saving checkpoint: /home/james/MACE-Helper/runs/hypothesis_test/delta_N500_s7/checkpoints/delta_N500_s7_run-7_epoch-42.pt
2026-02-25 01:54:58.483 INFO: Epoch 43: head: Default, loss=67.95968383, MAE_E_per_atom=   83.12 meV, MAE_F= 2130.58 meV / A
2026-02-25 01:54:58.484 DEBUG: Deleting old checkpoint file: /home/james/MACE-Helper/runs/hypothesis_test/delta_N500_s7/checkpoints/delta_N500_s7_run-7_epoch-42.pt
2026-02-25 01:54:58.485 DEBUG: Saving checkpoint: /home/james/MACE-Helper/runs/hypothesis_test/delta_N500_s7/checkpoints/delta_N500_s7_run-7_epoch-43.pt
2026-02-25 01:55:38.017 INFO: Epoch 44: head: Default, loss=67.96517055, MAE_E_per_atom=   82.98 meV, MAE_F= 2130.57 meV / A
2026-02-25 01:56:17.497 INFO: Epoch 45: head: Default, loss=67.96250877, MAE_E_per_atom=   83.85 meV, MAE_F= 2130.66 meV / A
2026-02-25 01:56:57.077 INFO: Epoch 46: head: Default, loss=67.95797930, MAE_E_per_atom=   83.38 meV, MAE_F= 2130.64 meV / A
2026-02-25 01:56:57.077 DEBUG: Deleting old checkpoint file: /home/james/MACE-Helper/runs/hypothesis_test/delta_N500_s7/checkpoints/delta_N500_s7_run-7_epoch-43.pt
2026-02-25 01:56:57.078 DEBUG: Saving checkpoint: /home/james/MACE-Helper/runs/hypothesis_test/delta_N500_s7/checkpoints/delta_N500_s7_run-7_epoch-46.pt
2026-02-25 01:57:36.741 INFO: Epoch 47: head: Default, loss=67.95853726, MAE_E_per_atom=   84.08 meV, MAE_F= 2130.62 meV / A
2026-02-25 01:58:16.321 INFO: Epoch 48: head: Default, loss=67.95186691, MAE_E_per_atom=   83.55 meV, MAE_F= 2130.52 meV / A
2026-02-25 01:58:16.322 DEBUG: Deleting old checkpoint file: /home/james/MACE-Helper/runs/hypothesis_test/delta_N500_s7/checkpoints/delta_N500_s7_run-7_epoch-46.pt
2026-02-25 01:58:16.323 DEBUG: Saving checkpoint: /home/james/MACE-Helper/runs/hypothesis_test/delta_N500_s7/checkpoints/delta_N500_s7_run-7_epoch-48.pt
2026-02-25 01:58:55.931 INFO: Epoch 49: head: Default, loss=67.95223879, MAE_E_per_atom=   82.27 meV, MAE_F= 2130.59 meV / A
2026-02-25 01:59:35.521 INFO: Epoch 50: head: Default, loss=67.95228775, MAE_E_per_atom=   81.71 meV, MAE_F= 2130.65 meV / A
2026-02-25 02:00:15.105 INFO: Epoch 51: head: Default, loss=67.94714496, MAE_E_per_atom=   81.52 meV, MAE_F= 2130.57 meV / A
2026-02-25 02:00:15.106 DEBUG: Deleting old checkpoint file: /home/james/MACE-Helper/runs/hypothesis_test/delta_N500_s7/checkpoints/delta_N500_s7_run-7_epoch-48.pt
2026-02-25 02:00:15.107 DEBUG: Saving checkpoint: /home/james/MACE-Helper/runs/hypothesis_test/delta_N500_s7/checkpoints/delta_N500_s7_run-7_epoch-51.pt
2026-02-25 02:00:54.724 INFO: Epoch 52: head: Default, loss=67.94352479, MAE_E_per_atom=   81.81 meV, MAE_F= 2130.56 meV / A
2026-02-25 02:00:54.725 DEBUG: Deleting old checkpoint file: /home/james/MACE-Helper/runs/hypothesis_test/delta_N500_s7/checkpoints/delta_N500_s7_run-7_epoch-51.pt
2026-02-25 02:00:54.726 DEBUG: Saving checkpoint: /home/james/MACE-Helper/runs/hypothesis_test/delta_N500_s7/checkpoints/delta_N500_s7_run-7_epoch-52.pt
2026-02-25 02:01:34.376 INFO: Epoch 53: head: Default, loss=67.94016934, MAE_E_per_atom=   80.94 meV, MAE_F= 2130.60 meV / A
2026-02-25 02:01:34.377 DEBUG: Deleting old checkpoint file: /home/james/MACE-Helper/runs/hypothesis_test/delta_N500_s7/checkpoints/delta_N500_s7_run-7_epoch-52.pt
2026-02-25 02:01:34.378 DEBUG: Saving checkpoint: /home/james/MACE-Helper/runs/hypothesis_test/delta_N500_s7/checkpoints/delta_N500_s7_run-7_epoch-53.pt
2026-02-25 02:02:14.021 INFO: Epoch 54: head: Default, loss=67.93943272, MAE_E_per_atom=   80.62 meV, MAE_F= 2130.53 meV / A
2026-02-25 02:02:14.022 DEBUG: Deleting old checkpoint file: /home/james/MACE-Helper/runs/hypothesis_test/delta_N500_s7/checkpoints/delta_N500_s7_run-7_epoch-53.pt
2026-02-25 02:02:14.023 DEBUG: Saving checkpoint: /home/james/MACE-Helper/runs/hypothesis_test/delta_N500_s7/checkpoints/delta_N500_s7_run-7_epoch-54.pt
2026-02-25 02:02:53.452 INFO: Epoch 55: head: Default, loss=67.94646636, MAE_E_per_atom=   80.73 meV, MAE_F= 2130.64 meV / A
2026-02-25 02:03:33.011 INFO: Epoch 56: head: Default, loss=67.93768965, MAE_E_per_atom=   81.10 meV, MAE_F= 2130.55 meV / A
2026-02-25 02:03:33.011 DEBUG: Deleting old checkpoint file: /home/james/MACE-Helper/runs/hypothesis_test/delta_N500_s7/checkpoints/delta_N500_s7_run-7_epoch-54.pt
2026-02-25 02:03:33.013 DEBUG: Saving checkpoint: /home/james/MACE-Helper/runs/hypothesis_test/delta_N500_s7/checkpoints/delta_N500_s7_run-7_epoch-56.pt
2026-02-25 02:04:12.462 INFO: Epoch 57: head: Default, loss=67.93447383, MAE_E_per_atom=   81.23 meV, MAE_F= 2130.61 meV / A
2026-02-25 02:04:12.463 DEBUG: Deleting old checkpoint file: /home/james/MACE-Helper/runs/hypothesis_test/delta_N500_s7/checkpoints/delta_N500_s7_run-7_epoch-56.pt
2026-02-25 02:04:12.464 DEBUG: Saving checkpoint: /home/james/MACE-Helper/runs/hypothesis_test/delta_N500_s7/checkpoints/delta_N500_s7_run-7_epoch-57.pt
2026-02-25 02:04:52.111 INFO: Epoch 58: head: Default, loss=67.93344775, MAE_E_per_atom=   81.27 meV, MAE_F= 2130.71 meV / A
2026-02-25 02:04:52.111 DEBUG: Deleting old checkpoint file: /home/james/MACE-Helper/runs/hypothesis_test/delta_N500_s7/checkpoints/delta_N500_s7_run-7_epoch-57.pt
2026-02-25 02:04:52.113 DEBUG: Saving checkpoint: /home/james/MACE-Helper/runs/hypothesis_test/delta_N500_s7/checkpoints/delta_N500_s7_run-7_epoch-58.pt
2026-02-25 02:05:31.734 INFO: Epoch 59: head: Default, loss=67.93254152, MAE_E_per_atom=   81.05 meV, MAE_F= 2130.72 meV / A
2026-02-25 02:05:31.735 DEBUG: Deleting old checkpoint file: /home/james/MACE-Helper/runs/hypothesis_test/delta_N500_s7/checkpoints/delta_N500_s7_run-7_epoch-58.pt
2026-02-25 02:05:31.736 DEBUG: Saving checkpoint: /home/james/MACE-Helper/runs/hypothesis_test/delta_N500_s7/checkpoints/delta_N500_s7_run-7_epoch-59.pt
2026-02-25 02:06:11.174 INFO: Epoch 60: head: Default, loss=67.92934620, MAE_E_per_atom=   80.93 meV, MAE_F= 2130.82 meV / A
2026-02-25 02:06:11.175 DEBUG: Deleting old checkpoint file: /home/james/MACE-Helper/runs/hypothesis_test/delta_N500_s7/checkpoints/delta_N500_s7_run-7_epoch-59.pt
2026-02-25 02:06:11.176 DEBUG: Saving checkpoint: /home/james/MACE-Helper/runs/hypothesis_test/delta_N500_s7/checkpoints/delta_N500_s7_run-7_epoch-60.pt
2026-02-25 02:06:50.625 INFO: Epoch 61: head: Default, loss=67.92163227, MAE_E_per_atom=   81.34 meV, MAE_F= 2130.82 meV / A
2026-02-25 02:06:50.626 DEBUG: Deleting old checkpoint file: /home/james/MACE-Helper/runs/hypothesis_test/delta_N500_s7/checkpoints/delta_N500_s7_run-7_epoch-60.pt
2026-02-25 02:06:50.627 DEBUG: Saving checkpoint: /home/james/MACE-Helper/runs/hypothesis_test/delta_N500_s7/checkpoints/delta_N500_s7_run-7_epoch-61.pt
2026-02-25 02:07:30.204 INFO: Epoch 62: head: Default, loss=67.91595166, MAE_E_per_atom=   80.81 meV, MAE_F= 2130.66 meV / A
2026-02-25 02:07:30.205 DEBUG: Deleting old checkpoint file: /home/james/MACE-Helper/runs/hypothesis_test/delta_N500_s7/checkpoints/delta_N500_s7_run-7_epoch-61.pt
2026-02-25 02:07:30.207 DEBUG: Saving checkpoint: /home/james/MACE-Helper/runs/hypothesis_test/delta_N500_s7/checkpoints/delta_N500_s7_run-7_epoch-62.pt
2026-02-25 02:08:09.792 INFO: Epoch 63: head: Default, loss=67.91505484, MAE_E_per_atom=   81.02 meV, MAE_F= 2130.70 meV / A
2026-02-25 02:08:09.793 DEBUG: Deleting old checkpoint file: /home/james/MACE-Helper/runs/hypothesis_test/delta_N500_s7/checkpoints/delta_N500_s7_run-7_epoch-62.pt
2026-02-25 02:08:09.794 DEBUG: Saving checkpoint: /home/james/MACE-Helper/runs/hypothesis_test/delta_N500_s7/checkpoints/delta_N500_s7_run-7_epoch-63.pt
2026-02-25 02:08:49.373 INFO: Epoch 64: head: Default, loss=67.90634944, MAE_E_per_atom=   80.90 meV, MAE_F= 2130.54 meV / A
2026-02-25 02:08:49.374 DEBUG: Deleting old checkpoint file: /home/james/MACE-Helper/runs/hypothesis_test/delta_N500_s7/checkpoints/delta_N500_s7_run-7_epoch-63.pt
2026-02-25 02:08:49.376 DEBUG: Saving checkpoint: /home/james/MACE-Helper/runs/hypothesis_test/delta_N500_s7/checkpoints/delta_N500_s7_run-7_epoch-64.pt
2026-02-25 02:09:28.957 INFO: Epoch 65: head: Default, loss=67.91087331, MAE_E_per_atom=   80.96 meV, MAE_F= 2130.85 meV / A
2026-02-25 02:10:08.461 INFO: Epoch 66: head: Default, loss=67.91057824, MAE_E_per_atom=   80.60 meV, MAE_F= 2131.04 meV / A
2026-02-25 02:10:47.939 INFO: Epoch 67: head: Default, loss=67.90428910, MAE_E_per_atom=   81.21 meV, MAE_F= 2131.12 meV / A
2026-02-25 02:10:47.940 DEBUG: Deleting old checkpoint file: /home/james/MACE-Helper/runs/hypothesis_test/delta_N500_s7/checkpoints/delta_N500_s7_run-7_epoch-64.pt
2026-02-25 02:10:47.941 DEBUG: Saving checkpoint: /home/james/MACE-Helper/runs/hypothesis_test/delta_N500_s7/checkpoints/delta_N500_s7_run-7_epoch-67.pt
2026-02-25 02:11:27.497 INFO: Epoch 68: head: Default, loss=67.90405912, MAE_E_per_atom=   81.39 meV, MAE_F= 2131.21 meV / A
2026-02-25 02:11:27.498 DEBUG: Deleting old checkpoint file: /home/james/MACE-Helper/runs/hypothesis_test/delta_N500_s7/checkpoints/delta_N500_s7_run-7_epoch-67.pt
2026-02-25 02:11:27.500 DEBUG: Saving checkpoint: /home/james/MACE-Helper/runs/hypothesis_test/delta_N500_s7/checkpoints/delta_N500_s7_run-7_epoch-68.pt
2026-02-25 02:12:07.059 INFO: Epoch 69: head: Default, loss=67.90026978, MAE_E_per_atom=   80.58 meV, MAE_F= 2131.32 meV / A
2026-02-25 02:12:07.060 DEBUG: Deleting old checkpoint file: /home/james/MACE-Helper/runs/hypothesis_test/delta_N500_s7/checkpoints/delta_N500_s7_run-7_epoch-68.pt
2026-02-25 02:12:07.060 DEBUG: Saving checkpoint: /home/james/MACE-Helper/runs/hypothesis_test/delta_N500_s7/checkpoints/delta_N500_s7_run-7_epoch-69.pt
2026-02-25 02:12:46.641 INFO: Epoch 70: head: Default, loss=67.89920038, MAE_E_per_atom=   80.48 meV, MAE_F= 2131.60 meV / A
2026-02-25 02:12:46.642 DEBUG: Deleting old checkpoint file: /home/james/MACE-Helper/runs/hypothesis_test/delta_N500_s7/checkpoints/delta_N500_s7_run-7_epoch-69.pt
2026-02-25 02:12:46.643 DEBUG: Saving checkpoint: /home/james/MACE-Helper/runs/hypothesis_test/delta_N500_s7/checkpoints/delta_N500_s7_run-7_epoch-70.pt
2026-02-25 02:13:26.183 INFO: Epoch 71: head: Default, loss=67.89737668, MAE_E_per_atom=   80.75 meV, MAE_F= 2131.69 meV / A
2026-02-25 02:13:26.184 DEBUG: Deleting old checkpoint file: /home/james/MACE-Helper/runs/hypothesis_test/delta_N500_s7/checkpoints/delta_N500_s7_run-7_epoch-70.pt
2026-02-25 02:13:26.185 DEBUG: Saving checkpoint: /home/james/MACE-Helper/runs/hypothesis_test/delta_N500_s7/checkpoints/delta_N500_s7_run-7_epoch-71.pt
2026-02-25 02:14:05.748 INFO: Epoch 72: head: Default, loss=67.91689417, MAE_E_per_atom=   80.72 meV, MAE_F= 2132.25 meV / A
2026-02-25 02:14:45.271 INFO: Epoch 73: head: Default, loss=67.94090923, MAE_E_per_atom=   80.92 meV, MAE_F= 2132.93 meV / A
2026-02-25 02:15:24.806 INFO: Epoch 74: head: Default, loss=67.95853976, MAE_E_per_atom=   80.67 meV, MAE_F= 2133.36 meV / A
2026-02-25 02:16:04.371 INFO: Epoch 75: head: Default, loss=67.97871791, MAE_E_per_atom=   80.74 meV, MAE_F= 2133.69 meV / A
2026-02-25 02:16:43.878 INFO: Epoch 76: head: Default, loss=68.03814786, MAE_E_per_atom=   81.28 meV, MAE_F= 2134.57 meV / A
2026-02-25 02:17:23.371 INFO: Epoch 77: head: Default, loss=68.06998473, MAE_E_per_atom=   81.14 meV, MAE_F= 2135.04 meV / A
2026-02-25 02:18:02.855 INFO: Epoch 78: head: Default, loss=68.14903799, MAE_E_per_atom=   81.46 meV, MAE_F= 2136.25 meV / A
2026-02-25 02:18:42.433 INFO: Epoch 79: head: Default, loss=68.21780357, MAE_E_per_atom=   81.73 meV, MAE_F= 2137.20 meV / A
2026-02-25 02:19:21.986 INFO: Epoch 80: head: Default, loss=68.28544768, MAE_E_per_atom=   81.77 meV, MAE_F= 2138.13 meV / A
2026-02-25 02:20:01.577 INFO: Epoch 81: head: Default, loss=68.31201733, MAE_E_per_atom=   81.83 meV, MAE_F= 2138.44 meV / A
2026-02-25 02:20:41.177 INFO: Epoch 82: head: Default, loss=68.40731614, MAE_E_per_atom=   81.84 meV, MAE_F= 2139.37 meV / A
2026-02-25 02:21:20.753 INFO: Epoch 83: head: Default, loss=68.48427766, MAE_E_per_atom=   81.72 meV, MAE_F= 2140.31 meV / A
2026-02-25 02:22:00.329 INFO: Epoch 84: head: Default, loss=68.60439582, MAE_E_per_atom=   81.31 meV, MAE_F= 2141.79 meV / A
2026-02-25 02:22:39.915 INFO: Epoch 85: head: Default, loss=68.68579763, MAE_E_per_atom=   81.37 meV, MAE_F= 2143.11 meV / A
2026-02-25 02:23:19.275 INFO: Epoch 86: head: Default, loss=68.74827068, MAE_E_per_atom=   81.65 meV, MAE_F= 2144.25 meV / A
2026-02-25 02:23:58.660 INFO: Epoch 87: head: Default, loss=68.91911651, MAE_E_per_atom=   81.64 meV, MAE_F= 2146.76 meV / A
2026-02-25 02:24:38.199 INFO: Epoch 88: head: Default, loss=69.17314408, MAE_E_per_atom=   82.00 meV, MAE_F= 2149.38 meV / A
2026-02-25 02:25:17.704 INFO: Epoch 89: head: Default, loss=69.35942579, MAE_E_per_atom=   81.74 meV, MAE_F= 2151.38 meV / A
2026-02-25 02:25:57.207 INFO: Epoch 90: head: Default, loss=69.22873190, MAE_E_per_atom=   81.97 meV, MAE_F= 2151.48 meV / A
2026-02-25 02:26:36.757 INFO: Epoch 91: head: Default, loss=69.38539606, MAE_E_per_atom=   81.23 meV, MAE_F= 2153.54 meV / A
2026-02-25 02:27:16.319 INFO: Epoch 92: head: Default, loss=69.49909651, MAE_E_per_atom=   81.82 meV, MAE_F= 2155.25 meV / A
2026-02-25 02:27:55.861 INFO: Epoch 93: head: Default, loss=69.68110543, MAE_E_per_atom=   80.87 meV, MAE_F= 2158.03 meV / A
2026-02-25 02:28:35.372 INFO: Epoch 94: head: Default, loss=69.79168711, MAE_E_per_atom=   81.01 meV, MAE_F= 2159.02 meV / A
2026-02-25 02:29:14.890 INFO: Epoch 95: head: Default, loss=69.78847589, MAE_E_per_atom=   81.17 meV, MAE_F= 2159.15 meV / A
2026-02-25 02:29:54.384 INFO: Epoch 96: head: Default, loss=69.98931217, MAE_E_per_atom=   81.12 meV, MAE_F= 2162.07 meV / A
2026-02-25 02:30:33.901 INFO: Epoch 97: head: Default, loss=70.12542996, MAE_E_per_atom=   81.12 meV, MAE_F= 2163.67 meV / A
2026-02-25 02:31:13.464 INFO: Epoch 98: head: Default, loss=70.16678748, MAE_E_per_atom=   81.13 meV, MAE_F= 2164.31 meV / A
2026-02-25 02:31:53.017 INFO: Epoch 99: head: Default, loss=70.32477475, MAE_E_per_atom=   80.73 meV, MAE_F= 2166.49 meV / A
2026-02-25 02:32:32.511 INFO: Epoch 100: head: Default, loss=70.37423645, MAE_E_per_atom=   80.58 meV, MAE_F= 2167.42 meV / A
2026-02-25 02:33:12.010 INFO: Epoch 101: head: Default, loss=70.60769246, MAE_E_per_atom=   80.51 meV, MAE_F= 2170.20 meV / A
2026-02-25 02:33:12.010 INFO: Stopping optimization after 30 epochs without improvement and starting Stage Two
2026-02-25 02:33:12.010 INFO: Changing loss based on Stage Two Weights
2026-02-25 02:33:51.502 INFO: Epoch 112: head: Default, loss=7.26321896, MAE_E_per_atom=   79.69 meV, MAE_F= 2183.27 meV / A
2026-02-25 02:33:51.503 DEBUG: Saving checkpoint: /home/james/MACE-Helper/runs/hypothesis_test/delta_N500_s7/checkpoints/delta_N500_s7_run-7_epoch-112_swa.pt
2026-02-25 02:34:31.044 INFO: Epoch 113: head: Default, loss=7.30983616, MAE_E_per_atom=   78.51 meV, MAE_F= 2189.63 meV / A
2026-02-25 02:35:10.547 INFO: Epoch 114: head: Default, loss=7.34180842, MAE_E_per_atom=   77.81 meV, MAE_F= 2193.63 meV / A
2026-02-25 02:35:50.026 INFO: Epoch 115: head: Default, loss=7.36200473, MAE_E_per_atom=   77.24 meV, MAE_F= 2196.15 meV / A
2026-02-25 02:36:29.449 INFO: Epoch 116: head: Default, loss=7.36765717, MAE_E_per_atom=   76.90 meV, MAE_F= 2196.89 meV / A
2026-02-25 02:37:09.046 INFO: Epoch 117: head: Default, loss=7.37250366, MAE_E_per_atom=   76.61 meV, MAE_F= 2197.44 meV / A
2026-02-25 02:37:48.620 INFO: Epoch 118: head: Default, loss=7.38145272, MAE_E_per_atom=   76.35 meV, MAE_F= 2198.52 meV / A
2026-02-25 02:38:28.137 INFO: Epoch 119: head: Default, loss=7.39168614, MAE_E_per_atom=   75.99 meV, MAE_F= 2199.83 meV / A
2026-02-25 02:39:07.646 INFO: Epoch 120: head: Default, loss=7.39328313, MAE_E_per_atom=   75.92 meV, MAE_F= 2199.95 meV / A
2026-02-25 02:39:47.120 INFO: Epoch 121: head: Default, loss=7.39895456, MAE_E_per_atom=   75.74 meV, MAE_F= 2200.69 meV / A
2026-02-25 02:40:26.615 INFO: Epoch 122: head: Default, loss=7.40924593, MAE_E_per_atom=   75.63 meV, MAE_F= 2201.93 meV / A
2026-02-25 02:41:06.067 INFO: Epoch 123: head: Default, loss=7.41249509, MAE_E_per_atom=   75.48 meV, MAE_F= 2202.35 meV / A
2026-02-25 02:41:45.660 INFO: Epoch 124: head: Default, loss=7.41538315, MAE_E_per_atom=   75.33 meV, MAE_F= 2202.67 meV / A
2026-02-25 02:42:25.249 INFO: Epoch 125: head: Default, loss=7.42659551, MAE_E_per_atom=   75.21 meV, MAE_F= 2204.01 meV / A
2026-02-25 02:43:04.763 INFO: Epoch 126: head: Default, loss=7.42365286, MAE_E_per_atom=   75.05 meV, MAE_F= 2203.60 meV / A
2026-02-25 02:43:44.284 INFO: Epoch 127: head: Default, loss=7.42626959, MAE_E_per_atom=   75.01 meV, MAE_F= 2203.90 meV / A
2026-02-25 02:44:23.781 INFO: Epoch 128: head: Default, loss=7.43131498, MAE_E_per_atom=   74.87 meV, MAE_F= 2204.48 meV / A
2026-02-25 02:45:03.274 INFO: Epoch 129: head: Default, loss=7.44012051, MAE_E_per_atom=   74.78 meV, MAE_F= 2205.56 meV / A
2026-02-25 02:45:42.760 INFO: Epoch 130: head: Default, loss=7.44078309, MAE_E_per_atom=   74.81 meV, MAE_F= 2205.57 meV / A
2026-02-25 02:46:22.300 INFO: Epoch 131: head: Default, loss=7.44666554, MAE_E_per_atom=   74.62 meV, MAE_F= 2206.30 meV / A
2026-02-25 02:47:01.827 INFO: Epoch 132: head: Default, loss=7.44796510, MAE_E_per_atom=   74.64 meV, MAE_F= 2206.34 meV / A
2026-02-25 02:47:41.302 INFO: Epoch 133: head: Default, loss=7.45519491, MAE_E_per_atom=   74.56 meV, MAE_F= 2207.25 meV / A
2026-02-25 02:48:20.805 INFO: Epoch 134: head: Default, loss=7.45693338, MAE_E_per_atom=   74.52 meV, MAE_F= 2207.45 meV / A
2026-02-25 02:49:00.317 INFO: Epoch 135: head: Default, loss=7.45684337, MAE_E_per_atom=   74.49 meV, MAE_F= 2207.30 meV / A
2026-02-25 02:49:39.677 INFO: Epoch 136: head: Default, loss=7.46368495, MAE_E_per_atom=   74.34 meV, MAE_F= 2208.21 meV / A
2026-02-25 02:50:19.065 INFO: Epoch 137: head: Default, loss=7.46673968, MAE_E_per_atom=   74.35 meV, MAE_F= 2208.47 meV / A
2026-02-25 02:50:58.663 INFO: Epoch 138: head: Default, loss=7.46727221, MAE_E_per_atom=   74.23 meV, MAE_F= 2208.58 meV / A
2026-02-25 02:51:38.255 INFO: Epoch 139: head: Default, loss=7.46874395, MAE_E_per_atom=   74.21 meV, MAE_F= 2208.65 meV / A
2026-02-25 02:52:17.824 INFO: Epoch 140: head: Default, loss=7.47411455, MAE_E_per_atom=   74.18 meV, MAE_F= 2209.21 meV / A
2026-02-25 02:52:57.352 INFO: Epoch 141: head: Default, loss=7.47901693, MAE_E_per_atom=   74.09 meV, MAE_F= 2209.83 meV / A
2026-02-25 02:53:36.868 INFO: Epoch 142: head: Default, loss=7.47881620, MAE_E_per_atom=   73.93 meV, MAE_F= 2209.90 meV / A
2026-02-25 02:53:36.869 INFO: Stopping optimization after 30 epochs without improvement
2026-02-25 02:53:36.869 INFO: Training complete
2026-02-25 02:53:36.869 INFO: 
2026-02-25 02:53:36.869 INFO: ===========RESULTS===========
2026-02-25 02:53:36.869 INFO: Loading checkpoint: /home/james/MACE-Helper/runs/hypothesis_test/delta_N500_s7/checkpoints/delta_N500_s7_run-7_epoch-71.pt
2026-02-25 02:53:36.881 INFO: Loaded Stage one model from epoch 71 for evaluation
2026-02-25 02:53:36.881 INFO: Saving model to /home/james/MACE-Helper/runs/hypothesis_test/delta_N500_s7/checkpoints/delta_N500_s7_run-7.model
2026-02-25 02:53:36.971 INFO: Compiling model, saving metadata to /home/james/MACE-Helper/runs/hypothesis_test/delta_N500_s7/delta_N500_s7_compiled.model
2026-02-25 02:53:37.314 INFO: Computing metrics for training, validation, and test sets
2026-02-25 02:53:37.314 INFO: Skipping evaluation for heads: ['pt_head']
2026-02-25 02:53:37.314 INFO: Evaluating train_Default ...
2026-02-25 02:53:50.703 INFO: Evaluating valid_Default ...
2026-02-25 02:53:55.057 INFO: Error-table on TRAIN and VALID:
+---------------+--------------------+-----------------+------------------+
|  config_type  | MAE E / meV / atom | MAE F / meV / A | relative F MAE % |
+---------------+--------------------+-----------------+------------------+
| train_Default |          70.7      |       2118.5    |        99.31     |
| valid_Default |          80.8      |       2131.7    |        99.97     |
+---------------+--------------------+-----------------+------------------+
2026-02-25 02:53:55.057 DEBUG: Running inference on train_Default dataset
2026-02-25 02:53:55.189 DEBUG: Plotting failed: too many indices for tensor of dimension 1
2026-02-25 02:53:55.189 INFO: Loading checkpoint: /home/james/MACE-Helper/runs/hypothesis_test/delta_N500_s7/checkpoints/delta_N500_s7_run-7_epoch-112_swa.pt
2026-02-25 02:53:55.201 INFO: Loaded Stage two model from epoch 112 for evaluation
2026-02-25 02:53:55.202 INFO: Saving model to /home/james/MACE-Helper/runs/hypothesis_test/delta_N500_s7/checkpoints/delta_N500_s7_run-7_stagetwo.model
2026-02-25 02:53:55.299 INFO: Compiling model, saving metadata /home/james/MACE-Helper/runs/hypothesis_test/delta_N500_s7/delta_N500_s7_stagetwo_compiled.model
2026-02-25 02:53:55.591 INFO: Computing metrics for training, validation, and test sets
2026-02-25 02:53:55.591 INFO: Skipping evaluation for heads: ['pt_head']
2026-02-25 02:53:55.591 INFO: Evaluating train_Default ...
2026-02-25 02:54:08.901 INFO: Evaluating valid_Default ...
2026-02-25 02:54:13.241 INFO: Error-table on TRAIN and VALID:
+---------------+--------------------+-----------------+------------------+
|  config_type  | MAE E / meV / atom | MAE F / meV / A | relative F MAE % |
+---------------+--------------------+-----------------+------------------+
| train_Default |          70.4      |       2020.1    |        94.69     |
| valid_Default |          79.7      |       2183.3    |       102.39     |
+---------------+--------------------+-----------------+------------------+
2026-02-25 02:54:13.241 DEBUG: Running inference on train_Default dataset
2026-02-25 02:54:13.379 DEBUG: Plotting failed: too many indices for tensor of dimension 1
2026-02-25 02:54:13.379 INFO: Done
