2026-02-25 02:54:18.840 INFO: ===========VERIFYING SETTINGS===========
2026-02-25 02:54:18.841 INFO: MACE version: 0.3.14
2026-02-25 02:54:18.841 DEBUG: Configuration: Namespace(config=None, name='direct_full', seed=42, work_dir='/home/james/MACE-Helper/runs/hypothesis_test/direct_full', log_dir='/home/james/MACE-Helper/runs/hypothesis_test/direct_full/logs', model_dir='/home/james/MACE-Helper/runs/hypothesis_test/direct_full', checkpoints_dir='/home/james/MACE-Helper/runs/hypothesis_test/direct_full/checkpoints', results_dir='/home/james/MACE-Helper/runs/hypothesis_test/direct_full/results', downloads_dir='/home/james/MACE-Helper/runs/hypothesis_test/direct_full/downloads', device='cuda', default_dtype='float64', distributed=False, launcher='slurm', log_level='INFO', plot=True, plot_frequency=0, plot_interaction_e=False, error_table='PerAtomMAE', model='MACE', r_max=5.0, radial_type='bessel', num_radial_basis=8, num_cutoff_basis=5, pair_repulsion=False, distance_transform='None', apply_cutoff=True, use_last_readout_only=False, use_embedding_readout=False, interaction='RealAgnosticResidualInteractionBlock', interaction_first='RealAgnosticResidualInteractionBlock', max_ell=3, correlation=3, use_reduced_cg=False, use_so3=False, use_agnostic_product=False, num_interactions=2, MLP_irreps='16x0e', radial_MLP='[64, 64, 64]', hidden_irreps='64x0e+64x1o', edge_irreps=None, num_channels=64, max_L=1, gate='silu', scaling='rms_forces_scaling', avg_num_neighbors=1, compute_avg_num_neighbors=True, compute_stress=False, compute_forces=True, compute_polarizability=<function str2bool at 0xe689b2b20f40>, compute_atomic_dipole=<function str2bool at 0xe689b2b20f40>, train_file='/home/james/MACE-Helper/data/direct_full.xyz', valid_file='/home/james/MACE-Helper/data/valid_direct.xyz', valid_fraction=0.1, test_file=None, test_dir=None, multi_processed_test=False, num_workers=0, pin_memory=True, atomic_numbers=None, mean=None, std=None, statistics_file=None, les_arguments=None, E0s='average', pseudolabel_replay=False, foundation_filter_elements=True, heads=None, multiheads_finetuning=True, foundation_head=None, weight_pt_head=1.0, real_pt_data_ratio_threshold=0.1, num_samples_pt=10000, force_mh_ft_lr=False, subselect_pt='random', filter_type_pt='none', allow_random_padding_pt=True, pt_train_file=None, pt_valid_file=None, foundation_model_elements=False, keep_isolated_atoms=False, energy_key='REF_energy', forces_key='REF_forces', virials_key='REF_virials', stress_key='REF_stress', dipole_key='dipole', polarizability_key='polarizability', head_key='head', charges_key='REF_charges', elec_temp_key='elec_temp', total_spin_key='total_spin', total_charge_key='total_charge', embedding_specs=None, skip_evaluate_heads='pt_head', loss='weighted', forces_weight=100.0, swa_forces_weight=10.0, energy_weight=1.0, swa_energy_weight=100.0, virials_weight=1.0, swa_virials_weight=10.0, stress_weight=1.0, swa_stress_weight=10.0, dipole_weight=1.0, swa_dipole_weight=1.0, swa_polarizability_weight=1.0, polarizability_weight=1.0, config_type_weights='{"Default":1.0}', huber_delta=0.01, optimizer='adam', beta=0.9, batch_size=4, valid_batch_size=10, lr=0.01, swa_lr=0.001, weight_decay=5e-07, amsgrad=True, scheduler='ReduceLROnPlateau', lr_factor=0.8, scheduler_patience=50, lr_scheduler_gamma=0.9993, swa=True, start_swa=111, lbfgs=False, ema=True, ema_decay=0.99, max_num_epochs=150, patience=30, foundation_model=None, foundation_model_readout=True, eval_interval=1, keep_checkpoints=False, save_all_checkpoints=False, restart_latest=False, save_cpu=False, clip_grad=10.0, dry_run=False, enable_cueq=False, only_cueq=False, enable_oeq=False, wandb=False, wandb_dir=None, wandb_project='', wandb_entity='', wandb_name='', wandb_log_hypers=['num_channels', 'max_L', 'correlation', 'lr', 'swa_lr', 'weight_decay', 'batch_size', 'max_num_epochs', 'start_swa', 'energy_weight', 'forces_weight'], key_specification=KeySpecification(info_keys={'energy': 'REF_energy', 'stress': 'REF_stress', 'virials': 'REF_virials', 'dipole': 'dipole', 'head': 'head', 'elec_temp': 'elec_temp', 'total_charge': 'total_charge', 'polarizability': 'polarizability', 'total_spin': 'total_spin'}, arrays_keys={'forces': 'REF_forces', 'charges': 'REF_charges'}))
2026-02-25 02:54:18.980 INFO: CUDA version: 13.0, CUDA device: 0
2026-02-25 02:54:19.000 DEBUG: Popen(['git', 'version'], cwd=/home/james/MACE-Helper, stdin=None, shell=False, universal_newlines=False)
2026-02-25 02:54:19.002 DEBUG: Popen(['git', 'version'], cwd=/home/james/MACE-Helper, stdin=None, shell=False, universal_newlines=False)
2026-02-25 02:54:19.003 DEBUG: sys.platform='linux', git_executable='git'
2026-02-25 02:54:19.004 DEBUG: Popen(['git', 'cat-file', '--batch-check'], cwd=/home/james/MACE-Helper, stdin=<valid stream>, shell=False, universal_newlines=False)
2026-02-25 02:54:19.005 DEBUG: Current Git commit: b67a34373b2c9496342c7e68d6805c9be220955b
2026-02-25 02:54:19.005 INFO: ===========LOADING INPUT DATA===========
2026-02-25 02:54:19.005 INFO: Using heads: ['Default']
2026-02-25 02:54:19.005 INFO: Using the key specifications to parse data:
2026-02-25 02:54:19.005 INFO: Default: KeySpecification(info_keys={'energy': 'REF_energy', 'stress': 'REF_stress', 'virials': 'REF_virials', 'dipole': 'dipole', 'head': 'head', 'elec_temp': 'elec_temp', 'total_charge': 'total_charge', 'polarizability': 'polarizability', 'total_spin': 'total_spin'}, arrays_keys={'forces': 'REF_forces', 'charges': 'REF_charges'})
2026-02-25 02:54:19.005 INFO: =============    Processing head Default     ===========
2026-02-25 02:54:19.005 DEBUG: Loading training file: /home/james/MACE-Helper/data/direct_full.xyz
2026-02-25 02:54:19.459 INFO: Training set 1/1 [energy: 1484, stress: 0, virials: 0, dipole components: 0, head: 1484, elec_temp: 0, total_charge: 0, polarizability: 0, total_spin: 0, forces: 1484, charges: 0]
2026-02-25 02:54:19.462 INFO: Total Training set [energy: 1484, stress: 0, virials: 0, dipole components: 0, head: 1484, elec_temp: 0, total_charge: 0, polarizability: 0, total_spin: 0, forces: 1484, charges: 0]
2026-02-25 02:54:19.519 INFO: Validation set 1/1 [energy: 159, stress: 0, virials: 0, dipole components: 0, head: 159, elec_temp: 0, total_charge: 0, polarizability: 0, total_spin: 0, forces: 159, charges: 0]
2026-02-25 02:54:19.519 INFO: Total Validation set [energy: 159, stress: 0, virials: 0, dipole components: 0, head: 159, elec_temp: 0, total_charge: 0, polarizability: 0, total_spin: 0, forces: 159, charges: 0]
2026-02-25 02:54:19.519 INFO: Total number of configurations: train=1484, valid=159, tests=[],
2026-02-25 02:54:19.533 INFO: Atomic Numbers used: [np.int64(1), np.int64(8)]
2026-02-25 02:54:19.533 INFO: Isolated Atomic Energies (E0s) not in training file, using command line argument
2026-02-25 02:54:19.533 INFO: Computing average Atomic Energies using least squares regression
2026-02-25 02:54:19.536 INFO: Atomic Energies used (z: eV) for head Default: {1: -6.894309021984462, 8: -3.44715451099228}
2026-02-25 02:54:19.536 INFO: Processing datasets for head 'Default'
2026-02-25 02:54:20.058 DEBUG: Successfully loaded dataset from ASE files: ['/home/james/MACE-Helper/data/direct_full.xyz']
2026-02-25 02:54:20.058 INFO: Combining 1 list datasets for head 'Default'
2026-02-25 02:54:20.097 DEBUG: Successfully loaded validation dataset from ASE files: ['/home/james/MACE-Helper/data/valid_direct.xyz']
2026-02-25 02:54:20.097 INFO: Combining 1 list datasets for head 'Default_valid'
2026-02-25 02:54:20.097 INFO: Combined validation datasets for Default
2026-02-25 02:54:20.097 INFO: Head 'Default' training dataset size: 1484
2026-02-25 02:54:20.097 INFO: Computing average number of neighbors
2026-02-25 02:54:20.574 INFO: Average number of neighbors: 5.55451045355477
2026-02-25 02:54:20.574 INFO: During training the following quantities will be reported: energy, forces
2026-02-25 02:54:20.574 INFO: ===========MODEL DETAILS===========
2026-02-25 02:54:20.873 INFO: Building model
2026-02-25 02:54:20.873 INFO: Message passing with 64 channels and max_L=1 (64x0e+64x1o)
2026-02-25 02:54:20.873 INFO: 2 layers, each with correlation order: 3 (body order: 4) and spherical harmonics up to: l=3
2026-02-25 02:54:20.873 INFO: 8 radial and 5 basis functions
2026-02-25 02:54:20.873 INFO: Radial cutoff: 5.0 A (total receptive field for each atom: 10.0 A)
2026-02-25 02:54:20.873 INFO: Distance transform for radial basis functions: None
2026-02-25 02:54:20.873 INFO: Hidden irreps: 64x0e+64x1o
2026-02-25 02:54:21.393 DEBUG: ScaleShiftMACE(
  (node_embedding): LinearNodeEmbeddingBlock(
    (linear): Linear(2x0e -> 64x0e | 128 weights)
  )
  (radial_embedding): RadialEmbeddingBlock(
    (bessel_fn): BesselBasis(r_max=5.0, num_basis=8, trainable=False)
    (cutoff_fn): PolynomialCutoff(p=5, r_max=5.0)
  )
  (spherical_harmonics): SphericalHarmonics()
  (atomic_energies_fn): AtomicEnergiesBlock(energies=[[-6.8943, -3.4472]])
  (interactions): ModuleList(
    (0): RealAgnosticInteractionBlock(
      (linear_up): Linear(64x0e -> 64x0e | 4096 weights)
      (conv_tp): TensorProduct(64x0e x 1x0e+1x1o+1x2e+1x3o -> 64x0e+64x1o+64x2e+64x3o | 256 paths | 256 weights)
      (conv_tp_weights): FullyConnectedNet[8, 64, 64, 64, 256]
      (linear): Linear(64x0e+64x1o+64x2e+64x3o -> 64x0e+64x1o+64x2e+64x3o | 16384 weights)
      (skip_tp): FullyConnectedTensorProduct(64x0e+64x1o+64x2e+64x3o x 2x0e -> 64x0e+64x1o+64x2e+64x3o | 32768 paths | 32768 weights)
      (reshape): reshape_irreps()
    )
    (1): RealAgnosticResidualInteractionBlock(
      (linear_up): Linear(64x0e+64x1o -> 64x0e+64x1o | 8192 weights)
      (conv_tp): TensorProduct(64x0e+64x1o x 1x0e+1x1o+1x2e+1x3o -> 128x0e+192x1o+192x2e+128x3o | 640 paths | 640 weights)
      (conv_tp_weights): FullyConnectedNet[8, 64, 64, 64, 640]
      (linear): Linear(64x0e+64x0e+64x1o+64x1o+64x1o+64x2e+64x2e+64x2e+64x3o+64x3o -> 64x0e+64x1o+64x2e+64x3o | 40960 weights)
      (skip_tp): FullyConnectedTensorProduct(64x0e+64x1o x 2x0e -> 64x0e | 8192 paths | 8192 weights)
      (reshape): reshape_irreps()
    )
  )
  (products): ModuleList(
    (0): EquivariantProductBasisBlock(
      (symmetric_contractions): SymmetricContraction(
        (contractions): ModuleList(
          (0): Contraction(
            (contractions_weighting): ModuleList(
              (0-1): 2 x GraphModule()
            )
            (contractions_features): ModuleList(
              (0-1): 2 x GraphModule()
            )
            (weights): ParameterList(
                (0): Parameter containing: [torch.float64 of size 2x4x64 (cuda:0)]
                (1): Parameter containing: [torch.float64 of size 2x1x64 (cuda:0)]
            )
            (graph_opt_main): GraphModule()
          )
          (1): Contraction(
            (contractions_weighting): ModuleList(
              (0-1): 2 x GraphModule()
            )
            (contractions_features): ModuleList(
              (0-1): 2 x GraphModule()
            )
            (weights): ParameterList(
                (0): Parameter containing: [torch.float64 of size 2x6x64 (cuda:0)]
                (1): Parameter containing: [torch.float64 of size 2x1x64 (cuda:0)]
            )
            (graph_opt_main): GraphModule()
          )
        )
      )
      (linear): Linear(64x0e+64x1o -> 64x0e+64x1o | 8192 weights)
    )
    (1): EquivariantProductBasisBlock(
      (symmetric_contractions): SymmetricContraction(
        (contractions): ModuleList(
          (0): Contraction(
            (contractions_weighting): ModuleList(
              (0-1): 2 x GraphModule()
            )
            (contractions_features): ModuleList(
              (0-1): 2 x GraphModule()
            )
            (weights): ParameterList(
                (0): Parameter containing: [torch.float64 of size 2x4x64 (cuda:0)]
                (1): Parameter containing: [torch.float64 of size 2x1x64 (cuda:0)]
            )
            (graph_opt_main): GraphModule()
          )
        )
      )
      (linear): Linear(64x0e -> 64x0e | 4096 weights)
    )
  )
  (readouts): ModuleList(
    (0): LinearReadoutBlock(
      (linear): Linear(64x0e+64x1o -> 1x0e | 64 weights)
    )
    (1): NonLinearReadoutBlock(
      (linear_1): Linear(64x0e -> 16x0e | 1024 weights)
      (non_linearity): Activation [x] (16x0e -> 16x0e)
      (linear_2): Linear(16x0e -> 1x0e | 16 weights)
    )
  )
  (scale_shift): ScaleShiftBlock(scale=0.0439, shift=0.0000)
)
2026-02-25 02:54:21.394 INFO: Total number of parameters: 213456
2026-02-25 02:54:21.394 INFO: 
2026-02-25 02:54:21.394 INFO: ===========OPTIMIZER INFORMATION===========
2026-02-25 02:54:21.394 INFO: Using ADAM as parameter optimizer
2026-02-25 02:54:21.394 INFO: Batch size: 4
2026-02-25 02:54:21.394 INFO: Using Exponential Moving Average with decay: 0.99
2026-02-25 02:54:21.394 INFO: Number of gradient updates: 55650
2026-02-25 02:54:21.394 INFO: Learning rate: 0.01, weight decay: 5e-07
2026-02-25 02:54:21.394 INFO: WeightedEnergyForcesLoss(energy_weight=1.000, forces_weight=100.000)
2026-02-25 02:54:21.395 INFO: Stage Two (after 111 epochs) with loss function: WeightedEnergyForcesLoss(energy_weight=100.000, forces_weight=10.000), with energy weight : 100.0, forces weight : 10.0 and learning rate : 0.001
2026-02-25 02:54:21.439 INFO: Using gradient clipping with tolerance=10.000
2026-02-25 02:54:21.439 INFO: 
2026-02-25 02:54:21.439 INFO: ===========TRAINING===========
2026-02-25 02:54:21.439 INFO: Started training, reporting errors on validation set
2026-02-25 02:54:21.439 INFO: Loss metrics on validation set
2026-02-25 02:54:26.966 INFO: Initial: head: Default, loss=0.02074423, MAE_E_per_atom=    2.45 meV, MAE_F=   28.78 meV / A
2026-02-25 02:56:17.552 INFO: Epoch 0: head: Default, loss=0.00058931, MAE_E_per_atom=   23.27 meV, MAE_F=    3.86 meV / A
2026-02-25 02:56:17.553 DEBUG: Saving checkpoint: /home/james/MACE-Helper/runs/hypothesis_test/direct_full/checkpoints/direct_full_run-42_epoch-0.pt
2026-02-25 02:58:06.674 INFO: Epoch 1: head: Default, loss=0.00038063, MAE_E_per_atom=   13.65 meV, MAE_F=    3.35 meV / A
2026-02-25 02:58:06.675 DEBUG: Deleting old checkpoint file: /home/james/MACE-Helper/runs/hypothesis_test/direct_full/checkpoints/direct_full_run-42_epoch-0.pt
2026-02-25 02:58:06.676 DEBUG: Saving checkpoint: /home/james/MACE-Helper/runs/hypothesis_test/direct_full/checkpoints/direct_full_run-42_epoch-1.pt
2026-02-25 02:59:55.887 INFO: Epoch 2: head: Default, loss=0.00025615, MAE_E_per_atom=    3.93 meV, MAE_F=    2.88 meV / A
2026-02-25 02:59:55.888 DEBUG: Deleting old checkpoint file: /home/james/MACE-Helper/runs/hypothesis_test/direct_full/checkpoints/direct_full_run-42_epoch-1.pt
2026-02-25 02:59:55.890 DEBUG: Saving checkpoint: /home/james/MACE-Helper/runs/hypothesis_test/direct_full/checkpoints/direct_full_run-42_epoch-2.pt
2026-02-25 03:01:44.933 INFO: Epoch 3: head: Default, loss=0.00022690, MAE_E_per_atom=    3.26 meV, MAE_F=    2.67 meV / A
2026-02-25 03:01:44.934 DEBUG: Deleting old checkpoint file: /home/james/MACE-Helper/runs/hypothesis_test/direct_full/checkpoints/direct_full_run-42_epoch-2.pt
2026-02-25 03:01:44.935 DEBUG: Saving checkpoint: /home/james/MACE-Helper/runs/hypothesis_test/direct_full/checkpoints/direct_full_run-42_epoch-3.pt
2026-02-25 03:03:34.026 INFO: Epoch 4: head: Default, loss=0.00018452, MAE_E_per_atom=    2.30 meV, MAE_F=    2.58 meV / A
2026-02-25 03:03:34.027 DEBUG: Deleting old checkpoint file: /home/james/MACE-Helper/runs/hypothesis_test/direct_full/checkpoints/direct_full_run-42_epoch-3.pt
2026-02-25 03:03:34.028 DEBUG: Saving checkpoint: /home/james/MACE-Helper/runs/hypothesis_test/direct_full/checkpoints/direct_full_run-42_epoch-4.pt
2026-02-25 03:05:23.145 INFO: Epoch 5: head: Default, loss=0.00015543, MAE_E_per_atom=    1.11 meV, MAE_F=    2.42 meV / A
2026-02-25 03:05:23.147 DEBUG: Deleting old checkpoint file: /home/james/MACE-Helper/runs/hypothesis_test/direct_full/checkpoints/direct_full_run-42_epoch-4.pt
2026-02-25 03:05:23.147 DEBUG: Saving checkpoint: /home/james/MACE-Helper/runs/hypothesis_test/direct_full/checkpoints/direct_full_run-42_epoch-5.pt
2026-02-25 03:07:12.167 INFO: Epoch 6: head: Default, loss=0.00015204, MAE_E_per_atom=    0.89 meV, MAE_F=    2.38 meV / A
2026-02-25 03:07:12.168 DEBUG: Deleting old checkpoint file: /home/james/MACE-Helper/runs/hypothesis_test/direct_full/checkpoints/direct_full_run-42_epoch-5.pt
2026-02-25 03:07:12.169 DEBUG: Saving checkpoint: /home/james/MACE-Helper/runs/hypothesis_test/direct_full/checkpoints/direct_full_run-42_epoch-6.pt
2026-02-25 03:09:01.082 INFO: Epoch 7: head: Default, loss=0.00014366, MAE_E_per_atom=    0.77 meV, MAE_F=    2.35 meV / A
2026-02-25 03:09:01.083 DEBUG: Deleting old checkpoint file: /home/james/MACE-Helper/runs/hypothesis_test/direct_full/checkpoints/direct_full_run-42_epoch-6.pt
2026-02-25 03:09:01.084 DEBUG: Saving checkpoint: /home/james/MACE-Helper/runs/hypothesis_test/direct_full/checkpoints/direct_full_run-42_epoch-7.pt
2026-02-25 03:10:50.001 INFO: Epoch 8: head: Default, loss=0.00013689, MAE_E_per_atom=    0.71 meV, MAE_F=    2.31 meV / A
2026-02-25 03:10:50.001 DEBUG: Deleting old checkpoint file: /home/james/MACE-Helper/runs/hypothesis_test/direct_full/checkpoints/direct_full_run-42_epoch-7.pt
2026-02-25 03:10:50.002 DEBUG: Saving checkpoint: /home/james/MACE-Helper/runs/hypothesis_test/direct_full/checkpoints/direct_full_run-42_epoch-8.pt
2026-02-25 03:12:38.919 INFO: Epoch 9: head: Default, loss=0.00015931, MAE_E_per_atom=    1.33 meV, MAE_F=    2.36 meV / A
2026-02-25 03:14:27.852 INFO: Epoch 10: head: Default, loss=0.00013773, MAE_E_per_atom=    0.62 meV, MAE_F=    2.28 meV / A
2026-02-25 03:16:16.836 INFO: Epoch 11: head: Default, loss=0.00013210, MAE_E_per_atom=    0.53 meV, MAE_F=    2.27 meV / A
2026-02-25 03:16:16.837 DEBUG: Deleting old checkpoint file: /home/james/MACE-Helper/runs/hypothesis_test/direct_full/checkpoints/direct_full_run-42_epoch-8.pt
2026-02-25 03:16:16.838 DEBUG: Saving checkpoint: /home/james/MACE-Helper/runs/hypothesis_test/direct_full/checkpoints/direct_full_run-42_epoch-11.pt
2026-02-25 03:18:05.820 INFO: Epoch 12: head: Default, loss=0.00012997, MAE_E_per_atom=    0.42 meV, MAE_F=    2.25 meV / A
2026-02-25 03:18:05.821 DEBUG: Deleting old checkpoint file: /home/james/MACE-Helper/runs/hypothesis_test/direct_full/checkpoints/direct_full_run-42_epoch-11.pt
2026-02-25 03:18:05.821 DEBUG: Saving checkpoint: /home/james/MACE-Helper/runs/hypothesis_test/direct_full/checkpoints/direct_full_run-42_epoch-12.pt
2026-02-25 03:19:54.892 INFO: Epoch 13: head: Default, loss=0.00012811, MAE_E_per_atom=    0.25 meV, MAE_F=    2.24 meV / A
2026-02-25 03:19:54.893 DEBUG: Deleting old checkpoint file: /home/james/MACE-Helper/runs/hypothesis_test/direct_full/checkpoints/direct_full_run-42_epoch-12.pt
2026-02-25 03:19:54.894 DEBUG: Saving checkpoint: /home/james/MACE-Helper/runs/hypothesis_test/direct_full/checkpoints/direct_full_run-42_epoch-13.pt
2026-02-25 03:21:43.973 INFO: Epoch 14: head: Default, loss=0.00012614, MAE_E_per_atom=    0.66 meV, MAE_F=    2.23 meV / A
2026-02-25 03:21:43.974 DEBUG: Deleting old checkpoint file: /home/james/MACE-Helper/runs/hypothesis_test/direct_full/checkpoints/direct_full_run-42_epoch-13.pt
2026-02-25 03:21:43.974 DEBUG: Saving checkpoint: /home/james/MACE-Helper/runs/hypothesis_test/direct_full/checkpoints/direct_full_run-42_epoch-14.pt
2026-02-25 03:23:32.691 INFO: Epoch 15: head: Default, loss=0.00012090, MAE_E_per_atom=    0.51 meV, MAE_F=    2.21 meV / A
2026-02-25 03:23:32.692 DEBUG: Deleting old checkpoint file: /home/james/MACE-Helper/runs/hypothesis_test/direct_full/checkpoints/direct_full_run-42_epoch-14.pt
2026-02-25 03:23:32.694 DEBUG: Saving checkpoint: /home/james/MACE-Helper/runs/hypothesis_test/direct_full/checkpoints/direct_full_run-42_epoch-15.pt
2026-02-25 03:25:21.954 INFO: Epoch 16: head: Default, loss=0.00012076, MAE_E_per_atom=    0.34 meV, MAE_F=    2.20 meV / A
2026-02-25 03:25:21.954 DEBUG: Deleting old checkpoint file: /home/james/MACE-Helper/runs/hypothesis_test/direct_full/checkpoints/direct_full_run-42_epoch-15.pt
2026-02-25 03:25:21.956 DEBUG: Saving checkpoint: /home/james/MACE-Helper/runs/hypothesis_test/direct_full/checkpoints/direct_full_run-42_epoch-16.pt
2026-02-25 03:27:11.025 INFO: Epoch 17: head: Default, loss=0.00011940, MAE_E_per_atom=    0.34 meV, MAE_F=    2.18 meV / A
2026-02-25 03:27:11.026 DEBUG: Deleting old checkpoint file: /home/james/MACE-Helper/runs/hypothesis_test/direct_full/checkpoints/direct_full_run-42_epoch-16.pt
2026-02-25 03:27:11.027 DEBUG: Saving checkpoint: /home/james/MACE-Helper/runs/hypothesis_test/direct_full/checkpoints/direct_full_run-42_epoch-17.pt
2026-02-25 03:29:00.009 INFO: Epoch 18: head: Default, loss=0.00011908, MAE_E_per_atom=    0.51 meV, MAE_F=    2.17 meV / A
2026-02-25 03:29:00.010 DEBUG: Deleting old checkpoint file: /home/james/MACE-Helper/runs/hypothesis_test/direct_full/checkpoints/direct_full_run-42_epoch-17.pt
2026-02-25 03:29:00.011 DEBUG: Saving checkpoint: /home/james/MACE-Helper/runs/hypothesis_test/direct_full/checkpoints/direct_full_run-42_epoch-18.pt
2026-02-25 03:30:49.093 INFO: Epoch 19: head: Default, loss=0.00011745, MAE_E_per_atom=    0.33 meV, MAE_F=    2.16 meV / A
2026-02-25 03:30:49.093 DEBUG: Deleting old checkpoint file: /home/james/MACE-Helper/runs/hypothesis_test/direct_full/checkpoints/direct_full_run-42_epoch-18.pt
2026-02-25 03:30:49.095 DEBUG: Saving checkpoint: /home/james/MACE-Helper/runs/hypothesis_test/direct_full/checkpoints/direct_full_run-42_epoch-19.pt
2026-02-25 03:32:38.248 INFO: Epoch 20: head: Default, loss=0.00011616, MAE_E_per_atom=    0.40 meV, MAE_F=    2.15 meV / A
2026-02-25 03:32:38.249 DEBUG: Deleting old checkpoint file: /home/james/MACE-Helper/runs/hypothesis_test/direct_full/checkpoints/direct_full_run-42_epoch-19.pt
2026-02-25 03:32:38.250 DEBUG: Saving checkpoint: /home/james/MACE-Helper/runs/hypothesis_test/direct_full/checkpoints/direct_full_run-42_epoch-20.pt
2026-02-25 03:34:27.413 INFO: Epoch 21: head: Default, loss=0.00011717, MAE_E_per_atom=    0.30 meV, MAE_F=    2.15 meV / A
2026-02-25 03:36:16.129 INFO: Epoch 22: head: Default, loss=0.00011525, MAE_E_per_atom=    0.37 meV, MAE_F=    2.14 meV / A
2026-02-25 03:36:16.130 DEBUG: Deleting old checkpoint file: /home/james/MACE-Helper/runs/hypothesis_test/direct_full/checkpoints/direct_full_run-42_epoch-20.pt
2026-02-25 03:36:16.131 DEBUG: Saving checkpoint: /home/james/MACE-Helper/runs/hypothesis_test/direct_full/checkpoints/direct_full_run-42_epoch-22.pt
2026-02-25 03:38:04.952 INFO: Epoch 23: head: Default, loss=0.00011421, MAE_E_per_atom=    0.29 meV, MAE_F=    2.13 meV / A
2026-02-25 03:38:04.953 DEBUG: Deleting old checkpoint file: /home/james/MACE-Helper/runs/hypothesis_test/direct_full/checkpoints/direct_full_run-42_epoch-22.pt
2026-02-25 03:38:04.954 DEBUG: Saving checkpoint: /home/james/MACE-Helper/runs/hypothesis_test/direct_full/checkpoints/direct_full_run-42_epoch-23.pt
2026-02-25 03:39:54.180 INFO: Epoch 24: head: Default, loss=0.00011370, MAE_E_per_atom=    0.42 meV, MAE_F=    2.13 meV / A
2026-02-25 03:39:54.181 DEBUG: Deleting old checkpoint file: /home/james/MACE-Helper/runs/hypothesis_test/direct_full/checkpoints/direct_full_run-42_epoch-23.pt
2026-02-25 03:39:54.182 DEBUG: Saving checkpoint: /home/james/MACE-Helper/runs/hypothesis_test/direct_full/checkpoints/direct_full_run-42_epoch-24.pt
2026-02-25 03:41:43.445 INFO: Epoch 25: head: Default, loss=0.00011340, MAE_E_per_atom=    0.36 meV, MAE_F=    2.11 meV / A
2026-02-25 03:41:43.446 DEBUG: Deleting old checkpoint file: /home/james/MACE-Helper/runs/hypothesis_test/direct_full/checkpoints/direct_full_run-42_epoch-24.pt
2026-02-25 03:41:43.447 DEBUG: Saving checkpoint: /home/james/MACE-Helper/runs/hypothesis_test/direct_full/checkpoints/direct_full_run-42_epoch-25.pt
2026-02-25 03:43:32.507 INFO: Epoch 26: head: Default, loss=0.00011394, MAE_E_per_atom=    0.30 meV, MAE_F=    2.11 meV / A
2026-02-25 03:45:21.638 INFO: Epoch 27: head: Default, loss=0.00011241, MAE_E_per_atom=    0.55 meV, MAE_F=    2.11 meV / A
2026-02-25 03:45:21.639 DEBUG: Deleting old checkpoint file: /home/james/MACE-Helper/runs/hypothesis_test/direct_full/checkpoints/direct_full_run-42_epoch-25.pt
2026-02-25 03:45:21.639 DEBUG: Saving checkpoint: /home/james/MACE-Helper/runs/hypothesis_test/direct_full/checkpoints/direct_full_run-42_epoch-27.pt
2026-02-25 03:47:10.812 INFO: Epoch 28: head: Default, loss=0.00011179, MAE_E_per_atom=    0.28 meV, MAE_F=    2.11 meV / A
2026-02-25 03:47:10.813 DEBUG: Deleting old checkpoint file: /home/james/MACE-Helper/runs/hypothesis_test/direct_full/checkpoints/direct_full_run-42_epoch-27.pt
2026-02-25 03:47:10.815 DEBUG: Saving checkpoint: /home/james/MACE-Helper/runs/hypothesis_test/direct_full/checkpoints/direct_full_run-42_epoch-28.pt
2026-02-25 03:48:59.493 INFO: Epoch 29: head: Default, loss=0.00011213, MAE_E_per_atom=    0.35 meV, MAE_F=    2.10 meV / A
2026-02-25 03:50:48.665 INFO: Epoch 30: head: Default, loss=0.00011040, MAE_E_per_atom=    0.28 meV, MAE_F=    2.09 meV / A
2026-02-25 03:50:48.666 DEBUG: Deleting old checkpoint file: /home/james/MACE-Helper/runs/hypothesis_test/direct_full/checkpoints/direct_full_run-42_epoch-28.pt
2026-02-25 03:50:48.666 DEBUG: Saving checkpoint: /home/james/MACE-Helper/runs/hypothesis_test/direct_full/checkpoints/direct_full_run-42_epoch-30.pt
2026-02-25 03:52:37.770 INFO: Epoch 31: head: Default, loss=0.00011209, MAE_E_per_atom=    0.36 meV, MAE_F=    2.09 meV / A
2026-02-25 03:54:26.446 INFO: Epoch 32: head: Default, loss=0.00011777, MAE_E_per_atom=    0.34 meV, MAE_F=    2.10 meV / A
2026-02-25 03:56:15.691 INFO: Epoch 33: head: Default, loss=0.00010953, MAE_E_per_atom=    0.27 meV, MAE_F=    2.08 meV / A
2026-02-25 03:56:15.692 DEBUG: Deleting old checkpoint file: /home/james/MACE-Helper/runs/hypothesis_test/direct_full/checkpoints/direct_full_run-42_epoch-30.pt
2026-02-25 03:56:15.693 DEBUG: Saving checkpoint: /home/james/MACE-Helper/runs/hypothesis_test/direct_full/checkpoints/direct_full_run-42_epoch-33.pt
2026-02-25 03:58:04.771 INFO: Epoch 34: head: Default, loss=0.00010810, MAE_E_per_atom=    0.29 meV, MAE_F=    2.08 meV / A
2026-02-25 03:58:04.772 DEBUG: Deleting old checkpoint file: /home/james/MACE-Helper/runs/hypothesis_test/direct_full/checkpoints/direct_full_run-42_epoch-33.pt
2026-02-25 03:58:04.773 DEBUG: Saving checkpoint: /home/james/MACE-Helper/runs/hypothesis_test/direct_full/checkpoints/direct_full_run-42_epoch-34.pt
2026-02-25 03:59:53.780 INFO: Epoch 35: head: Default, loss=0.00010686, MAE_E_per_atom=    0.31 meV, MAE_F=    2.07 meV / A
2026-02-25 03:59:53.781 DEBUG: Deleting old checkpoint file: /home/james/MACE-Helper/runs/hypothesis_test/direct_full/checkpoints/direct_full_run-42_epoch-34.pt
2026-02-25 03:59:53.782 DEBUG: Saving checkpoint: /home/james/MACE-Helper/runs/hypothesis_test/direct_full/checkpoints/direct_full_run-42_epoch-35.pt
2026-02-25 04:01:42.803 INFO: Epoch 36: head: Default, loss=0.00010970, MAE_E_per_atom=    0.30 meV, MAE_F=    2.07 meV / A
2026-02-25 04:03:31.884 INFO: Epoch 37: head: Default, loss=0.00010958, MAE_E_per_atom=    0.48 meV, MAE_F=    2.07 meV / A
2026-02-25 04:05:20.943 INFO: Epoch 38: head: Default, loss=0.00010647, MAE_E_per_atom=    0.35 meV, MAE_F=    2.06 meV / A
2026-02-25 04:05:20.944 DEBUG: Deleting old checkpoint file: /home/james/MACE-Helper/runs/hypothesis_test/direct_full/checkpoints/direct_full_run-42_epoch-35.pt
2026-02-25 04:05:20.945 DEBUG: Saving checkpoint: /home/james/MACE-Helper/runs/hypothesis_test/direct_full/checkpoints/direct_full_run-42_epoch-38.pt
2026-02-25 04:07:09.974 INFO: Epoch 39: head: Default, loss=0.00010919, MAE_E_per_atom=    0.38 meV, MAE_F=    2.06 meV / A
2026-02-25 04:08:58.967 INFO: Epoch 40: head: Default, loss=0.00010561, MAE_E_per_atom=    0.38 meV, MAE_F=    2.05 meV / A
2026-02-25 04:08:58.968 DEBUG: Deleting old checkpoint file: /home/james/MACE-Helper/runs/hypothesis_test/direct_full/checkpoints/direct_full_run-42_epoch-38.pt
2026-02-25 04:08:58.969 DEBUG: Saving checkpoint: /home/james/MACE-Helper/runs/hypothesis_test/direct_full/checkpoints/direct_full_run-42_epoch-40.pt
2026-02-25 04:10:48.010 INFO: Epoch 41: head: Default, loss=0.00010552, MAE_E_per_atom=    0.28 meV, MAE_F=    2.04 meV / A
2026-02-25 04:10:48.011 DEBUG: Deleting old checkpoint file: /home/james/MACE-Helper/runs/hypothesis_test/direct_full/checkpoints/direct_full_run-42_epoch-40.pt
2026-02-25 04:10:48.012 DEBUG: Saving checkpoint: /home/james/MACE-Helper/runs/hypothesis_test/direct_full/checkpoints/direct_full_run-42_epoch-41.pt
2026-02-25 04:12:37.046 INFO: Epoch 42: head: Default, loss=0.00010559, MAE_E_per_atom=    0.53 meV, MAE_F=    2.05 meV / A
2026-02-25 04:14:26.042 INFO: Epoch 43: head: Default, loss=0.00010340, MAE_E_per_atom=    0.29 meV, MAE_F=    2.04 meV / A
2026-02-25 04:14:26.043 DEBUG: Deleting old checkpoint file: /home/james/MACE-Helper/runs/hypothesis_test/direct_full/checkpoints/direct_full_run-42_epoch-41.pt
2026-02-25 04:14:26.044 DEBUG: Saving checkpoint: /home/james/MACE-Helper/runs/hypothesis_test/direct_full/checkpoints/direct_full_run-42_epoch-43.pt
2026-02-25 04:16:15.107 INFO: Epoch 44: head: Default, loss=0.00010318, MAE_E_per_atom=    0.32 meV, MAE_F=    2.04 meV / A
2026-02-25 04:16:15.108 DEBUG: Deleting old checkpoint file: /home/james/MACE-Helper/runs/hypothesis_test/direct_full/checkpoints/direct_full_run-42_epoch-43.pt
2026-02-25 04:16:15.109 DEBUG: Saving checkpoint: /home/james/MACE-Helper/runs/hypothesis_test/direct_full/checkpoints/direct_full_run-42_epoch-44.pt
2026-02-25 04:18:04.109 INFO: Epoch 45: head: Default, loss=0.00010348, MAE_E_per_atom=    0.27 meV, MAE_F=    2.03 meV / A
2026-02-25 04:19:53.164 INFO: Epoch 46: head: Default, loss=0.00010314, MAE_E_per_atom=    0.31 meV, MAE_F=    2.03 meV / A
2026-02-25 04:19:53.165 DEBUG: Deleting old checkpoint file: /home/james/MACE-Helper/runs/hypothesis_test/direct_full/checkpoints/direct_full_run-42_epoch-44.pt
2026-02-25 04:19:53.166 DEBUG: Saving checkpoint: /home/james/MACE-Helper/runs/hypothesis_test/direct_full/checkpoints/direct_full_run-42_epoch-46.pt
2026-02-25 04:21:42.227 INFO: Epoch 47: head: Default, loss=0.00010469, MAE_E_per_atom=    0.21 meV, MAE_F=    2.03 meV / A
2026-02-25 04:23:31.251 INFO: Epoch 48: head: Default, loss=0.00010260, MAE_E_per_atom=    0.33 meV, MAE_F=    2.02 meV / A
2026-02-25 04:23:31.252 DEBUG: Deleting old checkpoint file: /home/james/MACE-Helper/runs/hypothesis_test/direct_full/checkpoints/direct_full_run-42_epoch-46.pt
2026-02-25 04:23:31.253 DEBUG: Saving checkpoint: /home/james/MACE-Helper/runs/hypothesis_test/direct_full/checkpoints/direct_full_run-42_epoch-48.pt
2026-02-25 04:25:20.298 INFO: Epoch 49: head: Default, loss=0.00010270, MAE_E_per_atom=    0.26 meV, MAE_F=    2.02 meV / A
2026-02-25 04:27:09.317 INFO: Epoch 50: head: Default, loss=0.00010061, MAE_E_per_atom=    0.28 meV, MAE_F=    2.02 meV / A
2026-02-25 04:27:09.318 DEBUG: Deleting old checkpoint file: /home/james/MACE-Helper/runs/hypothesis_test/direct_full/checkpoints/direct_full_run-42_epoch-48.pt
2026-02-25 04:27:09.319 DEBUG: Saving checkpoint: /home/james/MACE-Helper/runs/hypothesis_test/direct_full/checkpoints/direct_full_run-42_epoch-50.pt
2026-02-25 04:28:58.009 INFO: Epoch 51: head: Default, loss=0.00010013, MAE_E_per_atom=    0.40 meV, MAE_F=    2.01 meV / A
2026-02-25 04:28:58.010 DEBUG: Deleting old checkpoint file: /home/james/MACE-Helper/runs/hypothesis_test/direct_full/checkpoints/direct_full_run-42_epoch-50.pt
2026-02-25 04:28:58.011 DEBUG: Saving checkpoint: /home/james/MACE-Helper/runs/hypothesis_test/direct_full/checkpoints/direct_full_run-42_epoch-51.pt
2026-02-25 04:30:47.093 INFO: Epoch 52: head: Default, loss=0.00010208, MAE_E_per_atom=    0.35 meV, MAE_F=    2.01 meV / A
2026-02-25 04:32:36.106 INFO: Epoch 53: head: Default, loss=0.00010166, MAE_E_per_atom=    0.33 meV, MAE_F=    2.01 meV / A
2026-02-25 04:34:25.280 INFO: Epoch 54: head: Default, loss=0.00010005, MAE_E_per_atom=    0.35 meV, MAE_F=    2.01 meV / A
2026-02-25 04:34:25.280 DEBUG: Deleting old checkpoint file: /home/james/MACE-Helper/runs/hypothesis_test/direct_full/checkpoints/direct_full_run-42_epoch-51.pt
2026-02-25 04:34:25.281 DEBUG: Saving checkpoint: /home/james/MACE-Helper/runs/hypothesis_test/direct_full/checkpoints/direct_full_run-42_epoch-54.pt
2026-02-25 04:36:14.476 INFO: Epoch 55: head: Default, loss=0.00009964, MAE_E_per_atom=    0.37 meV, MAE_F=    2.01 meV / A
2026-02-25 04:36:14.477 DEBUG: Deleting old checkpoint file: /home/james/MACE-Helper/runs/hypothesis_test/direct_full/checkpoints/direct_full_run-42_epoch-54.pt
2026-02-25 04:36:14.478 DEBUG: Saving checkpoint: /home/james/MACE-Helper/runs/hypothesis_test/direct_full/checkpoints/direct_full_run-42_epoch-55.pt
2026-02-25 04:38:03.493 INFO: Epoch 56: head: Default, loss=0.00009950, MAE_E_per_atom=    0.26 meV, MAE_F=    2.00 meV / A
2026-02-25 04:38:03.494 DEBUG: Deleting old checkpoint file: /home/james/MACE-Helper/runs/hypothesis_test/direct_full/checkpoints/direct_full_run-42_epoch-55.pt
2026-02-25 04:38:03.495 DEBUG: Saving checkpoint: /home/james/MACE-Helper/runs/hypothesis_test/direct_full/checkpoints/direct_full_run-42_epoch-56.pt
2026-02-25 04:39:52.515 INFO: Epoch 57: head: Default, loss=0.00009942, MAE_E_per_atom=    0.31 meV, MAE_F=    2.00 meV / A
2026-02-25 04:39:52.516 DEBUG: Deleting old checkpoint file: /home/james/MACE-Helper/runs/hypothesis_test/direct_full/checkpoints/direct_full_run-42_epoch-56.pt
2026-02-25 04:39:52.517 DEBUG: Saving checkpoint: /home/james/MACE-Helper/runs/hypothesis_test/direct_full/checkpoints/direct_full_run-42_epoch-57.pt
2026-02-25 04:41:41.230 INFO: Epoch 58: head: Default, loss=0.00009934, MAE_E_per_atom=    0.32 meV, MAE_F=    1.99 meV / A
2026-02-25 04:41:41.241 DEBUG: Deleting old checkpoint file: /home/james/MACE-Helper/runs/hypothesis_test/direct_full/checkpoints/direct_full_run-42_epoch-57.pt
2026-02-25 04:41:41.242 DEBUG: Saving checkpoint: /home/james/MACE-Helper/runs/hypothesis_test/direct_full/checkpoints/direct_full_run-42_epoch-58.pt
2026-02-25 04:43:30.412 INFO: Epoch 59: head: Default, loss=0.00009829, MAE_E_per_atom=    0.26 meV, MAE_F=    2.00 meV / A
2026-02-25 04:43:30.413 DEBUG: Deleting old checkpoint file: /home/james/MACE-Helper/runs/hypothesis_test/direct_full/checkpoints/direct_full_run-42_epoch-58.pt
2026-02-25 04:43:30.414 DEBUG: Saving checkpoint: /home/james/MACE-Helper/runs/hypothesis_test/direct_full/checkpoints/direct_full_run-42_epoch-59.pt
2026-02-25 04:45:19.580 INFO: Epoch 60: head: Default, loss=0.00009972, MAE_E_per_atom=    0.34 meV, MAE_F=    1.99 meV / A
2026-02-25 04:47:08.660 INFO: Epoch 61: head: Default, loss=0.00009624, MAE_E_per_atom=    0.25 meV, MAE_F=    1.99 meV / A
2026-02-25 04:47:08.661 DEBUG: Deleting old checkpoint file: /home/james/MACE-Helper/runs/hypothesis_test/direct_full/checkpoints/direct_full_run-42_epoch-59.pt
2026-02-25 04:47:08.662 DEBUG: Saving checkpoint: /home/james/MACE-Helper/runs/hypothesis_test/direct_full/checkpoints/direct_full_run-42_epoch-61.pt
2026-02-25 04:48:57.695 INFO: Epoch 62: head: Default, loss=0.00009710, MAE_E_per_atom=    0.34 meV, MAE_F=    1.98 meV / A
2026-02-25 04:50:46.753 INFO: Epoch 63: head: Default, loss=0.00009746, MAE_E_per_atom=    0.26 meV, MAE_F=    1.98 meV / A
2026-02-25 04:52:35.779 INFO: Epoch 64: head: Default, loss=0.00009695, MAE_E_per_atom=    0.49 meV, MAE_F=    1.99 meV / A
2026-02-25 04:54:24.806 INFO: Epoch 65: head: Default, loss=0.00009801, MAE_E_per_atom=    0.26 meV, MAE_F=    1.99 meV / A
2026-02-25 04:56:14.033 INFO: Epoch 66: head: Default, loss=0.00009633, MAE_E_per_atom=    0.28 meV, MAE_F=    1.98 meV / A
2026-02-25 04:58:03.168 INFO: Epoch 67: head: Default, loss=0.00009663, MAE_E_per_atom=    0.45 meV, MAE_F=    1.98 meV / A
2026-02-25 04:59:52.212 INFO: Epoch 68: head: Default, loss=0.00009619, MAE_E_per_atom=    0.33 meV, MAE_F=    1.98 meV / A
2026-02-25 04:59:52.213 DEBUG: Deleting old checkpoint file: /home/james/MACE-Helper/runs/hypothesis_test/direct_full/checkpoints/direct_full_run-42_epoch-61.pt
2026-02-25 04:59:52.214 DEBUG: Saving checkpoint: /home/james/MACE-Helper/runs/hypothesis_test/direct_full/checkpoints/direct_full_run-42_epoch-68.pt
2026-02-25 05:01:41.226 INFO: Epoch 69: head: Default, loss=0.00009584, MAE_E_per_atom=    0.25 meV, MAE_F=    1.97 meV / A
2026-02-25 05:01:41.227 DEBUG: Deleting old checkpoint file: /home/james/MACE-Helper/runs/hypothesis_test/direct_full/checkpoints/direct_full_run-42_epoch-68.pt
2026-02-25 05:01:41.228 DEBUG: Saving checkpoint: /home/james/MACE-Helper/runs/hypothesis_test/direct_full/checkpoints/direct_full_run-42_epoch-69.pt
2026-02-25 05:03:30.398 INFO: Epoch 70: head: Default, loss=0.00009613, MAE_E_per_atom=    0.30 meV, MAE_F=    1.98 meV / A
2026-02-25 05:05:19.550 INFO: Epoch 71: head: Default, loss=0.00009522, MAE_E_per_atom=    0.24 meV, MAE_F=    1.97 meV / A
2026-02-25 05:05:19.551 DEBUG: Deleting old checkpoint file: /home/james/MACE-Helper/runs/hypothesis_test/direct_full/checkpoints/direct_full_run-42_epoch-69.pt
2026-02-25 05:05:19.552 DEBUG: Saving checkpoint: /home/james/MACE-Helper/runs/hypothesis_test/direct_full/checkpoints/direct_full_run-42_epoch-71.pt
2026-02-25 05:07:08.603 INFO: Epoch 72: head: Default, loss=0.00009528, MAE_E_per_atom=    0.29 meV, MAE_F=    1.97 meV / A
2026-02-25 05:08:57.267 INFO: Epoch 73: head: Default, loss=0.00009497, MAE_E_per_atom=    0.26 meV, MAE_F=    1.97 meV / A
2026-02-25 05:08:57.268 DEBUG: Deleting old checkpoint file: /home/james/MACE-Helper/runs/hypothesis_test/direct_full/checkpoints/direct_full_run-42_epoch-71.pt
2026-02-25 05:08:57.269 DEBUG: Saving checkpoint: /home/james/MACE-Helper/runs/hypothesis_test/direct_full/checkpoints/direct_full_run-42_epoch-73.pt
2026-02-25 05:10:46.501 INFO: Epoch 74: head: Default, loss=0.00009414, MAE_E_per_atom=    0.22 meV, MAE_F=    1.96 meV / A
2026-02-25 05:10:46.502 DEBUG: Deleting old checkpoint file: /home/james/MACE-Helper/runs/hypothesis_test/direct_full/checkpoints/direct_full_run-42_epoch-73.pt
2026-02-25 05:10:46.503 DEBUG: Saving checkpoint: /home/james/MACE-Helper/runs/hypothesis_test/direct_full/checkpoints/direct_full_run-42_epoch-74.pt
2026-02-25 05:12:35.453 INFO: Epoch 75: head: Default, loss=0.00009415, MAE_E_per_atom=    0.21 meV, MAE_F=    1.96 meV / A
2026-02-25 05:14:24.622 INFO: Epoch 76: head: Default, loss=0.00009465, MAE_E_per_atom=    0.30 meV, MAE_F=    1.96 meV / A
2026-02-25 05:16:13.699 INFO: Epoch 77: head: Default, loss=0.00009482, MAE_E_per_atom=    0.22 meV, MAE_F=    1.96 meV / A
2026-02-25 05:18:02.411 INFO: Epoch 78: head: Default, loss=0.00009413, MAE_E_per_atom=    0.32 meV, MAE_F=    1.96 meV / A
2026-02-25 05:18:02.412 DEBUG: Deleting old checkpoint file: /home/james/MACE-Helper/runs/hypothesis_test/direct_full/checkpoints/direct_full_run-42_epoch-74.pt
2026-02-25 05:18:02.413 DEBUG: Saving checkpoint: /home/james/MACE-Helper/runs/hypothesis_test/direct_full/checkpoints/direct_full_run-42_epoch-78.pt
2026-02-25 05:19:51.057 INFO: Epoch 79: head: Default, loss=0.00009616, MAE_E_per_atom=    0.25 meV, MAE_F=    1.96 meV / A
2026-02-25 05:21:39.864 INFO: Epoch 80: head: Default, loss=0.00009293, MAE_E_per_atom=    0.26 meV, MAE_F=    1.96 meV / A
2026-02-25 05:21:39.865 DEBUG: Deleting old checkpoint file: /home/james/MACE-Helper/runs/hypothesis_test/direct_full/checkpoints/direct_full_run-42_epoch-78.pt
2026-02-25 05:21:39.866 DEBUG: Saving checkpoint: /home/james/MACE-Helper/runs/hypothesis_test/direct_full/checkpoints/direct_full_run-42_epoch-80.pt
2026-02-25 05:23:29.116 INFO: Epoch 81: head: Default, loss=0.00009981, MAE_E_per_atom=    1.22 meV, MAE_F=    2.04 meV / A
2026-02-25 05:25:18.147 INFO: Epoch 82: head: Default, loss=0.00009496, MAE_E_per_atom=    0.31 meV, MAE_F=    1.97 meV / A
2026-02-25 05:27:06.797 INFO: Epoch 83: head: Default, loss=0.00009305, MAE_E_per_atom=    0.19 meV, MAE_F=    1.96 meV / A
2026-02-25 05:28:56.071 INFO: Epoch 84: head: Default, loss=0.00009329, MAE_E_per_atom=    0.22 meV, MAE_F=    1.96 meV / A
2026-02-25 05:30:45.318 INFO: Epoch 85: head: Default, loss=0.00009276, MAE_E_per_atom=    0.24 meV, MAE_F=    1.95 meV / A
2026-02-25 05:30:45.319 DEBUG: Deleting old checkpoint file: /home/james/MACE-Helper/runs/hypothesis_test/direct_full/checkpoints/direct_full_run-42_epoch-80.pt
2026-02-25 05:30:45.321 DEBUG: Saving checkpoint: /home/james/MACE-Helper/runs/hypothesis_test/direct_full/checkpoints/direct_full_run-42_epoch-85.pt
2026-02-25 05:32:34.327 INFO: Epoch 86: head: Default, loss=0.00009312, MAE_E_per_atom=    0.23 meV, MAE_F=    1.95 meV / A
2026-02-25 05:34:23.276 INFO: Epoch 87: head: Default, loss=0.00009263, MAE_E_per_atom=    0.23 meV, MAE_F=    1.95 meV / A
2026-02-25 05:34:23.277 DEBUG: Deleting old checkpoint file: /home/james/MACE-Helper/runs/hypothesis_test/direct_full/checkpoints/direct_full_run-42_epoch-85.pt
2026-02-25 05:34:23.278 DEBUG: Saving checkpoint: /home/james/MACE-Helper/runs/hypothesis_test/direct_full/checkpoints/direct_full_run-42_epoch-87.pt
2026-02-25 05:36:11.923 INFO: Epoch 88: head: Default, loss=0.00009141, MAE_E_per_atom=    0.20 meV, MAE_F=    1.95 meV / A
2026-02-25 05:36:11.924 DEBUG: Deleting old checkpoint file: /home/james/MACE-Helper/runs/hypothesis_test/direct_full/checkpoints/direct_full_run-42_epoch-87.pt
2026-02-25 05:36:11.926 DEBUG: Saving checkpoint: /home/james/MACE-Helper/runs/hypothesis_test/direct_full/checkpoints/direct_full_run-42_epoch-88.pt
2026-02-25 05:38:01.159 INFO: Epoch 89: head: Default, loss=0.00009328, MAE_E_per_atom=    0.28 meV, MAE_F=    1.95 meV / A
2026-02-25 05:39:50.452 INFO: Epoch 90: head: Default, loss=0.00009158, MAE_E_per_atom=    0.24 meV, MAE_F=    1.94 meV / A
2026-02-25 05:41:39.651 INFO: Epoch 91: head: Default, loss=0.00009260, MAE_E_per_atom=    0.22 meV, MAE_F=    1.94 meV / A
2026-02-25 05:43:28.674 INFO: Epoch 92: head: Default, loss=0.00009228, MAE_E_per_atom=    0.34 meV, MAE_F=    1.95 meV / A
2026-02-25 05:45:17.636 INFO: Epoch 93: head: Default, loss=0.00009257, MAE_E_per_atom=    0.22 meV, MAE_F=    1.95 meV / A
2026-02-25 05:47:06.696 INFO: Epoch 94: head: Default, loss=0.00009131, MAE_E_per_atom=    0.25 meV, MAE_F=    1.94 meV / A
2026-02-25 05:47:06.697 DEBUG: Deleting old checkpoint file: /home/james/MACE-Helper/runs/hypothesis_test/direct_full/checkpoints/direct_full_run-42_epoch-88.pt
2026-02-25 05:47:06.698 DEBUG: Saving checkpoint: /home/james/MACE-Helper/runs/hypothesis_test/direct_full/checkpoints/direct_full_run-42_epoch-94.pt
2026-02-25 05:48:55.700 INFO: Epoch 95: head: Default, loss=0.00009201, MAE_E_per_atom=    0.23 meV, MAE_F=    1.94 meV / A
2026-02-25 05:50:44.707 INFO: Epoch 96: head: Default, loss=0.00009428, MAE_E_per_atom=    0.21 meV, MAE_F=    1.95 meV / A
2026-02-25 05:52:33.680 INFO: Epoch 97: head: Default, loss=0.00009391, MAE_E_per_atom=    0.28 meV, MAE_F=    1.95 meV / A
2026-02-25 05:54:22.941 INFO: Epoch 98: head: Default, loss=0.00009338, MAE_E_per_atom=    0.38 meV, MAE_F=    1.95 meV / A
2026-02-25 05:56:12.229 INFO: Epoch 99: head: Default, loss=0.00009289, MAE_E_per_atom=    0.32 meV, MAE_F=    1.94 meV / A
2026-02-25 05:58:01.499 INFO: Epoch 100: head: Default, loss=0.00009247, MAE_E_per_atom=    0.26 meV, MAE_F=    1.94 meV / A
2026-02-25 05:59:50.527 INFO: Epoch 101: head: Default, loss=0.00009121, MAE_E_per_atom=    0.27 meV, MAE_F=    1.94 meV / A
2026-02-25 05:59:50.528 DEBUG: Deleting old checkpoint file: /home/james/MACE-Helper/runs/hypothesis_test/direct_full/checkpoints/direct_full_run-42_epoch-94.pt
2026-02-25 05:59:50.529 DEBUG: Saving checkpoint: /home/james/MACE-Helper/runs/hypothesis_test/direct_full/checkpoints/direct_full_run-42_epoch-101.pt
2026-02-25 06:01:39.578 INFO: Epoch 102: head: Default, loss=0.00009001, MAE_E_per_atom=    0.22 meV, MAE_F=    1.93 meV / A
2026-02-25 06:01:39.579 DEBUG: Deleting old checkpoint file: /home/james/MACE-Helper/runs/hypothesis_test/direct_full/checkpoints/direct_full_run-42_epoch-101.pt
2026-02-25 06:01:39.581 DEBUG: Saving checkpoint: /home/james/MACE-Helper/runs/hypothesis_test/direct_full/checkpoints/direct_full_run-42_epoch-102.pt
2026-02-25 06:03:28.594 INFO: Epoch 103: head: Default, loss=0.00009225, MAE_E_per_atom=    0.19 meV, MAE_F=    1.94 meV / A
2026-02-25 06:05:17.584 INFO: Epoch 104: head: Default, loss=0.00009278, MAE_E_per_atom=    0.30 meV, MAE_F=    1.94 meV / A
2026-02-25 06:07:06.701 INFO: Epoch 105: head: Default, loss=0.00009037, MAE_E_per_atom=    0.21 meV, MAE_F=    1.93 meV / A
2026-02-25 06:08:55.734 INFO: Epoch 106: head: Default, loss=0.00009053, MAE_E_per_atom=    0.28 meV, MAE_F=    1.93 meV / A
2026-02-25 06:10:44.796 INFO: Epoch 107: head: Default, loss=0.00009131, MAE_E_per_atom=    0.30 meV, MAE_F=    1.93 meV / A
2026-02-25 06:12:33.422 INFO: Epoch 108: head: Default, loss=0.00008976, MAE_E_per_atom=    0.30 meV, MAE_F=    1.93 meV / A
2026-02-25 06:12:33.422 DEBUG: Deleting old checkpoint file: /home/james/MACE-Helper/runs/hypothesis_test/direct_full/checkpoints/direct_full_run-42_epoch-102.pt
2026-02-25 06:12:33.423 DEBUG: Saving checkpoint: /home/james/MACE-Helper/runs/hypothesis_test/direct_full/checkpoints/direct_full_run-42_epoch-108.pt
2026-02-25 06:14:22.062 INFO: Epoch 109: head: Default, loss=0.00009014, MAE_E_per_atom=    0.26 meV, MAE_F=    1.93 meV / A
2026-02-25 06:16:11.311 INFO: Epoch 110: head: Default, loss=0.00008968, MAE_E_per_atom=    0.22 meV, MAE_F=    1.93 meV / A
2026-02-25 06:16:11.312 DEBUG: Deleting old checkpoint file: /home/james/MACE-Helper/runs/hypothesis_test/direct_full/checkpoints/direct_full_run-42_epoch-108.pt
2026-02-25 06:16:11.313 DEBUG: Saving checkpoint: /home/james/MACE-Helper/runs/hypothesis_test/direct_full/checkpoints/direct_full_run-42_epoch-110.pt
2026-02-25 06:16:11.323 INFO: Changing loss based on Stage Two Weights
2026-02-25 06:18:00.359 INFO: Epoch 111: head: Default, loss=0.00000952, MAE_E_per_atom=    0.14 meV, MAE_F=    1.94 meV / A
2026-02-25 06:18:00.360 DEBUG: Saving checkpoint: /home/james/MACE-Helper/runs/hypothesis_test/direct_full/checkpoints/direct_full_run-42_epoch-111_swa.pt
2026-02-25 06:19:49.338 INFO: Epoch 112: head: Default, loss=0.00000948, MAE_E_per_atom=    0.14 meV, MAE_F=    1.94 meV / A
2026-02-25 06:19:49.339 DEBUG: Deleting old checkpoint file: /home/james/MACE-Helper/runs/hypothesis_test/direct_full/checkpoints/direct_full_run-42_epoch-111_swa.pt
2026-02-25 06:19:49.340 DEBUG: Saving checkpoint: /home/james/MACE-Helper/runs/hypothesis_test/direct_full/checkpoints/direct_full_run-42_epoch-112_swa.pt
2026-02-25 06:21:38.345 INFO: Epoch 113: head: Default, loss=0.00000947, MAE_E_per_atom=    0.13 meV, MAE_F=    1.94 meV / A
2026-02-25 06:21:38.346 DEBUG: Deleting old checkpoint file: /home/james/MACE-Helper/runs/hypothesis_test/direct_full/checkpoints/direct_full_run-42_epoch-112_swa.pt
2026-02-25 06:21:38.347 DEBUG: Saving checkpoint: /home/james/MACE-Helper/runs/hypothesis_test/direct_full/checkpoints/direct_full_run-42_epoch-113_swa.pt
2026-02-25 06:23:27.419 INFO: Epoch 114: head: Default, loss=0.00000948, MAE_E_per_atom=    0.13 meV, MAE_F=    1.94 meV / A
2026-02-25 06:25:16.424 INFO: Epoch 115: head: Default, loss=0.00000948, MAE_E_per_atom=    0.13 meV, MAE_F=    1.94 meV / A
2026-02-25 06:27:05.387 INFO: Epoch 116: head: Default, loss=0.00000949, MAE_E_per_atom=    0.13 meV, MAE_F=    1.94 meV / A
2026-02-25 06:28:54.340 INFO: Epoch 117: head: Default, loss=0.00000950, MAE_E_per_atom=    0.13 meV, MAE_F=    1.94 meV / A
2026-02-25 06:30:43.058 INFO: Epoch 118: head: Default, loss=0.00000951, MAE_E_per_atom=    0.13 meV, MAE_F=    1.94 meV / A
2026-02-25 06:32:31.658 INFO: Epoch 119: head: Default, loss=0.00000952, MAE_E_per_atom=    0.13 meV, MAE_F=    1.94 meV / A
2026-02-25 06:34:20.459 INFO: Epoch 120: head: Default, loss=0.00000953, MAE_E_per_atom=    0.13 meV, MAE_F=    1.94 meV / A
2026-02-25 06:36:09.612 INFO: Epoch 121: head: Default, loss=0.00000954, MAE_E_per_atom=    0.13 meV, MAE_F=    1.94 meV / A
2026-02-25 06:37:58.798 INFO: Epoch 122: head: Default, loss=0.00000954, MAE_E_per_atom=    0.13 meV, MAE_F=    1.94 meV / A
2026-02-25 06:39:48.059 INFO: Epoch 123: head: Default, loss=0.00000955, MAE_E_per_atom=    0.13 meV, MAE_F=    1.94 meV / A
2026-02-25 06:41:37.187 INFO: Epoch 124: head: Default, loss=0.00000956, MAE_E_per_atom=    0.13 meV, MAE_F=    1.94 meV / A
2026-02-25 06:43:26.203 INFO: Epoch 125: head: Default, loss=0.00000957, MAE_E_per_atom=    0.13 meV, MAE_F=    1.94 meV / A
2026-02-25 06:45:15.222 INFO: Epoch 126: head: Default, loss=0.00000958, MAE_E_per_atom=    0.13 meV, MAE_F=    1.95 meV / A
2026-02-25 06:47:04.240 INFO: Epoch 127: head: Default, loss=0.00000958, MAE_E_per_atom=    0.13 meV, MAE_F=    1.95 meV / A
2026-02-25 06:48:53.227 INFO: Epoch 128: head: Default, loss=0.00000959, MAE_E_per_atom=    0.13 meV, MAE_F=    1.95 meV / A
2026-02-25 06:50:42.373 INFO: Epoch 129: head: Default, loss=0.00000959, MAE_E_per_atom=    0.13 meV, MAE_F=    1.95 meV / A
2026-02-25 06:52:31.360 INFO: Epoch 130: head: Default, loss=0.00000960, MAE_E_per_atom=    0.13 meV, MAE_F=    1.95 meV / A
2026-02-25 06:54:20.340 INFO: Epoch 131: head: Default, loss=0.00000960, MAE_E_per_atom=    0.13 meV, MAE_F=    1.95 meV / A
2026-02-25 06:56:09.324 INFO: Epoch 132: head: Default, loss=0.00000961, MAE_E_per_atom=    0.13 meV, MAE_F=    1.95 meV / A
2026-02-25 06:57:58.302 INFO: Epoch 133: head: Default, loss=0.00000961, MAE_E_per_atom=    0.13 meV, MAE_F=    1.95 meV / A
2026-02-25 06:59:47.004 INFO: Epoch 134: head: Default, loss=0.00000962, MAE_E_per_atom=    0.13 meV, MAE_F=    1.95 meV / A
2026-02-25 07:01:35.671 INFO: Epoch 135: head: Default, loss=0.00000962, MAE_E_per_atom=    0.13 meV, MAE_F=    1.95 meV / A
2026-02-25 07:03:24.667 INFO: Epoch 136: head: Default, loss=0.00000962, MAE_E_per_atom=    0.13 meV, MAE_F=    1.95 meV / A
2026-02-25 07:05:13.639 INFO: Epoch 137: head: Default, loss=0.00000964, MAE_E_per_atom=    0.13 meV, MAE_F=    1.95 meV / A
2026-02-25 07:07:02.638 INFO: Epoch 138: head: Default, loss=0.00000963, MAE_E_per_atom=    0.13 meV, MAE_F=    1.95 meV / A
2026-02-25 07:08:51.737 INFO: Epoch 139: head: Default, loss=0.00000965, MAE_E_per_atom=    0.13 meV, MAE_F=    1.95 meV / A
2026-02-25 07:10:40.667 INFO: Epoch 140: head: Default, loss=0.00000966, MAE_E_per_atom=    0.13 meV, MAE_F=    1.95 meV / A
2026-02-25 07:12:29.679 INFO: Epoch 141: head: Default, loss=0.00000965, MAE_E_per_atom=    0.13 meV, MAE_F=    1.95 meV / A
2026-02-25 07:14:18.886 INFO: Epoch 142: head: Default, loss=0.00000966, MAE_E_per_atom=    0.13 meV, MAE_F=    1.95 meV / A
2026-02-25 07:16:08.118 INFO: Epoch 143: head: Default, loss=0.00000967, MAE_E_per_atom=    0.13 meV, MAE_F=    1.95 meV / A
2026-02-25 07:16:08.118 INFO: Stopping optimization after 30 epochs without improvement
2026-02-25 07:16:08.118 INFO: Training complete
2026-02-25 07:16:08.118 INFO: 
2026-02-25 07:16:08.118 INFO: ===========RESULTS===========
2026-02-25 07:16:08.119 INFO: Loading checkpoint: /home/james/MACE-Helper/runs/hypothesis_test/direct_full/checkpoints/direct_full_run-42_epoch-110.pt
2026-02-25 07:16:08.129 INFO: Loaded Stage one model from epoch 110 for evaluation
2026-02-25 07:16:08.129 INFO: Saving model to /home/james/MACE-Helper/runs/hypothesis_test/direct_full/checkpoints/direct_full_run-42.model
2026-02-25 07:16:08.215 INFO: Compiling model, saving metadata to /home/james/MACE-Helper/runs/hypothesis_test/direct_full/direct_full_compiled.model
2026-02-25 07:16:08.511 INFO: Computing metrics for training, validation, and test sets
2026-02-25 07:16:08.511 INFO: Skipping evaluation for heads: ['pt_head']
2026-02-25 07:16:08.511 INFO: Evaluating train_Default ...
2026-02-25 07:16:48.915 INFO: Evaluating valid_Default ...
2026-02-25 07:16:53.252 INFO: Error-table on TRAIN and VALID:
+---------------+--------------------+-----------------+------------------+
|  config_type  | MAE E / meV / atom | MAE F / meV / A | relative F MAE % |
+---------------+--------------------+-----------------+------------------+
| train_Default |           0.2      |          1.9    |         6.75     |
| valid_Default |           0.2      |          1.9    |         6.67     |
+---------------+--------------------+-----------------+------------------+
2026-02-25 07:16:53.252 DEBUG: Running inference on train_Default dataset
2026-02-25 07:16:53.386 DEBUG: Plotting failed: too many indices for tensor of dimension 1
2026-02-25 07:16:53.386 INFO: Loading checkpoint: /home/james/MACE-Helper/runs/hypothesis_test/direct_full/checkpoints/direct_full_run-42_epoch-113_swa.pt
2026-02-25 07:16:53.397 INFO: Loaded Stage two model from epoch 113 for evaluation
2026-02-25 07:16:53.397 INFO: Saving model to /home/james/MACE-Helper/runs/hypothesis_test/direct_full/checkpoints/direct_full_run-42_stagetwo.model
2026-02-25 07:16:53.492 INFO: Compiling model, saving metadata /home/james/MACE-Helper/runs/hypothesis_test/direct_full/direct_full_stagetwo_compiled.model
2026-02-25 07:16:53.774 INFO: Computing metrics for training, validation, and test sets
2026-02-25 07:16:53.775 INFO: Skipping evaluation for heads: ['pt_head']
2026-02-25 07:16:53.775 INFO: Evaluating train_Default ...
2026-02-25 07:17:34.155 INFO: Evaluating valid_Default ...
2026-02-25 07:17:38.487 INFO: Error-table on TRAIN and VALID:
+---------------+--------------------+-----------------+------------------+
|  config_type  | MAE E / meV / atom | MAE F / meV / A | relative F MAE % |
+---------------+--------------------+-----------------+------------------+
| train_Default |           0.1      |          1.9    |         6.78     |
| valid_Default |           0.1      |          1.9    |         6.70     |
+---------------+--------------------+-----------------+------------------+
2026-02-25 07:17:38.487 DEBUG: Running inference on train_Default dataset
2026-02-25 07:17:38.626 DEBUG: Plotting failed: too many indices for tensor of dimension 1
2026-02-25 07:17:38.626 INFO: Done
