2026-02-24 10:26:14.816 INFO: ===========VERIFYING SETTINGS===========
2026-02-24 10:26:14.816 INFO: MACE version: 0.3.14
2026-02-24 10:26:14.951 INFO: CUDA version: 13.0, CUDA device: 0
2026-02-24 10:26:14.978 INFO: ===========LOADING INPUT DATA===========
2026-02-24 10:26:14.978 INFO: Using heads: ['Default']
2026-02-24 10:26:14.978 INFO: Using the key specifications to parse data:
2026-02-24 10:26:14.978 INFO: Default: KeySpecification(info_keys={'energy': 'REF_energy', 'stress': 'REF_stress', 'virials': 'REF_virials', 'dipole': 'dipole', 'head': 'head', 'elec_temp': 'elec_temp', 'total_charge': 'total_charge', 'polarizability': 'polarizability', 'total_spin': 'total_spin'}, arrays_keys={'forces': 'REF_forces', 'charges': 'REF_charges'})
2026-02-24 10:26:14.978 INFO: =============    Processing head Default     ===========
2026-02-24 10:26:15.006 INFO: Training set 1/1 [energy: 50, stress: 0, virials: 0, dipole components: 0, head: 50, elec_temp: 0, total_charge: 0, polarizability: 0, total_spin: 0, forces: 50, charges: 0]
2026-02-24 10:26:15.006 INFO: Total Training set [energy: 50, stress: 0, virials: 0, dipole components: 0, head: 50, elec_temp: 0, total_charge: 0, polarizability: 0, total_spin: 0, forces: 50, charges: 0]
2026-02-24 10:26:15.064 INFO: Validation set 1/1 [energy: 159, stress: 0, virials: 0, dipole components: 0, head: 159, elec_temp: 0, total_charge: 0, polarizability: 0, total_spin: 0, forces: 159, charges: 0]
2026-02-24 10:26:15.064 INFO: Total Validation set [energy: 159, stress: 0, virials: 0, dipole components: 0, head: 159, elec_temp: 0, total_charge: 0, polarizability: 0, total_spin: 0, forces: 159, charges: 0]
2026-02-24 10:26:15.064 INFO: Total number of configurations: train=50, valid=159, tests=[],
2026-02-24 10:26:15.066 INFO: Atomic Numbers used: [np.int64(1), np.int64(8)]
2026-02-24 10:26:15.066 INFO: Isolated Atomic Energies (E0s) not in training file, using command line argument
2026-02-24 10:26:15.066 INFO: Computing average Atomic Energies using least squares regression
2026-02-24 10:26:15.066 INFO: Atomic Energies used (z: eV) for head Default: {1: 52.08840789694437, 8: 26.044203948472184}
2026-02-24 10:26:15.066 INFO: Processing datasets for head 'Default'
2026-02-24 10:26:15.079 INFO: Combining 1 list datasets for head 'Default'
2026-02-24 10:26:15.117 INFO: Combining 1 list datasets for head 'Default_valid'
2026-02-24 10:26:15.117 INFO: Combined validation datasets for Default
2026-02-24 10:26:15.117 INFO: Head 'Default' training dataset size: 50
2026-02-24 10:26:15.118 INFO: Computing average number of neighbors
2026-02-24 10:26:15.306 INFO: Average number of neighbors: 5.569878472222222
2026-02-24 10:26:15.306 INFO: During training the following quantities will be reported: energy, forces
2026-02-24 10:26:15.306 INFO: ===========MODEL DETAILS===========
2026-02-24 10:26:15.316 INFO: Building model
2026-02-24 10:26:15.316 INFO: Message passing with 64 channels and max_L=1 (64x0e+64x1o)
2026-02-24 10:26:15.316 INFO: 2 layers, each with correlation order: 3 (body order: 4) and spherical harmonics up to: l=3
2026-02-24 10:26:15.316 INFO: 8 radial and 5 basis functions
2026-02-24 10:26:15.316 INFO: Radial cutoff: 5.0 A (total receptive field for each atom: 10.0 A)
2026-02-24 10:26:15.316 INFO: Distance transform for radial basis functions: None
2026-02-24 10:26:15.316 INFO: Hidden irreps: 64x0e+64x1o
2026-02-24 10:26:15.856 INFO: Total number of parameters: 213456
2026-02-24 10:26:15.856 INFO: 
2026-02-24 10:26:15.856 INFO: ===========OPTIMIZER INFORMATION===========
2026-02-24 10:26:15.856 INFO: Using ADAM as parameter optimizer
2026-02-24 10:26:15.856 INFO: Batch size: 4
2026-02-24 10:26:15.856 INFO: Using Exponential Moving Average with decay: 0.99
2026-02-24 10:26:15.857 INFO: Number of gradient updates: 1875
2026-02-24 10:26:15.857 INFO: Learning rate: 0.01, weight decay: 5e-07
2026-02-24 10:26:15.857 INFO: WeightedEnergyForcesLoss(energy_weight=1.000, forces_weight=100.000)
2026-02-24 10:26:15.857 INFO: Stage Two (after 111 epochs) with loss function: WeightedEnergyForcesLoss(energy_weight=100.000, forces_weight=10.000), with energy weight : 100.0, forces weight : 10.0 and learning rate : 0.001
2026-02-24 10:26:15.899 INFO: Using gradient clipping with tolerance=10.000
2026-02-24 10:26:15.899 INFO: 
2026-02-24 10:26:15.899 INFO: ===========TRAINING===========
2026-02-24 10:26:15.899 INFO: Started training, reporting errors on validation set
2026-02-24 10:26:15.899 INFO: Loss metrics on validation set
2026-02-24 10:26:21.442 INFO: Initial: head: Default, loss=68.10015914, MAE_E_per_atom=   82.09 meV, MAE_F= 2132.42 meV / A
2026-02-24 10:26:30.231 INFO: Epoch 0: head: Default, loss=68.08982599, MAE_E_per_atom=   80.43 meV, MAE_F= 2133.29 meV / A
2026-02-24 10:26:37.893 INFO: Epoch 1: head: Default, loss=68.04526020, MAE_E_per_atom=   81.15 meV, MAE_F= 2131.80 meV / A
2026-02-24 10:26:45.553 INFO: Epoch 2: head: Default, loss=68.04142822, MAE_E_per_atom=   80.62 meV, MAE_F= 2131.71 meV / A
2026-02-24 10:26:53.213 INFO: Epoch 3: head: Default, loss=68.04754524, MAE_E_per_atom=   80.42 meV, MAE_F= 2131.87 meV / A
2026-02-24 10:27:00.862 INFO: Epoch 4: head: Default, loss=68.04347844, MAE_E_per_atom=   80.56 meV, MAE_F= 2131.76 meV / A
2026-02-24 10:27:08.506 INFO: Epoch 5: head: Default, loss=68.05044481, MAE_E_per_atom=   80.26 meV, MAE_F= 2132.07 meV / A
2026-02-24 10:27:16.297 INFO: Epoch 6: head: Default, loss=68.04452892, MAE_E_per_atom=   80.67 meV, MAE_F= 2132.02 meV / A
2026-02-24 10:27:23.938 INFO: Epoch 7: head: Default, loss=68.03284718, MAE_E_per_atom=   81.81 meV, MAE_F= 2131.83 meV / A
2026-02-24 10:27:31.604 INFO: Epoch 8: head: Default, loss=68.03024989, MAE_E_per_atom=   80.56 meV, MAE_F= 2131.60 meV / A
2026-02-24 10:27:39.265 INFO: Epoch 9: head: Default, loss=68.03609312, MAE_E_per_atom=   80.79 meV, MAE_F= 2131.75 meV / A
2026-02-24 10:27:46.910 INFO: Epoch 10: head: Default, loss=68.03483062, MAE_E_per_atom=   83.34 meV, MAE_F= 2131.71 meV / A
2026-02-24 10:27:54.552 INFO: Epoch 11: head: Default, loss=68.03805674, MAE_E_per_atom=   86.47 meV, MAE_F= 2131.95 meV / A
2026-02-24 10:28:02.196 INFO: Epoch 12: head: Default, loss=68.03677271, MAE_E_per_atom=   88.98 meV, MAE_F= 2131.92 meV / A
2026-02-24 10:28:09.837 INFO: Epoch 13: head: Default, loss=68.04409345, MAE_E_per_atom=   94.09 meV, MAE_F= 2132.09 meV / A
2026-02-24 10:28:17.481 INFO: Epoch 14: head: Default, loss=68.03924772, MAE_E_per_atom=   95.04 meV, MAE_F= 2131.84 meV / A
2026-02-24 10:28:25.127 INFO: Epoch 15: head: Default, loss=68.04154268, MAE_E_per_atom=   94.85 meV, MAE_F= 2131.96 meV / A
2026-02-24 10:28:32.762 INFO: Epoch 16: head: Default, loss=68.03695733, MAE_E_per_atom=   92.48 meV, MAE_F= 2131.76 meV / A
2026-02-24 10:28:40.405 INFO: Epoch 17: head: Default, loss=68.04321003, MAE_E_per_atom=   91.89 meV, MAE_F= 2131.97 meV / A
2026-02-24 10:28:48.050 INFO: Epoch 18: head: Default, loss=68.04964851, MAE_E_per_atom=   91.47 meV, MAE_F= 2132.06 meV / A
2026-02-24 10:28:55.692 INFO: Epoch 19: head: Default, loss=68.04257476, MAE_E_per_atom=   92.69 meV, MAE_F= 2131.87 meV / A
2026-02-24 10:29:03.344 INFO: Epoch 20: head: Default, loss=68.04015091, MAE_E_per_atom=   94.01 meV, MAE_F= 2131.86 meV / A
2026-02-24 10:29:10.982 INFO: Epoch 21: head: Default, loss=68.04388856, MAE_E_per_atom=   94.80 meV, MAE_F= 2132.07 meV / A
2026-02-24 10:29:18.625 INFO: Epoch 22: head: Default, loss=68.03854396, MAE_E_per_atom=   92.63 meV, MAE_F= 2132.02 meV / A
2026-02-24 10:29:26.247 INFO: Epoch 23: head: Default, loss=68.03984183, MAE_E_per_atom=   90.27 meV, MAE_F= 2132.01 meV / A
2026-02-24 10:29:33.868 INFO: Epoch 24: head: Default, loss=68.04290957, MAE_E_per_atom=   88.22 meV, MAE_F= 2132.00 meV / A
2026-02-24 10:29:41.488 INFO: Epoch 25: head: Default, loss=68.04081813, MAE_E_per_atom=   86.94 meV, MAE_F= 2132.06 meV / A
2026-02-24 10:29:49.103 INFO: Epoch 26: head: Default, loss=68.03723003, MAE_E_per_atom=   85.12 meV, MAE_F= 2131.98 meV / A
2026-02-24 10:29:56.722 INFO: Epoch 27: head: Default, loss=68.04191002, MAE_E_per_atom=   84.25 meV, MAE_F= 2132.11 meV / A
2026-02-24 10:30:04.367 INFO: Epoch 28: head: Default, loss=68.04092540, MAE_E_per_atom=   83.88 meV, MAE_F= 2132.09 meV / A
2026-02-24 10:30:12.013 INFO: Epoch 29: head: Default, loss=68.05168836, MAE_E_per_atom=   84.22 meV, MAE_F= 2132.37 meV / A
2026-02-24 10:30:19.662 INFO: Epoch 30: head: Default, loss=68.05748204, MAE_E_per_atom=   85.43 meV, MAE_F= 2132.46 meV / A
2026-02-24 10:30:27.312 INFO: Epoch 31: head: Default, loss=68.06648326, MAE_E_per_atom=   85.56 meV, MAE_F= 2132.67 meV / A
2026-02-24 10:30:34.969 INFO: Epoch 32: head: Default, loss=68.05931456, MAE_E_per_atom=   85.43 meV, MAE_F= 2132.54 meV / A
2026-02-24 10:30:42.587 INFO: Epoch 33: head: Default, loss=68.06422079, MAE_E_per_atom=   85.06 meV, MAE_F= 2132.64 meV / A
2026-02-24 10:30:50.208 INFO: Epoch 34: head: Default, loss=68.05390047, MAE_E_per_atom=   85.09 meV, MAE_F= 2132.45 meV / A
2026-02-24 10:30:57.829 INFO: Epoch 35: head: Default, loss=68.05443104, MAE_E_per_atom=   85.48 meV, MAE_F= 2132.50 meV / A
2026-02-24 10:31:05.460 INFO: Epoch 36: head: Default, loss=68.05843334, MAE_E_per_atom=   85.39 meV, MAE_F= 2132.59 meV / A
2026-02-24 10:31:13.113 INFO: Epoch 37: head: Default, loss=68.06966629, MAE_E_per_atom=   84.84 meV, MAE_F= 2132.84 meV / A
2026-02-24 10:31:20.785 INFO: Epoch 38: head: Default, loss=68.08246092, MAE_E_per_atom=   84.24 meV, MAE_F= 2133.10 meV / A
2026-02-24 10:31:20.785 INFO: Stopping optimization after 30 epochs without improvement and starting Stage Two
2026-02-24 10:31:20.785 INFO: Changing loss based on Stage Two Weights
2026-02-24 10:31:28.434 INFO: Epoch 112: head: Default, loss=6.92289690, MAE_E_per_atom=   83.79 meV, MAE_F= 2133.10 meV / A
2026-02-24 10:31:36.134 INFO: Epoch 113: head: Default, loss=6.92216524, MAE_E_per_atom=   83.15 meV, MAE_F= 2133.11 meV / A
2026-02-24 10:31:43.792 INFO: Epoch 114: head: Default, loss=6.92145561, MAE_E_per_atom=   82.36 meV, MAE_F= 2133.16 meV / A
2026-02-24 10:31:51.456 INFO: Epoch 115: head: Default, loss=6.92104137, MAE_E_per_atom=   81.71 meV, MAE_F= 2133.25 meV / A
2026-02-24 10:31:59.118 INFO: Epoch 116: head: Default, loss=6.92096408, MAE_E_per_atom=   81.20 meV, MAE_F= 2133.37 meV / A
2026-02-24 10:32:06.787 INFO: Epoch 117: head: Default, loss=6.92124352, MAE_E_per_atom=   80.95 meV, MAE_F= 2133.52 meV / A
2026-02-24 10:32:14.425 INFO: Epoch 118: head: Default, loss=6.92182098, MAE_E_per_atom=   80.76 meV, MAE_F= 2133.69 meV / A
2026-02-24 10:32:22.078 INFO: Epoch 119: head: Default, loss=6.92266037, MAE_E_per_atom=   80.57 meV, MAE_F= 2133.88 meV / A
2026-02-24 10:32:29.714 INFO: Epoch 120: head: Default, loss=6.92361722, MAE_E_per_atom=   80.38 meV, MAE_F= 2134.07 meV / A
2026-02-24 10:32:37.353 INFO: Epoch 121: head: Default, loss=6.92467625, MAE_E_per_atom=   80.25 meV, MAE_F= 2134.27 meV / A
2026-02-24 10:32:45.013 INFO: Epoch 122: head: Default, loss=6.92571057, MAE_E_per_atom=   80.17 meV, MAE_F= 2134.47 meV / A
2026-02-24 10:32:52.653 INFO: Epoch 123: head: Default, loss=6.92673454, MAE_E_per_atom=   80.14 meV, MAE_F= 2134.67 meV / A
2026-02-24 10:33:00.310 INFO: Epoch 124: head: Default, loss=6.92772492, MAE_E_per_atom=   80.10 meV, MAE_F= 2134.86 meV / A
2026-02-24 10:33:07.957 INFO: Epoch 125: head: Default, loss=6.92864751, MAE_E_per_atom=   80.06 meV, MAE_F= 2135.04 meV / A
2026-02-24 10:33:15.608 INFO: Epoch 126: head: Default, loss=6.92946823, MAE_E_per_atom=   80.02 meV, MAE_F= 2135.20 meV / A
2026-02-24 10:33:23.248 INFO: Epoch 127: head: Default, loss=6.93033356, MAE_E_per_atom=   79.98 meV, MAE_F= 2135.37 meV / A
2026-02-24 10:33:30.892 INFO: Epoch 128: head: Default, loss=6.93120524, MAE_E_per_atom=   79.92 meV, MAE_F= 2135.55 meV / A
2026-02-24 10:33:38.532 INFO: Epoch 129: head: Default, loss=6.93185281, MAE_E_per_atom=   79.83 meV, MAE_F= 2135.71 meV / A
2026-02-24 10:33:46.174 INFO: Epoch 130: head: Default, loss=6.93241532, MAE_E_per_atom=   79.75 meV, MAE_F= 2135.87 meV / A
2026-02-24 10:33:53.815 INFO: Epoch 131: head: Default, loss=6.93301414, MAE_E_per_atom=   79.69 meV, MAE_F= 2136.00 meV / A
2026-02-24 10:34:01.444 INFO: Epoch 132: head: Default, loss=6.93362379, MAE_E_per_atom=   79.64 meV, MAE_F= 2136.13 meV / A
2026-02-24 10:34:09.089 INFO: Epoch 133: head: Default, loss=6.93412871, MAE_E_per_atom=   79.59 meV, MAE_F= 2136.24 meV / A
2026-02-24 10:34:16.738 INFO: Epoch 134: head: Default, loss=6.93461129, MAE_E_per_atom=   79.55 meV, MAE_F= 2136.35 meV / A
2026-02-24 10:34:24.395 INFO: Epoch 135: head: Default, loss=6.93517217, MAE_E_per_atom=   79.53 meV, MAE_F= 2136.46 meV / A
2026-02-24 10:34:32.053 INFO: Epoch 136: head: Default, loss=6.93567754, MAE_E_per_atom=   79.49 meV, MAE_F= 2136.57 meV / A
2026-02-24 10:34:39.703 INFO: Epoch 137: head: Default, loss=6.93620385, MAE_E_per_atom=   79.47 meV, MAE_F= 2136.68 meV / A
2026-02-24 10:34:47.346 INFO: Epoch 138: head: Default, loss=6.93675173, MAE_E_per_atom=   79.46 meV, MAE_F= 2136.78 meV / A
2026-02-24 10:34:54.992 INFO: Epoch 139: head: Default, loss=6.93719861, MAE_E_per_atom=   79.43 meV, MAE_F= 2136.88 meV / A
2026-02-24 10:35:02.643 INFO: Epoch 140: head: Default, loss=6.93763646, MAE_E_per_atom=   79.41 meV, MAE_F= 2136.98 meV / A
2026-02-24 10:35:10.296 INFO: Epoch 141: head: Default, loss=6.93810167, MAE_E_per_atom=   79.39 meV, MAE_F= 2137.08 meV / A
2026-02-24 10:35:17.932 INFO: Epoch 142: head: Default, loss=6.93838447, MAE_E_per_atom=   79.33 meV, MAE_F= 2137.17 meV / A
2026-02-24 10:35:25.585 INFO: Epoch 143: head: Default, loss=6.93869700, MAE_E_per_atom=   79.29 meV, MAE_F= 2137.26 meV / A
2026-02-24 10:35:33.240 INFO: Epoch 144: head: Default, loss=6.93891021, MAE_E_per_atom=   79.24 meV, MAE_F= 2137.33 meV / A
2026-02-24 10:35:40.882 INFO: Epoch 145: head: Default, loss=6.93919819, MAE_E_per_atom=   79.20 meV, MAE_F= 2137.41 meV / A
2026-02-24 10:35:48.531 INFO: Epoch 146: head: Default, loss=6.93956709, MAE_E_per_atom=   79.18 meV, MAE_F= 2137.49 meV / A
2026-02-24 10:35:48.532 INFO: Stopping optimization after 30 epochs without improvement
2026-02-24 10:35:48.532 INFO: Training complete
2026-02-24 10:35:48.532 INFO: 
2026-02-24 10:35:48.532 INFO: ===========RESULTS===========
2026-02-24 10:35:48.532 INFO: Loading checkpoint: /home/james/MACE-Helper/runs/hypothesis_test/delta_N50_s123/checkpoints/delta_N50_s123_run-123_epoch-8.pt
2026-02-24 10:35:48.543 INFO: Loaded Stage one model from epoch 8 for evaluation
2026-02-24 10:35:48.543 INFO: Saving model to /home/james/MACE-Helper/runs/hypothesis_test/delta_N50_s123/checkpoints/delta_N50_s123_run-123.model
2026-02-24 10:35:48.630 INFO: Compiling model, saving metadata to /home/james/MACE-Helper/runs/hypothesis_test/delta_N50_s123/delta_N50_s123_compiled.model
2026-02-24 10:35:48.937 INFO: Computing metrics for training, validation, and test sets
2026-02-24 10:35:48.938 INFO: Skipping evaluation for heads: ['pt_head']
2026-02-24 10:35:48.938 INFO: Evaluating train_Default ...
2026-02-24 10:35:50.243 INFO: Evaluating valid_Default ...
2026-02-24 10:35:54.589 INFO: Error-table on TRAIN and VALID:
+---------------+--------------------+-----------------+------------------+
|  config_type  | MAE E / meV / atom | MAE F / meV / A | relative F MAE % |
+---------------+--------------------+-----------------+------------------+
| train_Default |          62.3      |       2154.7    |        99.91     |
| valid_Default |          80.6      |       2131.6    |        99.97     |
+---------------+--------------------+-----------------+------------------+
2026-02-24 10:35:54.723 INFO: Loading checkpoint: /home/james/MACE-Helper/runs/hypothesis_test/delta_N50_s123/checkpoints/delta_N50_s123_run-123_epoch-116_swa.pt
2026-02-24 10:35:54.734 INFO: Loaded Stage two model from epoch 116 for evaluation
2026-02-24 10:35:54.735 INFO: Saving model to /home/james/MACE-Helper/runs/hypothesis_test/delta_N50_s123/checkpoints/delta_N50_s123_run-123_stagetwo.model
2026-02-24 10:35:54.824 INFO: Compiling model, saving metadata /home/james/MACE-Helper/runs/hypothesis_test/delta_N50_s123/delta_N50_s123_stagetwo_compiled.model
2026-02-24 10:35:55.110 INFO: Computing metrics for training, validation, and test sets
2026-02-24 10:35:55.110 INFO: Skipping evaluation for heads: ['pt_head']
2026-02-24 10:35:55.110 INFO: Evaluating train_Default ...
2026-02-24 10:35:56.390 INFO: Evaluating valid_Default ...
2026-02-24 10:36:00.756 INFO: Error-table on TRAIN and VALID:
+---------------+--------------------+-----------------+------------------+
|  config_type  | MAE E / meV / atom | MAE F / meV / A | relative F MAE % |
+---------------+--------------------+-----------------+------------------+
| train_Default |          67.4      |       2149.2    |        99.73     |
| valid_Default |          81.2      |       2133.4    |       100.05     |
+---------------+--------------------+-----------------+------------------+
2026-02-24 10:36:00.894 INFO: Done
